<?xml version="1.0" encoding="UTF-8" standalone="yes"?><!DOCTYPE report PUBLIC "-//JACOCO//DTD Report 1.1//EN" "report.dtd"><report name="java-machine-learning"><sessioninfo id="Jacobs-MacBook-Pro.local-eeb2791" start="1632845484977" dump="1632845491603"/><sessioninfo id="Jacobs-MacBook-Pro.local-d1d78cb5" start="1632845609342" dump="1632845616097"/><sessioninfo id="Jacobs-MacBook-Pro.local-e32e3ed5" start="1632845823014" dump="1632845829611"/><sessioninfo id="Jacobs-MacBook-Pro.local-b085bda1" start="1632845863722" dump="1632845870145"/><sessioninfo id="Jacobs-MacBook-Pro.local-86f3779c" start="1632845910473" dump="1632845917140"/><sessioninfo id="Jacobs-MacBook-Pro.local-9b40657d" start="1632845946810" dump="1632845953295"/><sessioninfo id="Jacobs-MacBook-Pro.local-c6692e6" start="1632846118558" dump="1632846124956"/><sessioninfo id="Jacobs-MacBook-Pro.local-6e68a9e7" start="1632846158858" dump="1632846165794"/><sessioninfo id="Jacobs-MacBook-Pro.local-80402ce6" start="1632846182413" dump="1632846188917"/><sessioninfo id="Jacobs-MacBook-Pro.local-7f36d275" start="1632846221525" dump="1632846228042"/><sessioninfo id="Jacobs-MacBook-Pro.local-e52c73a1" start="1632846291040" dump="1632846299154"/><sessioninfo id="Jacobs-MacBook-Pro.local-b37cb0c2" start="1632846504973" dump="1632846511526"/><sessioninfo id="Jacobs-MacBook-Pro.local-17cae59a" start="1632846529991" dump="1632846536622"/><sessioninfo id="Jacobs-MacBook-Pro.local-778071a" start="1632846882079" dump="1632846888680"/><sessioninfo id="Jacobs-MacBook-Pro.local-67d1f3c4" start="1632846926625" dump="1632846933170"/><sessioninfo id="Jacobs-MacBook-Pro.local-a782f394" start="1632847090718" dump="1632847097325"/><sessioninfo id="Jacobs-MacBook-Pro.local-fbfc0dd4" start="1632847314612" dump="1632847321113"/><sessioninfo id="Jacobs-MacBook-Pro.local-f088d602" start="1632847319467" dump="1632847324545"/><sessioninfo id="Jacobs-MacBook-Pro.local-e4a2f5ae" start="1632847349415" dump="1632847356204"/><sessioninfo id="Jacobs-MacBook-Pro.local-6a165012" start="1632847443114" dump="1632847449882"/><sessioninfo id="Jacobs-MacBook-Pro.local-c641ab0c" start="1632847529201" dump="1632847535852"/><sessioninfo id="Jacobs-MacBook-Pro.local-14a889e9" start="1632847650153" dump="1632847656857"/><sessioninfo id="Jacobs-MacBook-Pro.local-54f3391b" start="1632847806679" dump="1632847814805"/><sessioninfo id="Jacobs-MacBook-Pro.local-852fb04a" start="1632847862515" dump="1632847869816"/><sessioninfo id="Jacobs-MacBook-Pro.local-496fa473" start="1632847892042" dump="1632847898918"/><sessioninfo id="Jacobs-MacBook-Pro.local-5a263b7a" start="1632847921109" dump="1632847927796"/><sessioninfo id="Jacobs-MacBook-Pro.local-cacf00a7" start="1632848108267" dump="1632848115401"/><sessioninfo id="Jacobs-MacBook-Pro.local-1885ea87" start="1632848157571" dump="1632848163906"/><sessioninfo id="Jacobs-MacBook-Pro.local-7f21f8a2" start="1632848246699" dump="1632848253046"/><sessioninfo id="Jacobs-MacBook-Pro.local-823bd378" start="1632848665220" dump="1632848671685"/><sessioninfo id="Jacobs-MacBook-Pro.local-e1e243a7" start="1632848989463" dump="1632848996190"/><sessioninfo id="Jacobs-MacBook-Pro.local-38b1f8e" start="1632848991805" dump="1632848996960"/><sessioninfo id="Jacobs-MacBook-Pro.local-4204563f" start="1632849012235" dump="1632849020110"/><sessioninfo id="Jacobs-MacBook-Pro.local-11acb26b" start="1632849019308" dump="1632849024399"/><sessioninfo id="Jacobs-MacBook-Pro.local-b58239a9" start="1632849058738" dump="1632849065297"/><sessioninfo id="Jacobs-MacBook-Pro.local-b6db6625" start="1632849081106" dump="1632849088488"/><sessioninfo id="Jacobs-MacBook-Pro.local-3a7ac77d" start="1632849117781" dump="1632849124519"/><sessioninfo id="Jacobs-MacBook-Pro.local-ed41e7a2" start="1632849134505" dump="1632849141177"/><sessioninfo id="Jacobs-MacBook-Pro.local-910199d4" start="1632849269035" dump="1632849275482"/><sessioninfo id="Jacobs-MacBook-Pro.local-a9003d6" start="1632849424760" dump="1632849431203"/><sessioninfo id="Jacobs-MacBook-Pro.local-3e15188b" start="1632849529993" dump="1632849536331"/><sessioninfo id="Jacobs-MacBook-Pro.local-d43c3392" start="1632849614040" dump="1632849621095"/><sessioninfo id="Jacobs-MacBook-Pro.local-2b6b634d" start="1632849714062" dump="1632849721849"/><sessioninfo id="Jacobs-MacBook-Pro.local-4b90852d" start="1632849780045" dump="1632849787067"/><sessioninfo id="Jacobs-MacBook-Pro.local-62191ad1" start="1632849827757" dump="1632849834798"/><sessioninfo id="Jacobs-MacBook-Pro.local-578912a5" start="1632849847085" dump="1632849853702"/><sessioninfo id="Jacobs-MacBook-Pro.local-31d482f8" start="1632849878803" dump="1632849885801"/><sessioninfo id="Jacobs-MacBook-Pro.local-b2e0cdca" start="1632849910007" dump="1632849916737"/><sessioninfo id="Jacobs-MacBook-Pro.local-50a93a74" start="1632849926456" dump="1632849933139"/><sessioninfo id="Jacobs-MacBook-Pro.local-4b6a4b52" start="1632850013382" dump="1632850019906"/><sessioninfo id="Jacobs-MacBook-Pro.local-34479113" start="1632850312297" dump="1632850318674"/><sessioninfo id="Jacobs-MacBook-Pro.local-2c9ef20c" start="1632850363786" dump="1632850370497"/><sessioninfo id="Jacobs-MacBook-Pro.local-8b98df62" start="1632850413278" dump="1632850420443"/><sessioninfo id="Jacobs-MacBook-Pro.local-ea80be9f" start="1632850414967" dump="1632850423551"/><sessioninfo id="DESKTOP-3F0SSFQ-1e05dbdf" start="1632855969761" dump="1632855970511"/><sessioninfo id="DESKTOP-3F0SSFQ-c5b15b8e" start="1632856383887" dump="1632856384687"/><sessioninfo id="DESKTOP-3F0SSFQ-1f0e2d38" start="1632856398303" dump="1632856399343"/><sessioninfo id="DESKTOP-3F0SSFQ-c52f8e8a" start="1632856456555" dump="1632856457390"/><sessioninfo id="DESKTOP-3F0SSFQ-286c7c2b" start="1632858820518" dump="1632858821262"/><sessioninfo id="DESKTOP-3F0SSFQ-885222ea" start="1632859446406" dump="1632859447156"/><sessioninfo id="DESKTOP-3F0SSFQ-b6bc4324" start="1632859502810" dump="1632859503567"/><sessioninfo id="DESKTOP-3F0SSFQ-db382519" start="1632871505932" dump="1632871507133"/><sessioninfo id="DESKTOP-3F0SSFQ-acb8908b" start="1632872232658" dump="1632872233649"/><sessioninfo id="DESKTOP-3F0SSFQ-849452d5" start="1632872402021" dump="1632872403170"/><sessioninfo id="DESKTOP-3F0SSFQ-1c550914" start="1632872506142" dump="1632872507219"/><sessioninfo id="DESKTOP-3F0SSFQ-4c6bdbec" start="1632872882026" dump="1632872883059"/><sessioninfo id="DESKTOP-3F0SSFQ-6c91adc9" start="1632872912291" dump="1632872913357"/><sessioninfo id="DESKTOP-3F0SSFQ-dd89c80e" start="1632872959545" dump="1632872960565"/><sessioninfo id="DESKTOP-3F0SSFQ-826c44aa" start="1632872980190" dump="1632872981262"/><sessioninfo id="DESKTOP-3F0SSFQ-568ed224" start="1632873005067" dump="1632873006173"/><sessioninfo id="DESKTOP-3F0SSFQ-1d358134" start="1632873044010" dump="1632873045012"/><sessioninfo id="DESKTOP-3F0SSFQ-4dced3cf" start="1632873064311" dump="1632873065653"/><sessioninfo id="DESKTOP-3F0SSFQ-e9237991" start="1632873094797" dump="1632873095872"/><sessioninfo id="DESKTOP-3F0SSFQ-4b29cdc4" start="1632873107431" dump="1632873108511"/><sessioninfo id="DESKTOP-3F0SSFQ-6075b39a" start="1632873177641" dump="1632873178688"/><sessioninfo id="DESKTOP-3F0SSFQ-7e7aac23" start="1632873187408" dump="1632873188478"/><sessioninfo id="DESKTOP-3F0SSFQ-3d364c7d" start="1632873307670" dump="1632873308672"/><sessioninfo id="DESKTOP-3F0SSFQ-c9719283" start="1632873451795" dump="1632873452760"/><sessioninfo id="DESKTOP-3F0SSFQ-ee5f2e1d" start="1632873500175" dump="1632873501260"/><sessioninfo id="DESKTOP-3F0SSFQ-90b7924c" start="1632873623394" dump="1632873624448"/><sessioninfo id="DESKTOP-3F0SSFQ-a8eef81" start="1632873642946" dump="1632873644464"/><sessioninfo id="DESKTOP-3F0SSFQ-4fec60a8" start="1632874096077" dump="1632874097105"/><sessioninfo id="DESKTOP-3F0SSFQ-b9d4136a" start="1632874922876" dump="1632874924096"/><sessioninfo id="DESKTOP-3F0SSFQ-826219a5" start="1632875009882" dump="1632875011109"/><sessioninfo id="DESKTOP-3F0SSFQ-669771ba" start="1632875082298" dump="1632875083585"/><sessioninfo id="DESKTOP-3F0SSFQ-24f5834d" start="1632875294099" dump="1632875295166"/><sessioninfo id="DESKTOP-3F0SSFQ-b084e371" start="1632875320652" dump="1632875321919"/><sessioninfo id="DESKTOP-3F0SSFQ-381cdb03" start="1632875489749" dump="1632875490757"/><sessioninfo id="DESKTOP-3F0SSFQ-9da28bef" start="1632875511751" dump="1632875512920"/><sessioninfo id="DESKTOP-3F0SSFQ-77a50c5b" start="1632875700667" dump="1632875701896"/><sessioninfo id="DESKTOP-3F0SSFQ-1f885b12" start="1632875759366" dump="1632875760464"/><sessioninfo id="Jacobs-MacBook-Pro.local-ac39eebd" start="1632933871275" dump="1632933877720"/><sessioninfo id="Jacobs-MacBook-Pro.local-f6c6a99a" start="1632933970796" dump="1632933977246"/><sessioninfo id="Jacobs-MacBook-Pro.local-f00ce1a3" start="1632934044082" dump="1632934050433"/><sessioninfo id="Jacobs-MacBook-Pro.local-df943b9" start="1632934078944" dump="1632934085240"/><sessioninfo id="Jacobs-MacBook-Pro.local-310c2f16" start="1632934219395" dump="1632934225699"/><sessioninfo id="Jacobs-MacBook-Pro.local-9a044035" start="1632934310771" dump="1632934317081"/><sessioninfo id="Jacobs-MacBook-Pro.local-c01a924f" start="1632934721259" dump="1632934727601"/><sessioninfo id="Jacobs-MacBook-Pro.local-5f8152cb" start="1632935045434" dump="1632935052650"/><sessioninfo id="Jacobs-MacBook-Pro.local-b39788b" start="1632935697471" dump="1632935704131"/><sessioninfo id="Jacobs-MacBook-Pro.local-1e20655e" start="1632935722398" dump="1632935728790"/><sessioninfo id="Jacobs-MacBook-Pro.local-d298b5eb" start="1632935962455" dump="1632935968851"/><sessioninfo id="Jacobs-MacBook-Pro.local-7b31a446" start="1632935963342" dump="1632935970770"/><sessioninfo id="Jacobs-MacBook-Pro.local-f92d6d7c" start="1632943661084" dump="1632943668032"/><sessioninfo id="Jacobs-MacBook-Pro.local-de000ca" start="1632943756206" dump="1632943762813"/><sessioninfo id="Jacobs-MacBook-Pro.local-326f0772" start="1632943816506" dump="1632943823193"/><sessioninfo id="Jacobs-MacBook-Pro.local-f31b1967" start="1632943942915" dump="1632943950038"/><sessioninfo id="Jacobs-MacBook-Pro.local-8c2c93de" start="1632945035061" dump="1632945041718"/><sessioninfo id="Jacobs-MacBook-Pro.local-30618cbb" start="1632945185889" dump="1632945192507"/><sessioninfo id="Jacobs-MacBook-Pro.local-c4a6ecdb" start="1632945241056" dump="1632945247507"/><sessioninfo id="Jacobs-MacBook-Pro.local-faf75b8c" start="1632945626366" dump="1632945633018"/><sessioninfo id="Jacobs-MacBook-Pro.local-6a0b72bb" start="1632945750280" dump="1632945756827"/><sessioninfo id="Jacobs-MacBook-Pro.local-57734265" start="1632945777265" dump="1632945783800"/><sessioninfo id="Jacobs-MBP-edd108df" start="1632949603500" dump="1632949605271"/><sessioninfo id="DESKTOP-3F0SSFQ-d9acbbd8" start="1632963626255" dump="1632963627611"/><sessioninfo id="DESKTOP-3F0SSFQ-b1dd7b28" start="1632963646978" dump="1632963648665"/><sessioninfo id="DESKTOP-3F0SSFQ-43ed3d5d" start="1632963744497" dump="1632963745634"/><sessioninfo id="DESKTOP-3F0SSFQ-b5a016eb" start="1632963772870" dump="1632963773989"/><sessioninfo id="DESKTOP-3F0SSFQ-f82a7460" start="1632963916174" dump="1632963917464"/><sessioninfo id="DESKTOP-3F0SSFQ-471b6c5b" start="1632964065964" dump="1632964067176"/><sessioninfo id="DESKTOP-3F0SSFQ-7285e70e" start="1632964267039" dump="1632964268253"/><sessioninfo id="DESKTOP-3F0SSFQ-2d2b3fc5" start="1632966877342" dump="1632966878373"/><sessioninfo id="DESKTOP-3F0SSFQ-d189cb5" start="1632966888836" dump="1632966890019"/><sessioninfo id="DESKTOP-3F0SSFQ-53e79a5b" start="1632966965713" dump="1632966966635"/><sessioninfo id="DESKTOP-3F0SSFQ-e36f78e6" start="1632967601204" dump="1632967602162"/><sessioninfo id="DESKTOP-3F0SSFQ-2834cc4c" start="1632967610675" dump="1632967611641"/><sessioninfo id="DESKTOP-3F0SSFQ-53eb9b62" start="1632967725691" dump="1632967726752"/><sessioninfo id="DESKTOP-3F0SSFQ-827e5c04" start="1632967777337" dump="1632967778283"/><sessioninfo id="DESKTOP-3F0SSFQ-13615053" start="1632967874677" dump="1632967875621"/><sessioninfo id="DESKTOP-3F0SSFQ-e7c8d31c" start="1632967902104" dump="1632967902970"/><sessioninfo id="DESKTOP-3F0SSFQ-5535a9b3" start="1632968051288" dump="1632968052192"/><sessioninfo id="DESKTOP-3F0SSFQ-a3f1d05e" start="1632968127842" dump="1632968128713"/><sessioninfo id="DESKTOP-3F0SSFQ-59099c4f" start="1632968275828" dump="1632968276907"/><sessioninfo id="DESKTOP-3F0SSFQ-2a2f9ac5" start="1632969584923" dump="1632969585928"/><sessioninfo id="DESKTOP-3F0SSFQ-2342a196" start="1632970068422" dump="1632970069437"/><sessioninfo id="DESKTOP-3F0SSFQ-5babe23b" start="1632970488929" dump="1632970490002"/><sessioninfo id="DESKTOP-3F0SSFQ-8221038f" start="1632970831044" dump="1632970832103"/><sessioninfo id="DESKTOP-3F0SSFQ-ec2c1eb" start="1632970954842" dump="1632970955869"/><sessioninfo id="DESKTOP-3F0SSFQ-b5d1e754" start="1632971013250" dump="1632971014244"/><sessioninfo id="DESKTOP-3F0SSFQ-a483e820" start="1632971071251" dump="1632971072223"/><sessioninfo id="DESKTOP-3F0SSFQ-df7a3696" start="1632971164310" dump="1632971165245"/><sessioninfo id="DESKTOP-3F0SSFQ-e7532139" start="1632971605590" dump="1632971606776"/><sessioninfo id="DESKTOP-3F0SSFQ-8f852787" start="1632971742833" dump="1632971744155"/><sessioninfo id="DESKTOP-3F0SSFQ-7d736488" start="1632971823533" dump="1632971825115"/><sessioninfo id="DESKTOP-3F0SSFQ-862d2d54" start="1632971827807" dump="1632971829293"/><sessioninfo id="DESKTOP-3F0SSFQ-68de78d4" start="1632972218971" dump="1632972220169"/><sessioninfo id="DESKTOP-3F0SSFQ-439b46d5" start="1632972369806" dump="1632972370921"/><sessioninfo id="DESKTOP-3F0SSFQ-c0a33bd0" start="1632972385238" dump="1632972386422"/><sessioninfo id="DESKTOP-3F0SSFQ-679bcffd" start="1632972400731" dump="1632972401890"/><sessioninfo id="Jacobs-MacBook-Pro.local-8659c0d5" start="1633021953809" dump="1633021960687"/><sessioninfo id="Jacobs-MacBook-Pro.local-d8292e9f" start="1633021987232" dump="1633021993739"/><sessioninfo id="Jacobs-MacBook-Pro.local-9f38a23e" start="1633022031242" dump="1633022038404"/><sessioninfo id="Jacobs-MacBook-Pro.local-cd9d6338" start="1633023287006" dump="1633023293659"/><sessioninfo id="Jacobs-MBP-3e0722f6" start="1633027275396" dump="1633027277674"/><sessioninfo id="DESKTOP-3F0SSFQ-2b3e2fb6" start="1633040498594" dump="1633040499930"/><sessioninfo id="DESKTOP-3F0SSFQ-fa31b374" start="1633040693715" dump="1633040694823"/><sessioninfo id="DESKTOP-3F0SSFQ-2d915d28" start="1633040962424" dump="1633040963635"/><sessioninfo id="DESKTOP-3F0SSFQ-943bebbf" start="1633042795910" dump="1633042797195"/><sessioninfo id="DESKTOP-3F0SSFQ-383849c" start="1633043046984" dump="1633043048193"/><sessioninfo id="DESKTOP-3F0SSFQ-b2bcd127" start="1633043418136" dump="1633043419253"/><sessioninfo id="DESKTOP-3F0SSFQ-4bf022c" start="1633043923313" dump="1633043924119"/><sessioninfo id="DESKTOP-3F0SSFQ-69920524" start="1633043925221" dump="1633043926254"/><sessioninfo id="DESKTOP-3F0SSFQ-a23602dd" start="1633043944291" dump="1633043945390"/><sessioninfo id="DESKTOP-3F0SSFQ-a4d64dad" start="1633044614142" dump="1633044615268"/><sessioninfo id="DESKTOP-3F0SSFQ-8823b554" start="1633044624433" dump="1633044625731"/><sessioninfo id="DESKTOP-3F0SSFQ-82170d88" start="1633044689755" dump="1633044690973"/><sessioninfo id="DESKTOP-3F0SSFQ-25e51aa2" start="1633044708283" dump="1633044709346"/><sessioninfo id="DESKTOP-3F0SSFQ-4592c11a" start="1633044983292" dump="1633044984291"/><sessioninfo id="DESKTOP-3F0SSFQ-9b1025fd" start="1633045070248" dump="1633045071385"/><sessioninfo id="DESKTOP-3F0SSFQ-a2dca3a6" start="1633045496403" dump="1633045497665"/><sessioninfo id="DESKTOP-3F0SSFQ-861e865b" start="1633046030159" dump="1633046031271"/><sessioninfo id="DESKTOP-3F0SSFQ-846e3906" start="1633046066279" dump="1633046067398"/><sessioninfo id="DESKTOP-3F0SSFQ-bc7d8a94" start="1633046102235" dump="1633046103506"/><sessioninfo id="DESKTOP-3F0SSFQ-dc6fc082" start="1633113621336" dump="1633113622625"/><sessioninfo id="DESKTOP-3F0SSFQ-e99f7007" start="1633553529376" dump="1633553530399"/><sessioninfo id="DESKTOP-3F0SSFQ-efbe2ae0" start="1633553576756" dump="1633553577707"/><sessioninfo id="DESKTOP-3F0SSFQ-7b0955f2" start="1633553857230" dump="1633553858287"/><sessioninfo id="DESKTOP-3F0SSFQ-d34b83ba" start="1633553942616" dump="1633553943572"/><sessioninfo id="DESKTOP-3F0SSFQ-95da06a3" start="1633554153014" dump="1633554154074"/><sessioninfo id="DESKTOP-3F0SSFQ-3731401e" start="1633554221879" dump="1633554222909"/><sessioninfo id="DESKTOP-3F0SSFQ-a260afff" start="1633554380753" dump="1633554381643"/><sessioninfo id="DESKTOP-3F0SSFQ-cd976c8e" start="1633554407158" dump="1633554408048"/><sessioninfo id="DESKTOP-3F0SSFQ-b034bb32" start="1633554419717" dump="1633554420711"/><sessioninfo id="DESKTOP-3F0SSFQ-1ae799d8" start="1633554539214" dump="1633554540310"/><sessioninfo id="DESKTOP-3F0SSFQ-6d3ae8a7" start="1633560454258" dump="1633560455282"/><sessioninfo id="DESKTOP-3F0SSFQ-3313df93" start="1633560620868" dump="1633560621995"/><sessioninfo id="DESKTOP-3F0SSFQ-9afc078a" start="1633560915553" dump="1633560916673"/><sessioninfo id="DESKTOP-3F0SSFQ-ad7c35b2" start="1633561017353" dump="1633561018459"/><sessioninfo id="DESKTOP-3F0SSFQ-6cd4f7c9" start="1633561156997" dump="1633561158227"/><sessioninfo id="DESKTOP-3F0SSFQ-3465ea38" start="1633561916543" dump="1633561917600"/><sessioninfo id="DESKTOP-3F0SSFQ-839b9476" start="1633562081909" dump="1633562082905"/><sessioninfo id="DESKTOP-3F0SSFQ-fac326ea" start="1633562159862" dump="1633562161051"/><sessioninfo id="Jacobs-MacBook-Pro.local-ef85ce2b" start="1633625415412" dump="1633625423143"/><sessioninfo id="Jacobs-MacBook-Pro.local-acfec804" start="1633625417439" dump="1633625427213"/><sessioninfo id="Jacobs-MacBook-Pro.local-d382347e" start="1633625850574" dump="1633625857387"/><sessioninfo id="Jacobs-MacBook-Pro.local-60b8ff57" start="1633626692308" dump="1633626699335"/><sessioninfo id="Jacobs-MacBook-Pro.local-b6ebdb96" start="1633626775549" dump="1633626782121"/><sessioninfo id="Jacobs-MacBook-Pro.local-c76428ce" start="1633627197679" dump="1633627205162"/><sessioninfo id="Jacobs-MacBook-Pro.local-5a63f9ba" start="1633629255969" dump="1633629262365"/><sessioninfo id="Jacobs-MacBook-Pro.local-8514daa9" start="1633629285143" dump="1633629291359"/><sessioninfo id="Jacobs-MacBook-Pro.local-2409e45f" start="1633629319198" dump="1633629325519"/><sessioninfo id="Jacobs-MacBook-Pro.local-7a88e35f" start="1633629398746" dump="1633629404881"/><sessioninfo id="Jacobs-MacBook-Pro.local-ba5a8ad9" start="1633629437460" dump="1633629443694"/><sessioninfo id="Jacobs-MacBook-Pro.local-bc30bb67" start="1633629479303" dump="1633629486031"/><sessioninfo id="Jacobs-MacBook-Pro.local-be12e637" start="1633629523122" dump="1633629529729"/><sessioninfo id="Jacobs-MacBook-Pro.local-5886c1a" start="1633629562739" dump="1633629569297"/><sessioninfo id="Jacobs-MacBook-Pro.local-da7ed16d" start="1633637617886" dump="1633637625126"/><sessioninfo id="Jacobs-MacBook-Pro.local-193f1c06" start="1633638005575" dump="1633638012940"/><sessioninfo id="Jacobs-MacBook-Pro.local-36339348" start="1633638146790" dump="1633638153660"/><sessioninfo id="Jacobs-MacBook-Pro.local-47d05c6f" start="1633638352091" dump="1633638358864"/><sessioninfo id="Jacobs-MacBook-Pro.local-678ccf4" start="1633638475392" dump="1633638482130"/><sessioninfo id="Jacobs-MacBook-Pro.local-e2e87448" start="1633638552117" dump="1633638558616"/><sessioninfo id="Jacobs-MacBook-Pro.local-b1afc0cd" start="1633638676542" dump="1633638683206"/><sessioninfo id="Jacobs-MacBook-Pro.local-ed78c489" start="1633638748424" dump="1633638754791"/><sessioninfo id="Jacobs-MacBook-Pro.local-3718d483" start="1633638800978" dump="1633638807618"/><sessioninfo id="Jacobs-MacBook-Pro.local-2a1ca55c" start="1633638986010" dump="1633638993499"/><sessioninfo id="Jacobs-MacBook-Pro.local-1a73178f" start="1633639910362" dump="1633639917292"/><sessioninfo id="Jacobs-MacBook-Pro.local-967d634e" start="1633640203351" dump="1633640209710"/><sessioninfo id="Jacobs-MacBook-Pro.local-ea2ed6c1" start="1633640326506" dump="1633640333861"/><sessioninfo id="Jacobs-MacBook-Pro.local-2f044ef7" start="1633640344740" dump="1633640351540"/><sessioninfo id="Jacobs-MacBook-Pro.local-12f6a087" start="1633640346676" dump="1633640351816"/><sessioninfo id="Jacobs-MacBook-Pro.local-1a1679e2" start="1633640580023" dump="1633640587109"/><sessioninfo id="Jacobs-MacBook-Pro.local-dcf3254f" start="1633641072739" dump="1633641079394"/><sessioninfo id="Jacobs-MacBook-Pro.local-b45243ec" start="1633641587266" dump="1633641593626"/><sessioninfo id="Jacobs-MacBook-Pro.local-920b6e31" start="1633641801029" dump="1633641807516"/><sessioninfo id="Jacobs-MacBook-Pro.local-47a9fd91" start="1633641967238" dump="1633641973767"/><sessioninfo id="Jacobs-MacBook-Pro.local-a94845f8" start="1633642173464" dump="1633642180141"/><sessioninfo id="Jacobs-MacBook-Pro.local-e05a634" start="1633642230369" dump="1633642237286"/><sessioninfo id="Jacobs-MacBook-Pro.local-702c88e4" start="1633642488724" dump="1633642495285"/><sessioninfo id="DESKTOP-3F0SSFQ-ba1d31f5" start="1633813240816" dump="1633813242113"/><sessioninfo id="DESKTOP-3F0SSFQ-ef8db80e" start="1633813303752" dump="1633813305032"/><sessioninfo id="DESKTOP-3F0SSFQ-783af50" start="1633813360196" dump="1633813361330"/><sessioninfo id="DESKTOP-3F0SSFQ-a38e735c" start="1633813392178" dump="1633813393294"/><sessioninfo id="DESKTOP-3F0SSFQ-f704a5a6" start="1633813991988" dump="1633813993234"/><sessioninfo id="DESKTOP-3F0SSFQ-69b28821" start="1633815060905" dump="1633815061945"/><sessioninfo id="DESKTOP-3F0SSFQ-b3f120d6" start="1633815193756" dump="1633815194983"/><sessioninfo id="DESKTOP-3F0SSFQ-72ab6c6a" start="1633815432738" dump="1633815433685"/><sessioninfo id="DESKTOP-3F0SSFQ-9064070c" start="1633815537964" dump="1633815538977"/><sessioninfo id="DESKTOP-3F0SSFQ-85cde47" start="1633815614870" dump="1633815615834"/><sessioninfo id="DESKTOP-3F0SSFQ-b6adfa2b" start="1633815627787" dump="1633815628752"/><sessioninfo id="DESKTOP-3F0SSFQ-47dc1e95" start="1633815841348" dump="1633815842286"/><sessioninfo id="DESKTOP-3F0SSFQ-27678979" start="1633817666059" dump="1633817667234"/><sessioninfo id="DESKTOP-3F0SSFQ-f122c100" start="1633817724240" dump="1633817725377"/><sessioninfo id="DESKTOP-3F0SSFQ-2e8663f7" start="1633817747283" dump="1633817748478"/><sessioninfo id="DESKTOP-3F0SSFQ-f1a954ff" start="1633817777505" dump="1633817778666"/><sessioninfo id="DESKTOP-3F0SSFQ-b2af499f" start="1633817801131" dump="1633817802315"/><sessioninfo id="DESKTOP-3F0SSFQ-2522858b" start="1633817864097" dump="1633817865323"/><sessioninfo id="DESKTOP-3F0SSFQ-bf031360" start="1633817941288" dump="1633817942545"/><sessioninfo id="DESKTOP-3F0SSFQ-a95f8730" start="1633817987155" dump="1633817989109"/><sessioninfo id="DESKTOP-3F0SSFQ-ae7de20c" start="1633817993988" dump="1633817995816"/><sessioninfo id="DESKTOP-3F0SSFQ-e45fe380" start="1633818043592" dump="1633818044757"/><sessioninfo id="DESKTOP-3F0SSFQ-a25ac300" start="1633818070107" dump="1633818071395"/><sessioninfo id="DESKTOP-3F0SSFQ-12dd1f41" start="1633818089246" dump="1633818090396"/><sessioninfo id="DESKTOP-3F0SSFQ-2f4c3a8d" start="1633818107229" dump="1633818108413"/><sessioninfo id="DESKTOP-3F0SSFQ-93b805f9" start="1633818127654" dump="1633818128801"/><sessioninfo id="DESKTOP-3F0SSFQ-e3b12da4" start="1633818146615" dump="1633818147791"/><sessioninfo id="DESKTOP-3F0SSFQ-25b2c7fc" start="1633818163426" dump="1633818164739"/><sessioninfo id="DESKTOP-3F0SSFQ-e0754ecd" start="1633818177026" dump="1633818178281"/><sessioninfo id="DESKTOP-3F0SSFQ-a2c64727" start="1633818192110" dump="1633818193376"/><sessioninfo id="DESKTOP-3F0SSFQ-87b1718e" start="1633818776156" dump="1633818777096"/><sessioninfo id="DESKTOP-3F0SSFQ-15ff75cb" start="1633836906222" dump="1633836907395"/><sessioninfo id="DESKTOP-3F0SSFQ-7df7760f" start="1633836949990" dump="1633836951046"/><sessioninfo id="DESKTOP-3F0SSFQ-24aa2601" start="1633837081341" dump="1633837082497"/><sessioninfo id="DESKTOP-3F0SSFQ-69b270d8" start="1633837182045" dump="1633837183064"/><sessioninfo id="DESKTOP-3F0SSFQ-6b84bc98" start="1633837230118" dump="1633837231229"/><sessioninfo id="DESKTOP-3F0SSFQ-c18e8f40" start="1633837276142" dump="1633837277166"/><sessioninfo id="DESKTOP-3F0SSFQ-2dcedce0" start="1633837362929" dump="1633837363958"/><sessioninfo id="DESKTOP-3F0SSFQ-c89c1fa2" start="1633837430383" dump="1633837431464"/><sessioninfo id="DESKTOP-3F0SSFQ-75f13ab8" start="1633838408402" dump="1633838409581"/><sessioninfo id="DESKTOP-3F0SSFQ-4d405493" start="1633838428571" dump="1633838429685"/><sessioninfo id="DESKTOP-3F0SSFQ-b12ab37" start="1633838475338" dump="1633838476455"/><sessioninfo id="DESKTOP-3F0SSFQ-66965a8" start="1633838496041" dump="1633838497529"/><sessioninfo id="DESKTOP-3F0SSFQ-44b019da" start="1633838597161" dump="1633838598458"/><sessioninfo id="DESKTOP-3F0SSFQ-81bc5f5b" start="1633838614629" dump="1633838615786"/><sessioninfo id="DESKTOP-3F0SSFQ-e9504c24" start="1633838635520" dump="1633838636644"/><sessioninfo id="DESKTOP-3F0SSFQ-8acea9d2" start="1633890736393" dump="1633890737313"/><sessioninfo id="DESKTOP-3F0SSFQ-98f4001c" start="1633890756575" dump="1633890757418"/><sessioninfo id="DESKTOP-3F0SSFQ-af2e9723" start="1633891056012" dump="1633891057001"/><sessioninfo id="DESKTOP-3F0SSFQ-2883e09a" start="1633891079830" dump="1633891080705"/><sessioninfo id="DESKTOP-3F0SSFQ-b111d549" start="1633891172369" dump="1633891173651"/><sessioninfo id="DESKTOP-3F0SSFQ-3a88334" start="1633891193836" dump="1633891194676"/><sessioninfo id="DESKTOP-3F0SSFQ-26f33ae2" start="1633891206835" dump="1633891207721"/><package name="com/jml/optimizers"><class name="com/jml/optimizers/StochasticGradientDescent" sourcefilename="StochasticGradientDescent.java"><method name="&lt;init&gt;" desc="(Lcom/jml/core/Model;)V" line="20"><counter type="INSTRUCTION" missed="15" covered="0"/><counter type="LINE" missed="6" covered="0"/><counter type="COMPLEXITY" missed="1" covered="0"/><counter type="METHOD" missed="1" covered="0"/></method><method name="&lt;init&gt;" desc="(Lcom/jml/core/Model;D)V" line="20"><counter type="INSTRUCTION" missed="18" covered="0"/><counter type="LINE" missed="7" covered="0"/><counter type="COMPLEXITY" missed="1" covered="0"/><counter type="METHOD" missed="1" covered="0"/></method><method name="&lt;init&gt;" desc="(Lcom/jml/core/Model;DI)V" line="20"><counter type="INSTRUCTION" missed="21" covered="0"/><counter type="LINE" missed="8" covered="0"/><counter type="COMPLEXITY" missed="1" covered="0"/><counter type="METHOD" missed="1" covered="0"/></method><method name="&lt;init&gt;" desc="(Lcom/jml/core/Model;DID)V" line="20"><counter type="INSTRUCTION" missed="24" covered="0"/><counter type="LINE" missed="9" covered="0"/><counter type="COMPLEXITY" missed="1" covered="0"/><counter type="METHOD" missed="1" covered="0"/></method><method name="optimize" desc="(Lcom/jml/losses/Function;Llinalg/Matrix;Llinalg/Matrix;)Llinalg/Matrix;" line="79"><counter type="INSTRUCTION" missed="80" covered="0"/><counter type="BRANCH" missed="6" covered="0"/><counter type="LINE" missed="11" covered="0"/><counter type="COMPLEXITY" missed="4" covered="0"/><counter type="METHOD" missed="1" covered="0"/></method><counter type="INSTRUCTION" missed="158" covered="0"/><counter type="BRANCH" missed="6" covered="0"/><counter type="LINE" missed="32" covered="0"/><counter type="COMPLEXITY" missed="8" covered="0"/><counter type="METHOD" missed="5" covered="0"/><counter type="CLASS" missed="1" covered="0"/></class><class name="com/jml/optimizers/Scheduler" sourcefilename="Scheduler.java"/><class name="com/jml/optimizers/Momentum" sourcefilename="Momentum.java"><method name="&lt;init&gt;" desc="()V" line="6"><counter type="INSTRUCTION" missed="3" covered="0"/><counter type="LINE" missed="1" covered="0"/><counter type="COMPLEXITY" missed="1" covered="0"/><counter type="METHOD" missed="1" covered="0"/></method><method name="optimize" desc="(Llinalg/Matrix;Llinalg/Matrix;Llinalg/Matrix;Lcom/jml/losses/Function;I)Llinalg/Matrix;" line="11"><counter type="INSTRUCTION" missed="2" covered="0"/><counter type="LINE" missed="1" covered="0"/><counter type="COMPLEXITY" missed="1" covered="0"/><counter type="METHOD" missed="1" covered="0"/></method><method name="optimize" desc="(Llinalg/Matrix;Llinalg/Matrix;Llinalg/Matrix;Lcom/jml/losses/Function;II)Llinalg/Matrix;" line="16"><counter type="INSTRUCTION" missed="2" covered="0"/><counter type="LINE" missed="1" covered="0"/><counter type="COMPLEXITY" missed="1" covered="0"/><counter type="METHOD" missed="1" covered="0"/></method><counter type="INSTRUCTION" missed="7" covered="0"/><counter type="LINE" missed="3" covered="0"/><counter type="COMPLEXITY" missed="3" covered="0"/><counter type="METHOD" missed="3" covered="0"/><counter type="CLASS" missed="1" covered="0"/></class><class name="com/jml/optimizers/Optimizer" sourcefilename="Optimizer.java"><method name="&lt;init&gt;" desc="()V" line="6"><counter type="INSTRUCTION" missed="3" covered="0"/><counter type="LINE" missed="1" covered="0"/><counter type="COMPLEXITY" missed="1" covered="0"/><counter type="METHOD" missed="1" covered="0"/></method><method name="setScheduler" desc="(Lcom/jml/optimizers/Scheduler;)V" line="26"><counter type="INSTRUCTION" missed="5" covered="0"/><counter type="LINE" missed="2" covered="0"/><counter type="COMPLEXITY" missed="1" covered="0"/><counter type="METHOD" missed="1" covered="0"/></method><method name="lambda$static$0" desc="(D)D" line="34"><counter type="INSTRUCTION" missed="2" covered="0"/><counter type="LINE" missed="1" covered="0"/><counter type="COMPLEXITY" missed="1" covered="0"/><counter type="METHOD" missed="1" covered="0"/></method><method name="&lt;clinit&gt;" desc="()V" line="33"><counter type="INSTRUCTION" missed="3" covered="0"/><counter type="LINE" missed="1" covered="0"/><counter type="COMPLEXITY" missed="1" covered="0"/><counter type="METHOD" missed="1" covered="0"/></method><counter type="INSTRUCTION" missed="13" covered="0"/><counter type="LINE" missed="5" covered="0"/><counter type="COMPLEXITY" missed="4" covered="0"/><counter type="METHOD" missed="4" covered="0"/><counter type="CLASS" missed="1" covered="0"/></class><sourcefile name="Optimizer.java"><line nr="6" mi="3" ci="0" mb="0" cb="0"/><line nr="26" mi="4" ci="0" mb="0" cb="0"/><line nr="27" mi="1" ci="0" mb="0" cb="0"/><line nr="33" mi="3" ci="0" mb="0" cb="0"/><line nr="34" mi="2" ci="0" mb="0" cb="0"/><counter type="INSTRUCTION" missed="13" covered="0"/><counter type="LINE" missed="5" covered="0"/><counter type="COMPLEXITY" missed="4" covered="0"/><counter type="METHOD" missed="4" covered="0"/><counter type="CLASS" missed="1" covered="0"/></sourcefile><sourcefile name="Scheduler.java"/><sourcefile name="Momentum.java"><line nr="6" mi="3" ci="0" mb="0" cb="0"/><line nr="11" mi="2" ci="0" mb="0" cb="0"/><line nr="16" mi="2" ci="0" mb="0" cb="0"/><counter type="INSTRUCTION" missed="7" covered="0"/><counter type="LINE" missed="3" covered="0"/><counter type="COMPLEXITY" missed="3" covered="0"/><counter type="METHOD" missed="3" covered="0"/><counter type="CLASS" missed="1" covered="0"/></sourcefile><sourcefile name="StochasticGradientDescent.java"><line nr="20" mi="12" ci="0" mb="0" cb="0"/><line nr="21" mi="12" ci="0" mb="0" cb="0"/><line nr="22" mi="12" ci="0" mb="0" cb="0"/><line nr="31" mi="2" ci="0" mb="0" cb="0"/><line nr="32" mi="3" ci="0" mb="0" cb="0"/><line nr="33" mi="1" ci="0" mb="0" cb="0"/><line nr="42" mi="2" ci="0" mb="0" cb="0"/><line nr="43" mi="3" ci="0" mb="0" cb="0"/><line nr="44" mi="3" ci="0" mb="0" cb="0"/><line nr="45" mi="1" ci="0" mb="0" cb="0"/><line nr="55" mi="2" ci="0" mb="0" cb="0"/><line nr="56" mi="3" ci="0" mb="0" cb="0"/><line nr="57" mi="3" ci="0" mb="0" cb="0"/><line nr="58" mi="3" ci="0" mb="0" cb="0"/><line nr="59" mi="1" ci="0" mb="0" cb="0"/><line nr="62" mi="2" ci="0" mb="0" cb="0"/><line nr="63" mi="3" ci="0" mb="0" cb="0"/><line nr="64" mi="3" ci="0" mb="0" cb="0"/><line nr="65" mi="3" ci="0" mb="0" cb="0"/><line nr="66" mi="3" ci="0" mb="0" cb="0"/><line nr="67" mi="1" ci="0" mb="0" cb="0"/><line nr="79" mi="4" ci="0" mb="0" cb="0"/><line nr="80" mi="6" ci="0" mb="0" cb="0"/><line nr="82" mi="14" ci="0" mb="0" cb="0"/><line nr="84" mi="2" ci="0" mb="0" cb="0"/><line nr="87" mi="16" ci="0" mb="4" cb="0"/><line nr="89" mi="13" ci="0" mb="0" cb="0"/><line nr="90" mi="14" ci="0" mb="0" cb="0"/><line nr="92" mi="2" ci="0" mb="2" cb="0"/><line nr="93" mi="5" ci="0" mb="0" cb="0"/><line nr="96" mi="2" ci="0" mb="0" cb="0"/><line nr="99" mi="2" ci="0" mb="0" cb="0"/><counter type="INSTRUCTION" missed="158" covered="0"/><counter type="BRANCH" missed="6" covered="0"/><counter type="LINE" missed="32" covered="0"/><counter type="COMPLEXITY" missed="8" covered="0"/><counter type="METHOD" missed="5" covered="0"/><counter type="CLASS" missed="1" covered="0"/></sourcefile><counter type="INSTRUCTION" missed="178" covered="0"/><counter type="BRANCH" missed="6" covered="0"/><counter type="LINE" missed="40" covered="0"/><counter type="COMPLEXITY" missed="15" covered="0"/><counter type="METHOD" missed="12" covered="0"/><counter type="CLASS" missed="3" covered="0"/></package><package name="com/jml/linear_models"><class name="com/jml/linear_models/MultipleLinearRegression" sourcefilename="MultipleLinearRegression.java"><method name="&lt;init&gt;" desc="()V" line="27"><counter type="INSTRUCTION" missed="0" covered="24"/><counter type="LINE" missed="0" covered="5"/><counter type="COMPLEXITY" missed="0" covered="1"/><counter type="METHOD" missed="0" covered="1"/></method><method name="updateModelType" desc="(Ljava/lang/String;)V" line="73"><counter type="INSTRUCTION" missed="4" covered="0"/><counter type="LINE" missed="2" covered="0"/><counter type="COMPLEXITY" missed="1" covered="0"/><counter type="METHOD" missed="1" covered="0"/></method><method name="compile" desc="()V" line="84"><counter type="INSTRUCTION" missed="0" covered="4"/><counter type="LINE" missed="0" covered="2"/><counter type="COMPLEXITY" missed="0" covered="1"/><counter type="METHOD" missed="0" covered="1"/></method><method name="compile" desc="(Ljava/util/Map;)V" line="101"><counter type="INSTRUCTION" missed="31" covered="9"/><counter type="BRANCH" missed="9" covered="1"/><counter type="LINE" missed="5" covered="4"/><counter type="COMPLEXITY" missed="5" covered="1"/><counter type="METHOD" missed="0" covered="1"/></method><method name="fit" desc="([[D[DLjava/util/Map;)Lcom/jml/core/ModelBucket;" line="133"><counter type="INSTRUCTION" missed="43" covered="91"/><counter type="BRANCH" missed="11" covered="7"/><counter type="LINE" missed="8" covered="22"/><counter type="COMPLEXITY" missed="8" covered="2"/><counter type="METHOD" missed="0" covered="1"/></method><method name="fit" desc="([[D[D)Lcom/jml/core/ModelBucket;" line="198"><counter type="INSTRUCTION" missed="0" covered="6"/><counter type="LINE" missed="0" covered="1"/><counter type="COMPLEXITY" missed="0" covered="1"/><counter type="METHOD" missed="0" covered="1"/></method><method name="predict" desc="([[D)[D" line="212"><counter type="INSTRUCTION" missed="0" covered="30"/><counter type="BRANCH" missed="1" covered="3"/><counter type="LINE" missed="0" covered="4"/><counter type="COMPLEXITY" missed="1" covered="2"/><counter type="METHOD" missed="0" covered="1"/></method><method name="predict" desc="(Llinalg/Matrix;Llinalg/Matrix;)Llinalg/Matrix;" line="223"><counter type="INSTRUCTION" missed="4" covered="0"/><counter type="LINE" missed="1" covered="0"/><counter type="COMPLEXITY" missed="1" covered="0"/><counter type="METHOD" missed="1" covered="0"/></method><method name="saveModel" desc="(Ljava/lang/String;)V" line="235"><counter type="INSTRUCTION" missed="0" covered="64"/><counter type="BRANCH" missed="0" covered="4"/><counter type="LINE" missed="0" covered="10"/><counter type="COMPLEXITY" missed="0" covered="3"/><counter type="METHOD" missed="0" covered="1"/></method><method name="buildDetails" desc="()V" line="255"><counter type="INSTRUCTION" missed="3" covered="91"/><counter type="BRANCH" missed="4" covered="12"/><counter type="LINE" missed="0" covered="14"/><counter type="COMPLEXITY" missed="4" covered="5"/><counter type="METHOD" missed="0" covered="1"/></method><method name="getDetails" desc="()Ljava/lang/String;" line="293"><counter type="INSTRUCTION" missed="0" covered="3"/><counter type="LINE" missed="0" covered="1"/><counter type="COMPLEXITY" missed="0" covered="1"/><counter type="METHOD" missed="0" covered="1"/></method><method name="toString" desc="()Ljava/lang/String;" line="304"><counter type="INSTRUCTION" missed="0" covered="4"/><counter type="LINE" missed="0" covered="1"/><counter type="COMPLEXITY" missed="0" covered="1"/><counter type="METHOD" missed="0" covered="1"/></method><method name="main" desc="([Ljava/lang/String;)V" line="309"><counter type="INSTRUCTION" missed="197" covered="0"/><counter type="LINE" missed="9" covered="0"/><counter type="COMPLEXITY" missed="1" covered="0"/><counter type="METHOD" missed="1" covered="0"/></method><counter type="INSTRUCTION" missed="282" covered="326"/><counter type="BRANCH" missed="25" covered="27"/><counter type="LINE" missed="25" covered="64"/><counter type="COMPLEXITY" missed="21" covered="18"/><counter type="METHOD" missed="3" covered="10"/><counter type="CLASS" missed="0" covered="1"/></class><class name="com/jml/linear_models/PolynomialRegression" sourcefilename="PolynomialRegression.java"><method name="&lt;init&gt;" desc="()V" line="27"><counter type="INSTRUCTION" missed="0" covered="27"/><counter type="LINE" missed="0" covered="6"/><counter type="COMPLEXITY" missed="0" covered="1"/><counter type="METHOD" missed="0" covered="1"/></method><method name="compile" desc="()V" line="88"><counter type="INSTRUCTION" missed="0" covered="4"/><counter type="LINE" missed="0" covered="2"/><counter type="COMPLEXITY" missed="0" covered="1"/><counter type="METHOD" missed="0" covered="1"/></method><method name="compile" desc="(Ljava/util/Map;)V" line="110"><counter type="INSTRUCTION" missed="64" covered="12"/><counter type="BRANCH" missed="13" covered="3"/><counter type="LINE" missed="12" covered="4"/><counter type="COMPLEXITY" missed="7" covered="2"/><counter type="METHOD" missed="0" covered="1"/></method><method name="fit" desc="([D[DLjava/util/Map;)Lcom/jml/core/ModelBucket;" line="165"><counter type="INSTRUCTION" missed="43" covered="81"/><counter type="BRANCH" missed="11" covered="5"/><counter type="LINE" missed="8" covered="19"/><counter type="COMPLEXITY" missed="8" covered="1"/><counter type="METHOD" missed="0" covered="1"/></method><method name="fit" desc="([D[D)Lcom/jml/core/ModelBucket;" line="224"><counter type="INSTRUCTION" missed="6" covered="0"/><counter type="LINE" missed="1" covered="0"/><counter type="COMPLEXITY" missed="1" covered="0"/><counter type="METHOD" missed="1" covered="0"/></method><method name="predict" desc="([D)[D" line="238"><counter type="INSTRUCTION" missed="5" covered="56"/><counter type="BRANCH" missed="2" covered="6"/><counter type="LINE" missed="1" covered="8"/><counter type="COMPLEXITY" missed="2" covered="3"/><counter type="METHOD" missed="0" covered="1"/></method><method name="predict" desc="(Llinalg/Matrix;Llinalg/Matrix;)Llinalg/Matrix;" line="258"><counter type="INSTRUCTION" missed="4" covered="0"/><counter type="LINE" missed="1" covered="0"/><counter type="COMPLEXITY" missed="1" covered="0"/><counter type="METHOD" missed="1" covered="0"/></method><method name="saveModel" desc="(Ljava/lang/String;)V" line="273"><counter type="INSTRUCTION" missed="22" covered="65"/><counter type="BRANCH" missed="2" covered="4"/><counter type="LINE" missed="4" covered="11"/><counter type="COMPLEXITY" missed="2" covered="2"/><counter type="METHOD" missed="0" covered="1"/></method><method name="buildDetails" desc="()V" line="300"><counter type="INSTRUCTION" missed="113" covered="0"/><counter type="BRANCH" missed="16" covered="0"/><counter type="LINE" missed="16" covered="0"/><counter type="COMPLEXITY" missed="9" covered="0"/><counter type="METHOD" missed="1" covered="0"/></method><method name="getDetails" desc="()Ljava/lang/String;" line="338"><counter type="INSTRUCTION" missed="3" covered="0"/><counter type="LINE" missed="1" covered="0"/><counter type="COMPLEXITY" missed="1" covered="0"/><counter type="METHOD" missed="1" covered="0"/></method><method name="toString" desc="()Ljava/lang/String;" line="349"><counter type="INSTRUCTION" missed="4" covered="0"/><counter type="LINE" missed="1" covered="0"/><counter type="COMPLEXITY" missed="1" covered="0"/><counter type="METHOD" missed="1" covered="0"/></method><counter type="INSTRUCTION" missed="264" covered="245"/><counter type="BRANCH" missed="44" covered="18"/><counter type="LINE" missed="45" covered="50"/><counter type="COMPLEXITY" missed="32" covered="10"/><counter type="METHOD" missed="5" covered="6"/><counter type="CLASS" missed="0" covered="1"/></class><class name="com/jml/linear_models/LinearRegression" sourcefilename="LinearRegression.java"><method name="&lt;init&gt;" desc="()V" line="19"><counter type="INSTRUCTION" missed="0" covered="12"/><counter type="LINE" missed="0" covered="3"/><counter type="COMPLEXITY" missed="0" covered="1"/><counter type="METHOD" missed="0" covered="1"/></method><method name="compile" desc="()V" line="35"><counter type="INSTRUCTION" missed="0" covered="5"/><counter type="LINE" missed="0" covered="3"/><counter type="COMPLEXITY" missed="0" covered="1"/><counter type="METHOD" missed="0" covered="1"/></method><method name="compile" desc="(Ljava/util/Map;)V" line="56"><counter type="INSTRUCTION" missed="0" covered="20"/><counter type="BRANCH" missed="2" covered="4"/><counter type="LINE" missed="0" covered="6"/><counter type="COMPLEXITY" missed="2" covered="2"/><counter type="METHOD" missed="0" covered="1"/></method><method name="fit" desc="([D[D)Lcom/jml/core/ModelBucket;" line="79"><counter type="INSTRUCTION" missed="0" covered="10"/><counter type="LINE" missed="0" covered="3"/><counter type="COMPLEXITY" missed="0" covered="1"/><counter type="METHOD" missed="0" covered="1"/></method><method name="fit" desc="([D[DLjava/util/Map;)Lcom/jml/core/ModelBucket;" line="106"><counter type="INSTRUCTION" missed="10" covered="0"/><counter type="LINE" missed="3" covered="0"/><counter type="COMPLEXITY" missed="1" covered="0"/><counter type="METHOD" missed="1" covered="0"/></method><method name="buildDetails" desc="()V" line="115"><counter type="INSTRUCTION" missed="3" covered="70"/><counter type="BRANCH" missed="3" covered="9"/><counter type="LINE" missed="0" covered="11"/><counter type="COMPLEXITY" missed="3" covered="4"/><counter type="METHOD" missed="0" covered="1"/></method><method name="getDetails" desc="()Ljava/lang/String;" line="144"><counter type="INSTRUCTION" missed="0" covered="3"/><counter type="LINE" missed="0" covered="1"/><counter type="COMPLEXITY" missed="0" covered="1"/><counter type="METHOD" missed="0" covered="1"/></method><method name="toString" desc="()Ljava/lang/String;" line="155"><counter type="INSTRUCTION" missed="0" covered="3"/><counter type="LINE" missed="0" covered="1"/><counter type="COMPLEXITY" missed="0" covered="1"/><counter type="METHOD" missed="0" covered="1"/></method><counter type="INSTRUCTION" missed="13" covered="123"/><counter type="BRANCH" missed="5" covered="13"/><counter type="LINE" missed="3" covered="28"/><counter type="COMPLEXITY" missed="6" covered="11"/><counter type="METHOD" missed="1" covered="7"/><counter type="CLASS" missed="0" covered="1"/></class><class name="com/jml/linear_models/Block" sourcefilename="Block.java"><method name="&lt;init&gt;" desc="(Ljava/lang/String;Ljava/lang/String;)V" line="4"><counter type="INSTRUCTION" missed="0" covered="22"/><counter type="LINE" missed="0" covered="8"/><counter type="COMPLEXITY" missed="0" covered="1"/><counter type="METHOD" missed="0" covered="1"/></method><method name="buildBlock" desc="()V" line="18"><counter type="INSTRUCTION" missed="0" covered="39"/><counter type="LINE" missed="0" covered="8"/><counter type="COMPLEXITY" missed="0" covered="1"/><counter type="METHOD" missed="0" covered="1"/></method><method name="getBlock" desc="()Ljava/lang/String;" line="30"><counter type="INSTRUCTION" missed="0" covered="4"/><counter type="LINE" missed="0" covered="1"/><counter type="COMPLEXITY" missed="0" covered="1"/><counter type="METHOD" missed="0" covered="1"/></method><method name="buildFileContent" desc="([Lcom/jml/linear_models/Block;)Ljava/lang/String;" line="35"><counter type="INSTRUCTION" missed="0" covered="28"/><counter type="BRANCH" missed="0" covered="2"/><counter type="LINE" missed="0" covered="4"/><counter type="COMPLEXITY" missed="0" covered="2"/><counter type="METHOD" missed="0" covered="1"/></method><counter type="INSTRUCTION" missed="0" covered="93"/><counter type="BRANCH" missed="0" covered="2"/><counter type="LINE" missed="0" covered="21"/><counter type="COMPLEXITY" missed="0" covered="5"/><counter type="METHOD" missed="0" covered="4"/><counter type="CLASS" missed="0" covered="1"/></class><class name="com/jml/linear_models/Perceptron" sourcefilename="Perceptron.java"><method name="&lt;init&gt;" desc="()V" line="15"><counter type="INSTRUCTION" missed="3" covered="0"/><counter type="LINE" missed="1" covered="0"/><counter type="COMPLEXITY" missed="1" covered="0"/><counter type="METHOD" missed="1" covered="0"/></method><method name="compile" desc="()V" line="26"><counter type="INSTRUCTION" missed="1" covered="0"/><counter type="LINE" missed="1" covered="0"/><counter type="COMPLEXITY" missed="1" covered="0"/><counter type="METHOD" missed="1" covered="0"/></method><method name="compile" desc="(Ljava/util/Map;)V" line="37"><counter type="INSTRUCTION" missed="1" covered="0"/><counter type="LINE" missed="1" covered="0"/><counter type="COMPLEXITY" missed="1" covered="0"/><counter type="METHOD" missed="1" covered="0"/></method><method name="fit" desc="([[D[[DLjava/util/Map;)Lcom/jml/core/ModelBucket;" line="55"><counter type="INSTRUCTION" missed="2" covered="0"/><counter type="LINE" missed="1" covered="0"/><counter type="COMPLEXITY" missed="1" covered="0"/><counter type="METHOD" missed="1" covered="0"/></method><method name="fit" desc="([[D[[D)Lcom/jml/core/ModelBucket;" line="71"><counter type="INSTRUCTION" missed="2" covered="0"/><counter type="LINE" missed="1" covered="0"/><counter type="COMPLEXITY" missed="1" covered="0"/><counter type="METHOD" missed="1" covered="0"/></method><method name="predict" desc="([[D)[[D" line="86"><counter type="INSTRUCTION" missed="2" covered="0"/><counter type="LINE" missed="1" covered="0"/><counter type="COMPLEXITY" missed="1" covered="0"/><counter type="METHOD" missed="1" covered="0"/></method><method name="predict" desc="(Llinalg/Matrix;Llinalg/Matrix;)Llinalg/Matrix;" line="94"><counter type="INSTRUCTION" missed="2" covered="0"/><counter type="LINE" missed="1" covered="0"/><counter type="COMPLEXITY" missed="1" covered="0"/><counter type="METHOD" missed="1" covered="0"/></method><method name="saveModel" desc="(Ljava/lang/String;)V" line="106"><counter type="INSTRUCTION" missed="1" covered="0"/><counter type="LINE" missed="1" covered="0"/><counter type="COMPLEXITY" missed="1" covered="0"/><counter type="METHOD" missed="1" covered="0"/></method><method name="getDetails" desc="()Ljava/lang/String;" line="117"><counter type="INSTRUCTION" missed="3" covered="0"/><counter type="LINE" missed="1" covered="0"/><counter type="COMPLEXITY" missed="1" covered="0"/><counter type="METHOD" missed="1" covered="0"/></method><method name="toString" desc="()Ljava/lang/String;" line="128"><counter type="INSTRUCTION" missed="2" covered="0"/><counter type="LINE" missed="1" covered="0"/><counter type="COMPLEXITY" missed="1" covered="0"/><counter type="METHOD" missed="1" covered="0"/></method><counter type="INSTRUCTION" missed="19" covered="0"/><counter type="LINE" missed="10" covered="0"/><counter type="COMPLEXITY" missed="10" covered="0"/><counter type="METHOD" missed="10" covered="0"/><counter type="CLASS" missed="1" covered="0"/></class><class name="com/jml/linear_models/LinearModelTags" sourcefilename="LinearModelTags.java"><method name="&lt;clinit&gt;" desc="()V" line="3"><counter type="INSTRUCTION" missed="0" covered="27"/><counter type="LINE" missed="0" covered="2"/><counter type="COMPLEXITY" missed="0" covered="1"/><counter type="METHOD" missed="0" covered="1"/></method><counter type="INSTRUCTION" missed="0" covered="27"/><counter type="LINE" missed="0" covered="2"/><counter type="COMPLEXITY" missed="0" covered="1"/><counter type="METHOD" missed="0" covered="1"/><counter type="CLASS" missed="0" covered="1"/></class><class name="com/jml/linear_models/LinearRegressionSGD" sourcefilename="LinearRegressionSGD.java"><method name="&lt;init&gt;" desc="()V" line="27"><counter type="INSTRUCTION" missed="16" covered="0"/><counter type="LINE" missed="6" covered="0"/><counter type="COMPLEXITY" missed="1" covered="0"/><counter type="METHOD" missed="1" covered="0"/></method><method name="&lt;init&gt;" desc="(DDI)V" line="27"><counter type="INSTRUCTION" missed="22" covered="0"/><counter type="LINE" missed="8" covered="0"/><counter type="COMPLEXITY" missed="1" covered="0"/><counter type="METHOD" missed="1" covered="0"/></method><method name="&lt;init&gt;" desc="(DI)V" line="27"><counter type="INSTRUCTION" missed="22" covered="0"/><counter type="LINE" missed="8" covered="0"/><counter type="COMPLEXITY" missed="1" covered="0"/><counter type="METHOD" missed="1" covered="0"/></method><method name="&lt;init&gt;" desc="(D)V" line="27"><counter type="INSTRUCTION" missed="19" covered="0"/><counter type="LINE" missed="7" covered="0"/><counter type="COMPLEXITY" missed="1" covered="0"/><counter type="METHOD" missed="1" covered="0"/></method><method name="&lt;init&gt;" desc="(I)V" line="27"><counter type="INSTRUCTION" missed="19" covered="0"/><counter type="LINE" missed="7" covered="0"/><counter type="COMPLEXITY" missed="1" covered="0"/><counter type="METHOD" missed="1" covered="0"/></method><method name="fit" desc="([D[D)Lcom/jml/core/ModelBucket;" line="115"><counter type="INSTRUCTION" missed="59" covered="0"/><counter type="LINE" missed="9" covered="0"/><counter type="COMPLEXITY" missed="1" covered="0"/><counter type="METHOD" missed="1" covered="0"/></method><method name="main" desc="([Ljava/lang/String;)V" line="136"><counter type="INSTRUCTION" missed="113" covered="0"/><counter type="LINE" missed="7" covered="0"/><counter type="COMPLEXITY" missed="1" covered="0"/><counter type="METHOD" missed="1" covered="0"/></method><counter type="INSTRUCTION" missed="270" covered="0"/><counter type="LINE" missed="40" covered="0"/><counter type="COMPLEXITY" missed="7" covered="0"/><counter type="METHOD" missed="7" covered="0"/><counter type="CLASS" missed="1" covered="0"/></class><class name="com/jml/linear_models/MultipleLinearRegressionSGD" sourcefilename="MultipleLinearRegressionSGD.java"><method name="&lt;init&gt;" desc="()V" line="26"><counter type="INSTRUCTION" missed="16" covered="0"/><counter type="LINE" missed="6" covered="0"/><counter type="COMPLEXITY" missed="1" covered="0"/><counter type="METHOD" missed="1" covered="0"/></method><method name="&lt;init&gt;" desc="(DDI)V" line="26"><counter type="INSTRUCTION" missed="22" covered="0"/><counter type="LINE" missed="8" covered="0"/><counter type="COMPLEXITY" missed="1" covered="0"/><counter type="METHOD" missed="1" covered="0"/></method><method name="&lt;init&gt;" desc="(DI)V" line="26"><counter type="INSTRUCTION" missed="22" covered="0"/><counter type="LINE" missed="8" covered="0"/><counter type="COMPLEXITY" missed="1" covered="0"/><counter type="METHOD" missed="1" covered="0"/></method><method name="&lt;init&gt;" desc="(D)V" line="26"><counter type="INSTRUCTION" missed="19" covered="0"/><counter type="LINE" missed="7" covered="0"/><counter type="COMPLEXITY" missed="1" covered="0"/><counter type="METHOD" missed="1" covered="0"/></method><method name="&lt;init&gt;" desc="(I)V" line="26"><counter type="INSTRUCTION" missed="19" covered="0"/><counter type="LINE" missed="7" covered="0"/><counter type="COMPLEXITY" missed="1" covered="0"/><counter type="METHOD" missed="1" covered="0"/></method><method name="fit" desc="([[D[D)Lcom/jml/core/ModelBucket;" line="105"><counter type="INSTRUCTION" missed="63" covered="0"/><counter type="LINE" missed="10" covered="0"/><counter type="COMPLEXITY" missed="1" covered="0"/><counter type="METHOD" missed="1" covered="0"/></method><method name="main" desc="([Ljava/lang/String;)V" line="125"><counter type="INSTRUCTION" missed="127" covered="0"/><counter type="LINE" missed="7" covered="0"/><counter type="COMPLEXITY" missed="1" covered="0"/><counter type="METHOD" missed="1" covered="0"/></method><counter type="INSTRUCTION" missed="288" covered="0"/><counter type="LINE" missed="41" covered="0"/><counter type="COMPLEXITY" missed="7" covered="0"/><counter type="METHOD" missed="7" covered="0"/><counter type="CLASS" missed="1" covered="0"/></class><class name="com/jml/linear_models/PolynomialRegressionSGD" sourcefilename="PolynomialRegressionSGD.java"><method name="&lt;init&gt;" desc="()V" line="15"><counter type="INSTRUCTION" missed="16" covered="0"/><counter type="LINE" missed="6" covered="0"/><counter type="COMPLEXITY" missed="1" covered="0"/><counter type="METHOD" missed="1" covered="0"/></method><method name="&lt;init&gt;" desc="(DDI)V" line="15"><counter type="INSTRUCTION" missed="22" covered="0"/><counter type="LINE" missed="8" covered="0"/><counter type="COMPLEXITY" missed="1" covered="0"/><counter type="METHOD" missed="1" covered="0"/></method><method name="&lt;init&gt;" desc="(DI)V" line="15"><counter type="INSTRUCTION" missed="22" covered="0"/><counter type="LINE" missed="8" covered="0"/><counter type="COMPLEXITY" missed="1" covered="0"/><counter type="METHOD" missed="1" covered="0"/></method><method name="&lt;init&gt;" desc="(D)V" line="15"><counter type="INSTRUCTION" missed="19" covered="0"/><counter type="LINE" missed="7" covered="0"/><counter type="COMPLEXITY" missed="1" covered="0"/><counter type="METHOD" missed="1" covered="0"/></method><method name="&lt;init&gt;" desc="(I)V" line="15"><counter type="INSTRUCTION" missed="19" covered="0"/><counter type="LINE" missed="7" covered="0"/><counter type="COMPLEXITY" missed="1" covered="0"/><counter type="METHOD" missed="1" covered="0"/></method><method name="fit" desc="([D[D)Lcom/jml/core/ModelBucket;" line="103"><counter type="INSTRUCTION" missed="59" covered="0"/><counter type="LINE" missed="9" covered="0"/><counter type="COMPLEXITY" missed="1" covered="0"/><counter type="METHOD" missed="1" covered="0"/></method><counter type="INSTRUCTION" missed="157" covered="0"/><counter type="LINE" missed="33" covered="0"/><counter type="COMPLEXITY" missed="6" covered="0"/><counter type="METHOD" missed="6" covered="0"/><counter type="CLASS" missed="1" covered="0"/></class><sourcefile name="LinearModelTags.java"><line nr="3" mi="0" ci="3" mb="0" cb="0"/><line nr="4" mi="0" ci="24" mb="0" cb="0"/><counter type="INSTRUCTION" missed="0" covered="27"/><counter type="LINE" missed="0" covered="2"/><counter type="COMPLEXITY" missed="0" covered="1"/><counter type="METHOD" missed="0" covered="1"/><counter type="CLASS" missed="0" covered="1"/></sourcefile><sourcefile name="LinearRegressionSGD.java"><line nr="27" mi="15" ci="0" mb="0" cb="0"/><line nr="28" mi="15" ci="0" mb="0" cb="0"/><line nr="29" mi="15" ci="0" mb="0" cb="0"/><line nr="36" mi="2" ci="0" mb="0" cb="0"/><line nr="37" mi="4" ci="0" mb="0" cb="0"/><line nr="38" mi="1" ci="0" mb="0" cb="0"/><line nr="52" mi="2" ci="0" mb="0" cb="0"/><line nr="53" mi="4" ci="0" mb="0" cb="0"/><line nr="54" mi="3" ci="0" mb="0" cb="0"/><line nr="55" mi="3" ci="0" mb="0" cb="0"/><line nr="56" mi="1" ci="0" mb="0" cb="0"/><line nr="68" mi="2" ci="0" mb="0" cb="0"/><line nr="69" mi="4" ci="0" mb="0" cb="0"/><line nr="70" mi="3" ci="0" mb="0" cb="0"/><line nr="71" mi="3" ci="0" mb="0" cb="0"/><line nr="72" mi="1" ci="0" mb="0" cb="0"/><line nr="82" mi="2" ci="0" mb="0" cb="0"/><line nr="83" mi="4" ci="0" mb="0" cb="0"/><line nr="84" mi="3" ci="0" mb="0" cb="0"/><line nr="85" mi="1" ci="0" mb="0" cb="0"/><line nr="96" mi="2" ci="0" mb="0" cb="0"/><line nr="97" mi="4" ci="0" mb="0" cb="0"/><line nr="98" mi="3" ci="0" mb="0" cb="0"/><line nr="99" mi="1" ci="0" mb="0" cb="0"/><line nr="115" mi="4" ci="0" mb="0" cb="0"/><line nr="116" mi="12" ci="0" mb="0" cb="0"/><line nr="119" mi="10" ci="0" mb="0" cb="0"/><line nr="120" mi="5" ci="0" mb="0" cb="0"/><line nr="122" mi="8" ci="0" mb="0" cb="0"/><line nr="124" mi="10" ci="0" mb="0" cb="0"/><line nr="127" mi="3" ci="0" mb="0" cb="0"/><line nr="128" mi="2" ci="0" mb="0" cb="0"/><line nr="130" mi="5" ci="0" mb="0" cb="0"/><line nr="136" mi="6" ci="0" mb="0" cb="0"/><line nr="138" mi="47" ci="0" mb="0" cb="0"/><line nr="139" mi="47" ci="0" mb="0" cb="0"/><line nr="141" mi="2" ci="0" mb="0" cb="0"/><line nr="142" mi="5" ci="0" mb="0" cb="0"/><line nr="144" mi="5" ci="0" mb="0" cb="0"/><line nr="145" mi="1" ci="0" mb="0" cb="0"/><counter type="INSTRUCTION" missed="270" covered="0"/><counter type="LINE" missed="40" covered="0"/><counter type="COMPLEXITY" missed="7" covered="0"/><counter type="METHOD" missed="7" covered="0"/><counter type="CLASS" missed="1" covered="0"/></sourcefile><sourcefile name="MultipleLinearRegression.java"><line nr="27" mi="0" ci="2" mb="0" cb="0"/><line nr="28" mi="0" ci="4" mb="0" cb="0"/><line nr="30" mi="0" ci="6" mb="0" cb="0"/><line nr="56" mi="0" ci="3" mb="0" cb="0"/><line nr="63" mi="0" ci="9" mb="0" cb="0"/><line nr="73" mi="3" ci="0" mb="0" cb="0"/><line nr="74" mi="1" ci="0" mb="0" cb="0"/><line nr="84" mi="0" ci="3" mb="0" cb="0"/><line nr="85" mi="0" ci="1" mb="0" cb="0"/><line nr="101" mi="3" ci="3" mb="3" cb="1"/><line nr="102" mi="4" ci="0" mb="2" cb="0"/><line nr="103" mi="6" ci="0" mb="0" cb="0"/><line nr="105" mi="8" ci="0" mb="4" cb="0"/><line nr="106" mi="6" ci="0" mb="0" cb="0"/><line nr="108" mi="4" ci="0" mb="0" cb="0"/><line nr="113" mi="0" ci="3" mb="0" cb="0"/><line nr="114" mi="0" ci="2" mb="0" cb="0"/><line nr="115" mi="0" ci="1" mb="0" cb="0"/><line nr="133" mi="0" ci="4" mb="0" cb="0"/><line nr="134" mi="0" ci="4" mb="0" cb="0"/><line nr="136" mi="0" ci="3" mb="0" cb="2"/><line nr="137" mi="0" ci="5" mb="0" cb="0"/><line nr="140" mi="3" ci="3" mb="3" cb="1"/><line nr="141" mi="4" ci="0" mb="2" cb="0"/><line nr="142" mi="2" ci="0" mb="0" cb="0"/><line nr="144" mi="4" ci="0" mb="2" cb="0"/><line nr="145" mi="2" ci="0" mb="0" cb="0"/><line nr="149" mi="0" ci="4" mb="1" cb="1"/><line nr="150" mi="3" ci="0" mb="0" cb="0"/><line nr="153" mi="0" ci="6" mb="0" cb="0"/><line nr="154" mi="0" ci="5" mb="0" cb="0"/><line nr="155" mi="0" ci="5" mb="0" cb="0"/><line nr="156" mi="0" ci="4" mb="0" cb="0"/><line nr="158" mi="0" ci="3" mb="0" cb="0"/><line nr="159" mi="0" ci="4" mb="0" cb="0"/><line nr="160" mi="0" ci="5" mb="0" cb="0"/><line nr="162" mi="0" ci="3" mb="1" cb="1"/><line nr="163" mi="5" ci="0" mb="0" cb="0"/><line nr="167" mi="0" ci="5" mb="0" cb="0"/><line nr="169" mi="0" ci="8" mb="0" cb="0"/><line nr="170" mi="0" ci="6" mb="0" cb="0"/><line nr="172" mi="0" ci="3" mb="0" cb="0"/><line nr="174" mi="0" ci="2" mb="1" cb="1"/><line nr="175" mi="10" ci="0" mb="0" cb="0"/><line nr="177" mi="0" ci="2" mb="1" cb="1"/><line nr="178" mi="10" ci="0" mb="0" cb="0"/><line nr="181" mi="0" ci="2" mb="0" cb="0"/><line nr="183" mi="0" ci="5" mb="0" cb="0"/><line nr="198" mi="0" ci="6" mb="0" cb="0"/><line nr="212" mi="0" ci="6" mb="1" cb="3"/><line nr="213" mi="0" ci="5" mb="0" cb="0"/><line nr="216" mi="0" ci="10" mb="0" cb="0"/><line nr="218" mi="0" ci="9" mb="0" cb="0"/><line nr="223" mi="4" ci="0" mb="0" cb="0"/><line nr="235" mi="0" ci="3" mb="0" cb="2"/><line nr="236" mi="0" ci="5" mb="0" cb="0"/><line nr="238" mi="0" ci="11" mb="0" cb="2"/><line nr="239" mi="0" ci="5" mb="0" cb="0"/><line nr="242" mi="0" ci="3" mb="0" cb="0"/><line nr="245" mi="0" ci="10" mb="0" cb="0"/><line nr="246" mi="0" ci="11" mb="0" cb="0"/><line nr="247" mi="0" ci="11" mb="0" cb="0"/><line nr="249" mi="0" ci="4" mb="0" cb="0"/><line nr="250" mi="0" ci="1" mb="0" cb="0"/><line nr="255" mi="0" ci="5" mb="0" cb="0"/><line nr="259" mi="1" ci="5" mb="1" cb="1"/><line nr="260" mi="0" ci="9" mb="0" cb="2"/><line nr="264" mi="0" ci="3" mb="1" cb="1"/><line nr="265" mi="2" ci="10" mb="1" cb="1"/><line nr="269" mi="0" ci="6" mb="1" cb="3"/><line nr="270" mi="0" ci="5" mb="0" cb="0"/><line nr="271" mi="0" ci="7" mb="0" cb="0"/><line nr="272" mi="0" ci="9" mb="0" cb="0"/><line nr="274" mi="0" ci="9" mb="0" cb="2"/><line nr="275" mi="0" ci="10" mb="0" cb="0"/><line nr="277" mi="0" ci="7" mb="0" cb="2"/><line nr="278" mi="0" ci="5" mb="0" cb="0"/><line nr="282" mi="0" ci="1" mb="0" cb="0"/><line nr="293" mi="0" ci="3" mb="0" cb="0"/><line nr="304" mi="0" ci="4" mb="0" cb="0"/><line nr="309" mi="4" ci="0" mb="0" cb="0"/><line nr="310" mi="108" ci="0" mb="0" cb="0"/><line nr="315" mi="23" ci="0" mb="0" cb="0"/><line nr="316" mi="45" ci="0" mb="0" cb="0"/><line nr="319" mi="2" ci="0" mb="0" cb="0"/><line nr="320" mi="5" ci="0" mb="0" cb="0"/><line nr="322" mi="4" ci="0" mb="0" cb="0"/><line nr="323" mi="5" ci="0" mb="0" cb="0"/><line nr="324" mi="1" ci="0" mb="0" cb="0"/><counter type="INSTRUCTION" missed="282" covered="326"/><counter type="BRANCH" missed="25" covered="27"/><counter type="LINE" missed="25" covered="64"/><counter type="COMPLEXITY" missed="21" covered="18"/><counter type="METHOD" missed="3" covered="10"/><counter type="CLASS" missed="0" covered="1"/></sourcefile><sourcefile name="PolynomialRegressionSGD.java"><line nr="15" mi="15" ci="0" mb="0" cb="0"/><line nr="16" mi="15" ci="0" mb="0" cb="0"/><line nr="17" mi="15" ci="0" mb="0" cb="0"/><line nr="24" mi="2" ci="0" mb="0" cb="0"/><line nr="25" mi="4" ci="0" mb="0" cb="0"/><line nr="26" mi="1" ci="0" mb="0" cb="0"/><line nr="40" mi="2" ci="0" mb="0" cb="0"/><line nr="41" mi="4" ci="0" mb="0" cb="0"/><line nr="42" mi="3" ci="0" mb="0" cb="0"/><line nr="43" mi="3" ci="0" mb="0" cb="0"/><line nr="44" mi="1" ci="0" mb="0" cb="0"/><line nr="56" mi="2" ci="0" mb="0" cb="0"/><line nr="57" mi="4" ci="0" mb="0" cb="0"/><line nr="58" mi="3" ci="0" mb="0" cb="0"/><line nr="59" mi="3" ci="0" mb="0" cb="0"/><line nr="60" mi="1" ci="0" mb="0" cb="0"/><line nr="70" mi="2" ci="0" mb="0" cb="0"/><line nr="71" mi="4" ci="0" mb="0" cb="0"/><line nr="72" mi="3" ci="0" mb="0" cb="0"/><line nr="73" mi="1" ci="0" mb="0" cb="0"/><line nr="84" mi="2" ci="0" mb="0" cb="0"/><line nr="85" mi="4" ci="0" mb="0" cb="0"/><line nr="86" mi="3" ci="0" mb="0" cb="0"/><line nr="87" mi="1" ci="0" mb="0" cb="0"/><line nr="103" mi="4" ci="0" mb="0" cb="0"/><line nr="104" mi="12" ci="0" mb="0" cb="0"/><line nr="107" mi="10" ci="0" mb="0" cb="0"/><line nr="108" mi="5" ci="0" mb="0" cb="0"/><line nr="110" mi="8" ci="0" mb="0" cb="0"/><line nr="112" mi="10" ci="0" mb="0" cb="0"/><line nr="115" mi="3" ci="0" mb="0" cb="0"/><line nr="116" mi="2" ci="0" mb="0" cb="0"/><line nr="118" mi="5" ci="0" mb="0" cb="0"/><counter type="INSTRUCTION" missed="157" covered="0"/><counter type="LINE" missed="33" covered="0"/><counter type="COMPLEXITY" missed="6" covered="0"/><counter type="METHOD" missed="6" covered="0"/><counter type="CLASS" missed="1" covered="0"/></sourcefile><sourcefile name="Perceptron.java"><line nr="15" mi="3" ci="0" mb="0" cb="0"/><line nr="26" mi="1" ci="0" mb="0" cb="0"/><line nr="37" mi="1" ci="0" mb="0" cb="0"/><line nr="55" mi="2" ci="0" mb="0" cb="0"/><line nr="71" mi="2" ci="0" mb="0" cb="0"/><line nr="86" mi="2" ci="0" mb="0" cb="0"/><line nr="94" mi="2" ci="0" mb="0" cb="0"/><line nr="106" mi="1" ci="0" mb="0" cb="0"/><line nr="117" mi="3" ci="0" mb="0" cb="0"/><line nr="128" mi="2" ci="0" mb="0" cb="0"/><counter type="INSTRUCTION" missed="19" covered="0"/><counter type="LINE" missed="10" covered="0"/><counter type="COMPLEXITY" missed="10" covered="0"/><counter type="METHOD" missed="10" covered="0"/><counter type="CLASS" missed="1" covered="0"/></sourcefile><sourcefile name="MultipleLinearRegressionSGD.java"><line nr="26" mi="15" ci="0" mb="0" cb="0"/><line nr="27" mi="15" ci="0" mb="0" cb="0"/><line nr="28" mi="15" ci="0" mb="0" cb="0"/><line nr="34" mi="2" ci="0" mb="0" cb="0"/><line nr="35" mi="4" ci="0" mb="0" cb="0"/><line nr="36" mi="1" ci="0" mb="0" cb="0"/><line nr="50" mi="2" ci="0" mb="0" cb="0"/><line nr="51" mi="4" ci="0" mb="0" cb="0"/><line nr="52" mi="3" ci="0" mb="0" cb="0"/><line nr="53" mi="3" ci="0" mb="0" cb="0"/><line nr="54" mi="1" ci="0" mb="0" cb="0"/><line nr="66" mi="2" ci="0" mb="0" cb="0"/><line nr="67" mi="4" ci="0" mb="0" cb="0"/><line nr="68" mi="3" ci="0" mb="0" cb="0"/><line nr="69" mi="3" ci="0" mb="0" cb="0"/><line nr="70" mi="1" ci="0" mb="0" cb="0"/><line nr="80" mi="2" ci="0" mb="0" cb="0"/><line nr="81" mi="4" ci="0" mb="0" cb="0"/><line nr="82" mi="3" ci="0" mb="0" cb="0"/><line nr="83" mi="1" ci="0" mb="0" cb="0"/><line nr="94" mi="2" ci="0" mb="0" cb="0"/><line nr="95" mi="4" ci="0" mb="0" cb="0"/><line nr="96" mi="3" ci="0" mb="0" cb="0"/><line nr="97" mi="1" ci="0" mb="0" cb="0"/><line nr="105" mi="4" ci="0" mb="0" cb="0"/><line nr="106" mi="12" ci="0" mb="0" cb="0"/><line nr="109" mi="10" ci="0" mb="0" cb="0"/><line nr="110" mi="5" ci="0" mb="0" cb="0"/><line nr="112" mi="8" ci="0" mb="0" cb="0"/><line nr="114" mi="8" ci="0" mb="0" cb="0"/><line nr="115" mi="6" ci="0" mb="0" cb="0"/><line nr="117" mi="3" ci="0" mb="0" cb="0"/><line nr="118" mi="2" ci="0" mb="0" cb="0"/><line nr="120" mi="5" ci="0" mb="0" cb="0"/><line nr="125" mi="6" ci="0" mb="0" cb="0"/><line nr="128" mi="81" ci="0" mb="0" cb="0"/><line nr="134" mi="27" ci="0" mb="0" cb="0"/><line nr="136" mi="2" ci="0" mb="0" cb="0"/><line nr="137" mi="5" ci="0" mb="0" cb="0"/><line nr="139" mi="5" ci="0" mb="0" cb="0"/><line nr="140" mi="1" ci="0" mb="0" cb="0"/><counter type="INSTRUCTION" missed="288" covered="0"/><counter type="LINE" missed="41" covered="0"/><counter type="COMPLEXITY" missed="7" covered="0"/><counter type="METHOD" missed="7" covered="0"/><counter type="CLASS" missed="1" covered="0"/></sourcefile><sourcefile name="PolynomialRegression.java"><line nr="27" mi="0" ci="2" mb="0" cb="0"/><line nr="28" mi="0" ci="4" mb="0" cb="0"/><line nr="30" mi="0" ci="6" mb="0" cb="0"/><line nr="63" mi="0" ci="3" mb="0" cb="0"/><line nr="64" mi="0" ci="3" mb="0" cb="0"/><line nr="71" mi="0" ci="9" mb="0" cb="0"/><line nr="88" mi="0" ci="3" mb="0" cb="0"/><line nr="89" mi="0" ci="1" mb="0" cb="0"/><line nr="110" mi="0" ci="6" mb="1" cb="3"/><line nr="111" mi="4" ci="0" mb="2" cb="0"/><line nr="112" mi="6" ci="0" mb="0" cb="0"/><line nr="114" mi="8" ci="0" mb="4" cb="0"/><line nr="115" mi="6" ci="0" mb="0" cb="0"/><line nr="117" mi="4" ci="0" mb="0" cb="0"/><line nr="120" mi="4" ci="0" mb="2" cb="0"/><line nr="121" mi="6" ci="0" mb="0" cb="0"/><line nr="122" mi="6" ci="0" mb="2" cb="0"/><line nr="123" mi="6" ci="0" mb="0" cb="0"/><line nr="124" mi="4" ci="0" mb="2" cb="0"/><line nr="125" mi="6" ci="0" mb="0" cb="0"/><line nr="127" mi="4" ci="0" mb="0" cb="0"/><line nr="132" mi="0" ci="3" mb="0" cb="0"/><line nr="133" mi="0" ci="2" mb="0" cb="0"/><line nr="134" mi="0" ci="1" mb="0" cb="0"/><line nr="165" mi="0" ci="3" mb="1" cb="1"/><line nr="166" mi="5" ci="0" mb="0" cb="0"/><line nr="169" mi="0" ci="4" mb="0" cb="0"/><line nr="170" mi="0" ci="4" mb="0" cb="0"/><line nr="172" mi="3" ci="3" mb="3" cb="1"/><line nr="173" mi="4" ci="0" mb="2" cb="0"/><line nr="174" mi="2" ci="0" mb="0" cb="0"/><line nr="176" mi="4" ci="0" mb="2" cb="0"/><line nr="177" mi="2" ci="0" mb="0" cb="0"/><line nr="181" mi="0" ci="4" mb="1" cb="1"/><line nr="182" mi="3" ci="0" mb="0" cb="0"/><line nr="185" mi="0" ci="5" mb="0" cb="0"/><line nr="186" mi="0" ci="6" mb="0" cb="0"/><line nr="187" mi="0" ci="7" mb="0" cb="0"/><line nr="188" mi="0" ci="3" mb="0" cb="0"/><line nr="190" mi="0" ci="4" mb="0" cb="0"/><line nr="191" mi="0" ci="5" mb="0" cb="0"/><line nr="192" mi="0" ci="5" mb="0" cb="0"/><line nr="193" mi="0" ci="8" mb="0" cb="0"/><line nr="195" mi="0" ci="6" mb="0" cb="0"/><line nr="197" mi="0" ci="3" mb="0" cb="0"/><line nr="199" mi="0" ci="2" mb="1" cb="1"/><line nr="200" mi="10" ci="0" mb="0" cb="0"/><line nr="202" mi="0" ci="2" mb="1" cb="1"/><line nr="203" mi="10" ci="0" mb="0" cb="0"/><line nr="206" mi="0" ci="2" mb="0" cb="0"/><line nr="208" mi="0" ci="5" mb="0" cb="0"/><line nr="224" mi="6" ci="0" mb="0" cb="0"/><line nr="238" mi="0" ci="6" mb="2" cb="2"/><line nr="239" mi="5" ci="0" mb="0" cb="0"/><line nr="242" mi="0" ci="4" mb="0" cb="0"/><line nr="243" mi="0" ci="2" mb="0" cb="0"/><line nr="245" mi="0" ci="16" mb="0" cb="2"/><line nr="246" mi="0" ci="10" mb="0" cb="2"/><line nr="247" mi="0" ci="15" mb="0" cb="0"/><line nr="249" mi="0" ci="1" mb="0" cb="0"/><line nr="252" mi="0" ci="2" mb="0" cb="0"/><line nr="258" mi="4" ci="0" mb="0" cb="0"/><line nr="273" mi="0" ci="3" mb="1" cb="1"/><line nr="274" mi="5" ci="0" mb="0" cb="0"/><line nr="276" mi="0" ci="11" mb="0" cb="2"/><line nr="277" mi="0" ci="5" mb="0" cb="0"/><line nr="280" mi="0" ci="3" mb="1" cb="1"/><line nr="281" mi="0" ci="3" mb="0" cb="0"/><line nr="282" mi="0" ci="4" mb="0" cb="0"/><line nr="284" mi="3" ci="0" mb="0" cb="0"/><line nr="285" mi="3" ci="0" mb="0" cb="0"/><line nr="286" mi="11" ci="0" mb="0" cb="0"/><line nr="290" mi="0" ci="9" mb="0" cb="0"/><line nr="291" mi="0" ci="11" mb="0" cb="0"/><line nr="292" mi="0" ci="11" mb="0" cb="0"/><line nr="294" mi="0" ci="4" mb="0" cb="0"/><line nr="295" mi="0" ci="1" mb="0" cb="0"/><line nr="300" mi="5" ci="0" mb="0" cb="0"/><line nr="304" mi="6" ci="0" mb="2" cb="0"/><line nr="305" mi="9" ci="0" mb="2" cb="0"/><line nr="308" mi="3" ci="0" mb="2" cb="0"/><line nr="309" mi="12" ci="0" mb="2" cb="0"/><line nr="310" mi="7" ci="0" mb="0" cb="0"/><line nr="313" mi="6" ci="0" mb="4" cb="0"/><line nr="314" mi="8" ci="0" mb="0" cb="0"/><line nr="315" mi="5" ci="0" mb="0" cb="0"/><line nr="316" mi="7" ci="0" mb="0" cb="0"/><line nr="317" mi="13" ci="0" mb="0" cb="0"/><line nr="319" mi="9" ci="0" mb="2" cb="0"/><line nr="320" mi="10" ci="0" mb="0" cb="0"/><line nr="322" mi="7" ci="0" mb="2" cb="0"/><line nr="323" mi="5" ci="0" mb="0" cb="0"/><line nr="327" mi="1" ci="0" mb="0" cb="0"/><line nr="338" mi="3" ci="0" mb="0" cb="0"/><line nr="349" mi="4" ci="0" mb="0" cb="0"/><counter type="INSTRUCTION" missed="264" covered="245"/><counter type="BRANCH" missed="44" covered="18"/><counter type="LINE" missed="45" covered="50"/><counter type="COMPLEXITY" missed="32" covered="10"/><counter type="METHOD" missed="5" covered="6"/><counter type="CLASS" missed="0" covered="1"/></sourcefile><sourcefile name="Block.java"><line nr="4" mi="0" ci="3" mb="0" cb="0"/><line nr="5" mi="0" ci="3" mb="0" cb="0"/><line nr="6" mi="0" ci="5" mb="0" cb="0"/><line nr="9" mi="0" ci="2" mb="0" cb="0"/><line nr="10" mi="0" ci="3" mb="0" cb="0"/><line nr="11" mi="0" ci="3" mb="0" cb="0"/><line nr="12" mi="0" ci="2" mb="0" cb="0"/><line nr="13" mi="0" ci="1" mb="0" cb="0"/><line nr="18" mi="0" ci="5" mb="0" cb="0"/><line nr="19" mi="0" ci="6" mb="0" cb="0"/><line nr="20" mi="0" ci="5" mb="0" cb="0"/><line nr="21" mi="0" ci="6" mb="0" cb="0"/><line nr="22" mi="0" ci="5" mb="0" cb="0"/><line nr="23" mi="0" ci="6" mb="0" cb="0"/><line nr="24" mi="0" ci="5" mb="0" cb="0"/><line nr="25" mi="0" ci="1" mb="0" cb="0"/><line nr="30" mi="0" ci="4" mb="0" cb="0"/><line nr="35" mi="0" ci="4" mb="0" cb="0"/><line nr="37" mi="0" ci="16" mb="0" cb="2"/><line nr="38" mi="0" ci="5" mb="0" cb="0"/><line nr="41" mi="0" ci="3" mb="0" cb="0"/><counter type="INSTRUCTION" missed="0" covered="93"/><counter type="BRANCH" missed="0" covered="2"/><counter type="LINE" missed="0" covered="21"/><counter type="COMPLEXITY" missed="0" covered="5"/><counter type="METHOD" missed="0" covered="4"/><counter type="CLASS" missed="0" covered="1"/></sourcefile><sourcefile name="LinearRegression.java"><line nr="19" mi="0" ci="2" mb="0" cb="0"/><line nr="20" mi="0" ci="4" mb="0" cb="0"/><line nr="21" mi="0" ci="6" mb="0" cb="0"/><line nr="35" mi="0" ci="2" mb="0" cb="0"/><line nr="36" mi="0" ci="2" mb="0" cb="0"/><line nr="37" mi="0" ci="1" mb="0" cb="0"/><line nr="56" mi="0" ci="6" mb="1" cb="3"/><line nr="57" mi="0" ci="4" mb="1" cb="1"/><line nr="58" mi="0" ci="4" mb="0" cb="0"/><line nr="62" mi="0" ci="3" mb="0" cb="0"/><line nr="63" mi="0" ci="2" mb="0" cb="0"/><line nr="64" mi="0" ci="1" mb="0" cb="0"/><line nr="79" mi="0" ci="6" mb="0" cb="0"/><line nr="80" mi="0" ci="2" mb="0" cb="0"/><line nr="81" mi="0" ci="2" mb="0" cb="0"/><line nr="106" mi="6" ci="0" mb="0" cb="0"/><line nr="107" mi="2" ci="0" mb="0" cb="0"/><line nr="108" mi="2" ci="0" mb="0" cb="0"/><line nr="115" mi="0" ci="3" mb="0" cb="0"/><line nr="118" mi="1" ci="5" mb="1" cb="1"/><line nr="119" mi="0" ci="8" mb="0" cb="2"/><line nr="123" mi="0" ci="3" mb="1" cb="1"/><line nr="124" mi="2" ci="10" mb="1" cb="1"/><line nr="127" mi="0" ci="6" mb="0" cb="4"/><line nr="128" mi="0" ci="8" mb="0" cb="0"/><line nr="129" mi="0" ci="5" mb="0" cb="0"/><line nr="130" mi="0" ci="8" mb="0" cb="0"/><line nr="131" mi="0" ci="13" mb="0" cb="0"/><line nr="133" mi="0" ci="1" mb="0" cb="0"/><line nr="144" mi="0" ci="3" mb="0" cb="0"/><line nr="155" mi="0" ci="3" mb="0" cb="0"/><counter type="INSTRUCTION" missed="13" covered="123"/><counter type="BRANCH" missed="5" covered="13"/><counter type="LINE" missed="3" covered="28"/><counter type="COMPLEXITY" missed="6" covered="11"/><counter type="METHOD" missed="1" covered="7"/><counter type="CLASS" missed="0" covered="1"/></sourcefile><counter type="INSTRUCTION" missed="1293" covered="814"/><counter type="BRANCH" missed="74" covered="60"/><counter type="LINE" missed="197" covered="165"/><counter type="COMPLEXITY" missed="89" covered="45"/><counter type="METHOD" missed="39" covered="28"/><counter type="CLASS" missed="4" covered="5"/></package><package name="com/jml/neural_network/layers"><class name="com/jml/neural_network/layers/Dense" sourcefilename="Dense.java"><method name="&lt;init&gt;" desc="(IILjava/lang/String;)V" line="14"><counter type="INSTRUCTION" missed="8" covered="0"/><counter type="LINE" missed="2" covered="0"/><counter type="COMPLEXITY" missed="1" covered="0"/><counter type="METHOD" missed="1" covered="0"/></method><counter type="INSTRUCTION" missed="8" covered="0"/><counter type="LINE" missed="2" covered="0"/><counter type="COMPLEXITY" missed="1" covered="0"/><counter type="METHOD" missed="1" covered="0"/><counter type="CLASS" missed="1" covered="0"/></class><class name="com/jml/neural_network/layers/Layer" sourcefilename="Layer.java"><method name="&lt;init&gt;" desc="(Ljava/lang/Object;Ljava/lang/Object;Ljava/lang/String;)V" line="5"><counter type="INSTRUCTION" missed="21" covered="0"/><counter type="LINE" missed="8" covered="0"/><counter type="COMPLEXITY" missed="1" covered="0"/><counter type="METHOD" missed="1" covered="0"/></method><counter type="INSTRUCTION" missed="21" covered="0"/><counter type="LINE" missed="8" covered="0"/><counter type="COMPLEXITY" missed="1" covered="0"/><counter type="METHOD" missed="1" covered="0"/><counter type="CLASS" missed="1" covered="0"/></class><sourcefile name="Dense.java"><line nr="14" mi="7" ci="0" mb="0" cb="0"/><line nr="15" mi="1" ci="0" mb="0" cb="0"/><counter type="INSTRUCTION" missed="8" covered="0"/><counter type="LINE" missed="2" covered="0"/><counter type="COMPLEXITY" missed="1" covered="0"/><counter type="METHOD" missed="1" covered="0"/><counter type="CLASS" missed="1" covered="0"/></sourcefile><sourcefile name="Layer.java"><line nr="5" mi="3" ci="0" mb="0" cb="0"/><line nr="6" mi="3" ci="0" mb="0" cb="0"/><line nr="7" mi="3" ci="0" mb="0" cb="0"/><line nr="16" mi="2" ci="0" mb="0" cb="0"/><line nr="17" mi="3" ci="0" mb="0" cb="0"/><line nr="18" mi="3" ci="0" mb="0" cb="0"/><line nr="19" mi="3" ci="0" mb="0" cb="0"/><line nr="20" mi="1" ci="0" mb="0" cb="0"/><counter type="INSTRUCTION" missed="21" covered="0"/><counter type="LINE" missed="8" covered="0"/><counter type="COMPLEXITY" missed="1" covered="0"/><counter type="METHOD" missed="1" covered="0"/><counter type="CLASS" missed="1" covered="0"/></sourcefile><counter type="INSTRUCTION" missed="29" covered="0"/><counter type="LINE" missed="10" covered="0"/><counter type="COMPLEXITY" missed="2" covered="0"/><counter type="METHOD" missed="2" covered="0"/><counter type="CLASS" missed="2" covered="0"/></package><package name="com/jml/neural_network"><class name="com/jml/neural_network/NeuralNetwork" sourcefilename="NeuralNetwork.java"><method name="&lt;init&gt;" desc="()V" line="10"><counter type="INSTRUCTION" missed="3" covered="0"/><counter type="LINE" missed="1" covered="0"/><counter type="COMPLEXITY" missed="1" covered="0"/><counter type="METHOD" missed="1" covered="0"/></method><method name="compile" desc="()V" line="23"><counter type="INSTRUCTION" missed="1" covered="0"/><counter type="LINE" missed="1" covered="0"/><counter type="COMPLEXITY" missed="1" covered="0"/><counter type="METHOD" missed="1" covered="0"/></method><method name="compile" desc="(Ljava/util/Map;)V" line="34"><counter type="INSTRUCTION" missed="1" covered="0"/><counter type="LINE" missed="1" covered="0"/><counter type="COMPLEXITY" missed="1" covered="0"/><counter type="METHOD" missed="1" covered="0"/></method><method name="fit" desc="([[D[[DLjava/util/Map;)Lcom/jml/core/ModelBucket;" line="52"><counter type="INSTRUCTION" missed="2" covered="0"/><counter type="LINE" missed="1" covered="0"/><counter type="COMPLEXITY" missed="1" covered="0"/><counter type="METHOD" missed="1" covered="0"/></method><method name="fit" desc="([[D[[D)Lcom/jml/core/ModelBucket;" line="68"><counter type="INSTRUCTION" missed="2" covered="0"/><counter type="LINE" missed="1" covered="0"/><counter type="COMPLEXITY" missed="1" covered="0"/><counter type="METHOD" missed="1" covered="0"/></method><method name="predict" desc="([[D)[[D" line="83"><counter type="INSTRUCTION" missed="3" covered="0"/><counter type="LINE" missed="1" covered="0"/><counter type="COMPLEXITY" missed="1" covered="0"/><counter type="METHOD" missed="1" covered="0"/></method><method name="predict" desc="(Llinalg/Matrix;Llinalg/Matrix;)Llinalg/Matrix;" line="90"><counter type="INSTRUCTION" missed="2" covered="0"/><counter type="LINE" missed="1" covered="0"/><counter type="COMPLEXITY" missed="1" covered="0"/><counter type="METHOD" missed="1" covered="0"/></method><method name="add" desc="(Lcom/jml/neural_network/layers/Layer;)V" line="101"><counter type="INSTRUCTION" missed="1" covered="0"/><counter type="LINE" missed="1" covered="0"/><counter type="COMPLEXITY" missed="1" covered="0"/><counter type="METHOD" missed="1" covered="0"/></method><method name="saveModel" desc="(Ljava/lang/String;)V" line="112"><counter type="INSTRUCTION" missed="1" covered="0"/><counter type="LINE" missed="1" covered="0"/><counter type="COMPLEXITY" missed="1" covered="0"/><counter type="METHOD" missed="1" covered="0"/></method><method name="getDetails" desc="()Ljava/lang/String;" line="124"><counter type="INSTRUCTION" missed="2" covered="0"/><counter type="LINE" missed="1" covered="0"/><counter type="COMPLEXITY" missed="1" covered="0"/><counter type="METHOD" missed="1" covered="0"/></method><method name="toString" desc="()Ljava/lang/String;" line="136"><counter type="INSTRUCTION" missed="2" covered="0"/><counter type="LINE" missed="1" covered="0"/><counter type="COMPLEXITY" missed="1" covered="0"/><counter type="METHOD" missed="1" covered="0"/></method><counter type="INSTRUCTION" missed="20" covered="0"/><counter type="LINE" missed="11" covered="0"/><counter type="COMPLEXITY" missed="11" covered="0"/><counter type="METHOD" missed="11" covered="0"/><counter type="CLASS" missed="1" covered="0"/
[...]
><counter type="LINE" missed="5" covered="0"/><counter type="COMPLEXITY" missed="3" covered="0"/><counter type="METHOD" missed="2" covered="0"/><counter type="CLASS" missed="1" covered="0"/></class><sourcefile name="Sigmoid.java"><line nr="3" mi="3" ci="0" mb="0" cb="0"/><line nr="15" mi="4" ci="0" mb="0" cb="0"/><line nr="17" mi="8" ci="0" mb="2" cb="0"/><line nr="18" mi="8" ci="0" mb="0" cb="0"/><line nr="21" mi="2" ci="0" mb="0" cb="0"/><counter type="INSTRUCTION" missed="25" covered="0"/><counter type="BRANCH" missed="2" covered="0"/><counter type="LINE" missed="5" covered="0"/><counter type="COMPLEXITY" missed="3" covered="0"/><counter type="METHOD" missed="2" covered="0"/><counter type="CLASS" missed="1" covered="0"/></sourcefile><sourcefile name="Activation.java"><line nr="3" mi="3" ci="0" mb="0" cb="0"/><counter type="INSTRUCTION" missed="3" covered="0"/><counter type="LINE" missed="1" covered="0"/><counter type="COMPLEXITY" missed="1" covered="0"/><counter type="METHOD" missed="1" covered="0"/><counter type="CLASS" missed="1" covered="0"/></sourcefile><counter type="INSTRUCTION" missed="28" covered="0"/><counter type="BRANCH" missed="2" covered="0"/><counter type="LINE" missed="6" covered="0"/><counter type="COMPLEXITY" missed="4" covered="0"/><counter type="METHOD" missed="3" covered="0"/><counter type="CLASS" missed="2" covered="0"/></package><package name="com/jml/preprocessing"><class name="com/jml/preprocessing/Normalize" sourcefilename="Normalize.java"><method name="&lt;init&gt;" desc="()V" line="10"><counter type="INSTRUCTION" missed="7" covered="0"/><counter type="LINE" missed="2" covered="0"/><counter type="COMPLEXITY" missed="1" covered="0"/><counter type="METHOD" missed="1" covered="0"/></method><method name="minMaxScale" desc="([D)[D" line="25"><counter type="INSTRUCTION" missed="0" covered="5"/><counter type="LINE" missed="0" covered="1"/><counter type="COMPLEXITY" missed="0" covered="1"/><counter type="METHOD" missed="0" covered="1"/></method><method name="minMaxScale" desc="([DDD)[D" line="41"><counter type="INSTRUCTION" missed="0" covered="58"/><counter type="BRANCH" missed="0" covered="6"/><counter type="LINE" missed="0" covered="10"/><counter type="COMPLEXITY" missed="0" covered="4"/><counter type="METHOD" missed="0" covered="1"/></method><method name="meanNormalize" desc="([D)[D" line="69"><counter type="INSTRUCTION" missed="0" covered="44"/><counter type="BRANCH" missed="0" covered="4"/><counter type="LINE" missed="0" covered="9"/><counter type="COMPLEXITY" missed="0" covered="3"/><counter type="METHOD" missed="0" covered="1"/></method><method name="l2" desc="([D)[D" line="93"><counter type="INSTRUCTION" missed="0" covered="25"/><counter type="LINE" missed="0" covered="4"/><counter type="COMPLEXITY" missed="0" covered="1"/><counter type="METHOD" missed="0" covered="1"/></method><method name="l2" desc="([[D)[[D" line="109"><counter type="INSTRUCTION" missed="0" covered="25"/><counter type="BRANCH" missed="0" covered="2"/><counter type="LINE" missed="0" covered="4"/><counter type="COMPLEXITY" missed="0" covered="2"/><counter type="METHOD" missed="0" covered="1"/></method><method name="zScore" desc="([D)[D" line="127"><counter type="INSTRUCTION" missed="0" covered="30"/><counter type="BRANCH" missed="0" covered="2"/><counter type="LINE" missed="0" covered="6"/><counter type="COMPLEXITY" missed="0" covered="2"/><counter type="METHOD" missed="0" covered="1"/></method><counter type="INSTRUCTION" missed="7" covered="187"/><counter type="BRANCH" missed="0" covered="14"/><counter type="LINE" missed="2" covered="34"/><counter type="COMPLEXITY" missed="1" covered="13"/><counter type="METHOD" missed="1" covered="6"/><counter type="CLASS" missed="0" covered="1"/></class><sourcefile name="Normalize.java"><line nr="10" mi="2" ci="0" mb="0" cb="0"/><line nr="11" mi="5" ci="0" mb="0" cb="0"/><line nr="25" mi="0" ci="5" mb="0" cb="0"/><line nr="41" mi="0" ci="4" mb="0" cb="2"/><line nr="42" mi="0" ci="7" mb="0" cb="0"/><line nr="45" mi="0" ci="4" mb="0" cb="0"/><line nr="46" mi="0" ci="3" mb="0" cb="0"/><line nr="47" mi="0" ci="3" mb="0" cb="0"/><line nr="49" mi="0" ci="4" mb="0" cb="2"/><line nr="50" mi="0" ci="5" mb="0" cb="0"/><line nr="53" mi="0" ci="8" mb="0" cb="2"/><line nr="54" mi="0" ci="18" mb="0" cb="0"/><line nr="57" mi="0" ci="2" mb="0" cb="0"/><line nr="69" mi="0" ci="4" mb="0" cb="0"/><line nr="70" mi="0" ci="3" mb="0" cb="0"/><line nr="71" mi="0" ci="3" mb="0" cb="0"/><line nr="72" mi="0" ci="3" mb="0" cb="0"/><line nr="74" mi="0" ci="4" mb="0" cb="2"/><line nr="75" mi="0" ci="5" mb="0" cb="0"/><line nr="78" mi="0" ci="8" mb="0" cb="2"/><line nr="79" mi="0" ci="12" mb="0" cb="0"/><line nr="82" mi="0" ci="2" mb="0" cb="0"/><line nr="93" mi="0" ci="6" mb="0" cb="0"/><line nr="94" mi="0" ci="3" mb="0" cb="0"/><line nr="95" mi="0" ci="8" mb="0" cb="0"/><line nr="97" mi="0" ci="8" mb="0" cb="0"/><line nr="109" mi="0" ci="8" mb="0" cb="0"/><line nr="111" mi="0" ci="8" mb="0" cb="2"/><line nr="112" mi="0" ci="7" mb="0" cb="0"/><line nr="115" mi="0" ci="2" mb="0" cb="0"/><line nr="127" mi="0" ci="4" mb="0" cb="0"/><line nr="128" mi="0" ci="3" mb="0" cb="0"/><line nr="129" mi="0" ci="3" mb="0" cb="0"/><line nr="131" mi="0" ci="8" mb="0" cb="2"/><line nr="132" mi="0" ci="10" mb="0" cb="0"/><line nr="135" mi="0" ci="2" mb="0" cb="0"/><counter type="INSTRUCTION" missed="7" covered="187"/><counter type="BRANCH" missed="0" covered="14"/><counter type="LINE" missed="2" covered="34"/><counter type="COMPLEXITY" missed="1" covered="13"/><counter type="METHOD" missed="1" covered="6"/><counter type="CLASS" missed="0" covered="1"/></sourcefile><counter type="INSTRUCTION" missed="7" covered="187"/><counter type="BRANCH" missed="0" covered="14"/><counter type="LINE" missed="2" covered="34"/><counter type="COMPLEXITY" missed="1" covered="13"/><counter type="METHOD" missed="1" covered="6"/><counter type="CLASS" missed="0" covered="1"/></package><package name="com/jml/losses"><class name="com/jml/losses/Function" sourcefilename="Function.java"/><class name="com/jml/losses/LossFunctions" sourcefilename="LossFunctions.java"><method name="&lt;init&gt;" desc="()V" line="15"><counter type="INSTRUCTION" missed="7" covered="0"/><counter type="LINE" missed="2" covered="0"/><counter type="COMPLEXITY" missed="1" covered="0"/><counter type="METHOD" missed="1" covered="0"/></method><method name="lambda$static$0" desc="(Llinalg/Matrix;Llinalg/Matrix;Llinalg/Matrix;Lcom/jml/core/Model;)Llinalg/Matrix;" line="27"><counter type="INSTRUCTION" missed="15" covered="0"/><counter type="LINE" missed="1" covered="0"/><counter type="COMPLEXITY" missed="1" covered="0"/><counter type="METHOD" missed="1" covered="0"/></method><method name="&lt;clinit&gt;" desc="()V" line="26"><counter type="INSTRUCTION" missed="3" covered="0"/><counter type="LINE" missed="1" covered="0"/><counter type="COMPLEXITY" missed="1" covered="0"/><counter type="METHOD" missed="1" covered="0"/></method><counter type="INSTRUCTION" missed="25" covered="0"/><counter type="LINE" missed="4" covered="0"/><counter type="COMPLEXITY" missed="3" covered="0"/><counter type="METHOD" missed="3" covered="0"/><counter type="CLASS" missed="1" covered="0"/></class><class name="com/jml/losses/LossGradients" sourcefilename="LossGradients.java"><method name="&lt;init&gt;" desc="()V" line="9"><counter type="INSTRUCTION" missed="7" covered="0"/><counter type="LINE" missed="2" covered="0"/><counter type="COMPLEXITY" missed="1" covered="0"/><counter type="METHOD" missed="1" covered="0"/></method><method name="lambda$static$0" desc="(Llinalg/Matrix;Llinalg/Matrix;Llinalg/Matrix;Lcom/jml/core/Model;)Llinalg/Matrix;" line="19"><counter type="INSTRUCTION" missed="12" covered="0"/><counter type="LINE" missed="1" covered="0"/><counter type="COMPLEXITY" missed="1" covered="0"/><counter type="METHOD" missed="1" covered="0"/></method><method name="&lt;clinit&gt;" desc="()V" line="12"><counter type="INSTRUCTION" missed="5" covered="0"/><counter type="LINE" missed="2" covered="0"/><counter type="COMPLEXITY" missed="1" covered="0"/><counter type="METHOD" missed="1" covered="0"/></method><counter type="INSTRUCTION" missed="24" covered="0"/><counter type="LINE" missed="5" covered="0"/><counter type="COMPLEXITY" missed="3" covered="0"/><counter type="METHOD" missed="3" covered="0"/><counter type="CLASS" missed="1" covered="0"/></class><sourcefile name="Function.java"/><sourcefile name="LossFunctions.java"><line nr="15" mi="2" ci="0" mb="0" cb="0"/><line nr="16" mi="5" ci="0" mb="0" cb="0"/><line nr="26" mi="3" ci="0" mb="0" cb="0"/><line nr="27" mi="15" ci="0" mb="0" cb="0"/><counter type="INSTRUCTION" missed="25" covered="0"/><counter type="LINE" missed="4" covered="0"/><counter type="COMPLEXITY" missed="3" covered="0"/><counter type="METHOD" missed="3" covered="0"/><counter type="CLASS" missed="1" covered="0"/></sourcefile><sourcefile name="LossGradients.java"><line nr="9" mi="2" ci="0" mb="0" cb="0"/><line nr="10" mi="5" ci="0" mb="0" cb="0"/><line nr="12" mi="2" ci="0" mb="0" cb="0"/><line nr="18" mi="3" ci="0" mb="0" cb="0"/><line nr="19" mi="12" ci="0" mb="0" cb="0"/><counter type="INSTRUCTION" missed="24" covered="0"/><counter type="LINE" missed="5" covered="0"/><counter type="COMPLEXITY" missed="3" covered="0"/><counter type="METHOD" missed="3" covered="0"/><counter type="CLASS" missed="1" covered="0"/></sourcefile><counter type="INSTRUCTION" missed="49" covered="0"/><counter type="LINE" missed="9" covered="0"/><counter type="COMPLEXITY" missed="6" covered="0"/><counter type="METHOD" missed="6" covered="0"/><counter type="CLASS" missed="2" covered="0"/></package><package name="com/jml/util"><class name="com/jml/util/FileManager" sourcefilename="FileManager.java"><method name="&lt;init&gt;" desc="()V" line="13"><counter type="INSTRUCTION" missed="7" covered="0"/><counter type="LINE" missed="2" covered="0"/><counter type="COMPLEXITY" missed="1" covered="0"/><counter type="METHOD" missed="1" covered="0"/></method><method name="stringToFile" desc="(Ljava/lang/String;Ljava/lang/String;)V" line="25"><counter type="INSTRUCTION" missed="5" covered="13"/><counter type="LINE" missed="2" covered="4"/><counter type="COMPLEXITY" missed="0" covered="1"/><counter type="METHOD" missed="0" covered="1"/></method><method name="readFile" desc="(Ljava/lang/String;)Ljava/lang/String;" line="38"><counter type="INSTRUCTION" missed="0" covered="24"/><counter type="LINE" missed="0" covered="7"/><counter type="COMPLEXITY" missed="0" covered="1"/><counter type="METHOD" missed="0" covered="1"/></method><method name="lambda$readFile$0" desc="(Ljava/lang/StringBuilder;Ljava/lang/String;)V" line="41"><counter type="INSTRUCTION" missed="0" covered="7"/><counter type="LINE" missed="0" covered="1"/><counter type="COMPLEXITY" missed="0" covered="1"/><counter type="METHOD" missed="0" covered="1"/></method><counter type="INSTRUCTION" missed="12" covered="44"/><counter type="LINE" missed="4" covered="11"/><counter type="COMPLEXITY" missed="1" covered="3"/><counter type="METHOD" missed="1" covered="3"/><counter type="CLASS" missed="0" covered="1"/></class><class name="com/jml/util/ArrayUtils" sourcefilename="ArrayUtils.java"><method name="&lt;init&gt;" desc="()V" line="6"><counter type="INSTRUCTION" missed="3" covered="0"/><counter type="LINE" missed="1" covered="0"/><counter type="COMPLEXITY" missed="1" covered="0"/><counter type="METHOD" missed="1" covered="0"/></method><method name="round" desc="([DI)[D" line="17"><counter type="INSTRUCTION" missed="0" covered="27"/><counter type="BRANCH" missed="0" covered="2"/><counter type="LINE" missed="0" covered="5"/><counter type="COMPLEXITY" missed="0" covered="2"/><counter type="METHOD" missed="0" covered="1"/></method><method name="round" desc="([[DI)[[D" line="37"><counter type="INSTRUCTION" missed="0" covered="26"/><counter type="BRANCH" missed="0" covered="2"/><counter type="LINE" missed="0" covered="4"/><counter type="COMPLEXITY" missed="0" covered="2"/><counter type="METHOD" missed="0" covered="1"/></method><method name="asString" desc="([D)Ljava/lang/String;" line="54"><counter type="INSTRUCTION" missed="0" covered="32"/><counter type="BRANCH" missed="0" covered="4"/><counter type="LINE" missed="0" covered="6"/><counter type="COMPLEXITY" missed="0" covered="3"/><counter type="METHOD" missed="0" covered="1"/></method><method name="asString" desc="([[D)Ljava/lang/String;" line="75"><counter type="INSTRUCTION" missed="0" covered="48"/><counter type="BRANCH" missed="0" covered="6"/><counter type="LINE" missed="0" covered="8"/><counter type="COMPLEXITY" missed="0" covered="4"/><counter type="METHOD" missed="0" covered="1"/></method><counter type="INSTRUCTION" missed="3" covered="133"/><counter type="BRANCH" missed="0" covered="14"/><counter type="LINE" missed="1" covered="23"/><counter type="COMPLEXITY" missed="1" covered="11"/><counter type="METHOD" missed="1" covered="4"/><counter type="CLASS" missed="0" covered="1"/></class><class name="com/jml/util/ArrayErrors" sourcefilename="ArrayErrors.java"><method name="&lt;init&gt;" desc="()V" line="7"><counter type="INSTRUCTION" missed="7" covered="0"/><counter type="LINE" missed="2" covered="0"/><counter type="COMPLEXITY" missed="1" covered="0"/><counter type="METHOD" missed="1" covered="0"/></method><method name="checkNotEmpty" desc="([D)V" line="18"><counter type="INSTRUCTION" missed="0" covered="9"/><counter type="BRANCH" missed="0" covered="2"/><counter type="LINE" missed="0" covered="3"/><counter type="COMPLEXITY" missed="0" covered="2"/><counter type="METHOD" missed="0" covered="1"/></method><method name="checkSameLength" desc="([D[D)V" line="32"><counter type="INSTRUCTION" missed="0" covered="15"/><counter type="BRANCH" missed="0" covered="2"/><counter type="LINE" missed="0" covered="3"/><counter type="COMPLEXITY" missed="0" covered="2"/><counter type="METHOD" missed="0" covered="1"/></method><counter type="INSTRUCTION" missed="7" covered="24"/><counter type="BRANCH" missed="0" covered="4"/><counter type="LINE" missed="2" covered="6"/><counter type="COMPLEXITY" missed="1" covered="4"/><counter type="METHOD" missed="1" covered="2"/><counter type="CLASS" missed="0" covered="1"/></class><sourcefile name="FileManager.java"><line nr="13" mi="2" ci="0" mb="0" cb="0"/><line nr="14" mi="5" ci="0" mb="0" cb="0"/><line nr="25" mi="0" ci="8" mb="0" cb="0"/><line nr="26" mi="0" ci="3" mb="0" cb="0"/><line nr="27" mi="1" ci="0" mb="0" cb="0"/><line nr="28" mi="4" ci="0" mb="0" cb="0"/><line nr="29" mi="0" ci="1" mb="0" cb="0"/><line nr="30" mi="0" ci="1" mb="0" cb="0"/><line nr="38" mi="0" ci="4" mb="0" cb="0"/><line nr="40" mi="0" ci="7" mb="0" cb="0"/><line nr="41" mi="0" ci="11" mb="0" cb="0"/><line nr="43" mi="0" ci="1" mb="0" cb="0"/><line nr="44" mi="0" ci="4" mb="0" cb="0"/><line nr="45" mi="0" ci="1" mb="0" cb="0"/><line nr="47" mi="0" ci="3" mb="0" cb="0"/><counter type="INSTRUCTION" missed="12" covered="44"/><counter type="LINE" missed="4" covered="11"/><counter type="COMPLEXITY" missed="1" covered="3"/><counter type="METHOD" missed="1" covered="3"/><counter type="CLASS" missed="0" covered="1"/></sourcefile><sourcefile name="ArrayErrors.java"><line nr="7" mi="2" ci="0" mb="0" cb="0"/><line nr="8" mi="5" ci="0" mb="0" cb="0"/><line nr="18" mi="0" ci="3" mb="0" cb="2"/><line nr="19" mi="0" ci="5" mb="0" cb="0"/><line nr="21" mi="0" ci="1" mb="0" cb="0"/><line nr="32" mi="0" ci="5" mb="0" cb="2"/><line nr="33" mi="0" ci="9" mb="0" cb="0"/><line nr="36" mi="0" ci="1" mb="0" cb="0"/><counter type="INSTRUCTION" missed="7" covered="24"/><counter type="BRANCH" missed="0" covered="4"/><counter type="LINE" missed="2" covered="6"/><counter type="COMPLEXITY" missed="1" covered="4"/><counter type="METHOD" missed="1" covered="2"/><counter type="CLASS" missed="0" covered="1"/></sourcefile><sourcefile name="ArrayUtils.java"><line nr="6" mi="3" ci="0" mb="0" cb="0"/><line nr="17" mi="0" ci="4" mb="0" cb="0"/><line nr="20" mi="0" ci="8" mb="0" cb="2"/><line nr="21" mi="0" ci="8" mb="0" cb="0"/><line nr="22" mi="0" ci="5" mb="0" cb="0"/><line nr="25" mi="0" ci="2" mb="0" cb="0"/><line nr="37" mi="0" ci="8" mb="0" cb="0"/><line nr="39" mi="0" ci="8" mb="0" cb="2"/><line nr="40" mi="0" ci="8" mb="0" cb="0"/><line nr="43" mi="0" ci="2" mb="0" cb="0"/><line nr="54" mi="0" ci="5" mb="0" cb="0"/><line nr="56" mi="0" ci="8" mb="0" cb="2"/><line nr="57" mi="0" ci="6" mb="0" cb="0"/><line nr="59" mi="0" ci="6" mb="0" cb="2"/><line nr="60" mi="0" ci="4" mb="0" cb="0"/><line nr="64" mi="0" ci="3" mb="0" cb="0"/><line nr="75" mi="0" ci="5" mb="0" cb="0"/><line nr="78" mi="0" ci="8" mb="0" cb="2"/><line nr="79" mi="0" ci="10" mb="0" cb="2"/><line nr="80" mi="0" ci="8" mb="0" cb="0"/><line nr="82" mi="0" ci="6" mb="0" cb="2"/><line nr="83" mi="0" ci="4" mb="0" cb="0"/><line nr="87" mi="0" ci="4" mb="0" cb="0"/><line nr="90" mi="0" ci="3" mb="0" cb="0"/><counter type="INSTRUCTION" missed="3" covered="133"/><counter type="BRANCH" missed="0" covered="14"/><counter type="LINE" missed="1" covered="23"/><counter type="COMPLEXITY" missed="1" covered="11"/><counter type="METHOD" missed="1" covered="4"/><counter type="CLASS" missed="0" covered="1"/></sourcefile><counter type="INSTRUCTION" missed="22" covered="201"/><counter type="BRANCH" missed="0" covered="18"/><counter type="LINE" missed="7" covered="40"/><counter type="COMPLEXITY" missed="3" covered="18"/><counter type="METHOD" missed="3" covered="9"/><counter type="CLASS" missed="0" covered="3"/></package><package name="com/jml/clasifiers"><class name="com/jml/clasifiers/KNearestNeighbors" sourcefilename="KNearestNeighbors.java"><method name="&lt;init&gt;" desc="()V" line="3"><counter type="INSTRUCTION" missed="3" covered="0"/><counter type="LINE" missed="1" covered="0"/><counter type="COMPLEXITY" missed="1" covered="0"/><counter type="METHOD" missed="1" covered="0"/></method><counter type="INSTRUCTION" missed="3" covered="0"/><counter type="LINE" missed="1" covered="0"/><counter type="COMPLEXITY" missed="1" covered="0"/><counter type="METHOD" missed="1" covered="0"/><counter type="CLASS" missed="1" covered="0"/></class><class name="com/jml/clasifiers/LogisticRegression" sourcefilename="LogisticRegression.java"><method name="&lt;init&gt;" desc="()V" line="3"><counter type="INSTRUCTION" missed="3" covered="0"/><counter type="LINE" missed="1" covered="0"/><counter type="COMPLEXITY" missed="1" covered="0"/><counter type="METHOD" missed="1" covered="0"/></method><counter type="INSTRUCTION" missed="3" covered="0"/><counter type="LINE" missed="1" covered="0"/><counter type="COMPLEXITY" missed="1" covered="0"/><counter type="METHOD" missed="1" covered="0"/><counter type="CLASS" missed="1" covered="0"/></class><sourcefile name="KNearestNeighbors.java"><line nr="3" mi="3" ci="0" mb="0" cb="0"/><counter type="INSTRUCTION" missed="3" covered="0"/><counter type="LINE" missed="1" covered="0"/><counter type="COMPLEXITY" missed="1" covered="0"/><counter type="METHOD" missed="1" covered="0"/><counter type="CLASS" missed="1" covered="0"/></sourcefile><sourcefile name="LogisticRegression.java"><line nr="3" mi="3" ci="0" mb="0" cb="0"/><counter type="INSTRUCTION" missed="3" covered="0"/><counter type="LINE" missed="1" covered="0"/><counter type="COMPLEXITY" missed="1" covered="0"/><counter type="METHOD" missed="1" covered="0"/><counter type="CLASS" missed="1" covered="0"/></sourcefile><counter type="INSTRUCTION" missed="6" covered="0"/><counter type="LINE" missed="2" covered="0"/><counter type="COMPLEXITY" missed="2" covered="0"/><counter type="METHOD" missed="2" covered="0"/><counter type="CLASS" missed="2" covered="0"/></package><counter type="INSTRUCTION" missed="1769" covered="2192"/><counter type="BRANCH" missed="112" covered="190"/><counter type="LINE" missed="309" covered="456"/><counter type="COMPLEXITY" missed="165" covered="144"/><counter type="METHOD" missed="84" covered="74"/><counter type="CLASS" missed="17" covered="17"/></report>