GROUP,PACKAGE,CLASS,INSTRUCTION_MISSED,INSTRUCTION_COVERED,BRANCH_MISSED,BRANCH_COVERED,LINE_MISSED,LINE_COVERED,COMPLEXITY_MISSED,COMPLEXITY_COVERED,METHOD_MISSED,METHOD_COVERED
java-machine-learning,com.jml.optimizers,GradientDescent,24,37,2,2,5,9,4,2,2,2
java-machine-learning,com.jml.optimizers,Adam,32,176,1,7,10,31,4,7,3,4
java-machine-learning,com.jml.optimizers,StepLearningRate,18,32,0,4,8,8,2,4,2,2
java-machine-learning,com.jml.optimizers,Scheduler,0,3,0,0,0,1,0,1,0,1
java-machine-learning,com.jml.optimizers,Momentum,58,58,8,2,13,13,8,2,3,2
java-machine-learning,com.jml.optimizers,Optimizer,0,10,0,0,0,4,0,3,0,3
java-machine-learning,com.jml.linear_models,MultipleLinearRegression,6,236,4,14,1,46,4,14,0,9
java-machine-learning,com.jml.linear_models,LinearGradient,3,14,0,0,1,1,1,1,1,1
java-machine-learning,com.jml.linear_models,Perceptron,62,274,7,11,11,58,11,10,4,8
java-machine-learning,com.jml.linear_models,LinearRegressionSGD,6,309,2,12,2,54,2,13,0,8
java-machine-learning,com.jml.linear_models,MultipleLinearRegressionSGD,6,309,2,12,2,54,2,13,0,8
java-machine-learning,com.jml.linear_models,PolynomialRegression,1,348,3,21,0,62,3,19,0,10
java-machine-learning,com.jml.linear_models,LinearRegression,1,78,3,3,0,17,3,5,0,5
java-machine-learning,com.jml.linear_models,LinearModelTags,0,33,0,0,0,2,0,1,0,1
java-machine-learning,com.jml.linear_models,PolynomialRegressionSGD,13,329,3,13,3,60,3,13,0,8
java-machine-learning,com.jml.neural_network,NeuralNetwork,211,1530,18,86,38,249,25,54,7,20
java-machine-learning,com.jml.neural_network,ModelTags,0,63,0,0,0,2,0,1,0,1
java-machine-learning,com.jml.neural_network.layers,Dropout,74,145,3,5,9,31,4,10,2,8
java-machine-learning,com.jml.neural_network.layers,BaseLayer,6,0,0,0,4,0,4,0,4,0
java-machine-learning,com.jml.neural_network.layers,Dense,3,218,2,2,1,38,3,10,1,10
java-machine-learning,com.jml.neural_network.layers,Linear,41,384,5,5,10,80,8,19,3,19
java-machine-learning,com.jml.core,NeuralNetFromData,44,390,10,38,7,78,9,18,0,3
java-machine-learning,com.jml.core,Metrics,48,101,6,14,9,14,5,9,2,2
java-machine-learning,com.jml.core,LogRegFromData,5,75,2,4,1,20,2,3,0,2
java-machine-learning,com.jml.core,Stats,26,478,4,54,5,96,6,42,2,17
java-machine-learning,com.jml.core,KnnFromData,5,146,2,14,1,33,2,8,0,2
java-machine-learning,com.jml.core,ModelFromData,32,255,11,41,6,51,12,18,1,3
java-machine-learning,com.jml.core,GnbFromData,6,123,2,10,1,28,2,6,0,2
java-machine-learning,com.jml.core,Block,0,87,0,2,0,19,0,5,0,4
java-machine-learning,com.jml.core,Stats.new Comparator() {...},0,11,0,0,0,2,0,2,0,2
java-machine-learning,com.jml.core,MultRegFromData,6,75,2,4,1,19,2,3,0,2
java-machine-learning,com.jml.core,LinRegFromData,5,75,2,4,1,20,2,3,0,2
java-machine-learning,com.jml.core,DataLoader,7,203,1,13,2,29,2,8,1,2
java-machine-learning,com.jml.core,ModelTypes,0,69,0,0,0,4,0,1,0,1
java-machine-learning,com.jml.core,Model,5,158,2,20,1,32,2,12,0,3
java-machine-learning,com.jml.core,PolyRegFromData,5,85,2,6,1,22,2,4,0,2
java-machine-learning,com.jml.neural_network.activations,Tanh,0,69,0,4,0,11,0,6,0,4
java-machine-learning,com.jml.neural_network.activations,Softmax,148,0,10,0,26,0,10,0,5,0
java-machine-learning,com.jml.neural_network.activations,Relu,0,96,0,12,0,15,0,10,0,4
java-machine-learning,com.jml.neural_network.activations,Sigmoid,3,82,1,7,1,16,1,7,0,4
java-machine-learning,com.jml.neural_network.activations,Linear,0,15,0,0,0,5,0,4,0,4
java-machine-learning,com.jml.neural_network.activations,Activations,7,16,0,0,2,4,2,4,2,4
java-machine-learning,com.jml.preprocessing,OneHotEncoder,10,310,3,29,2,62,3,21,0,8
java-machine-learning,com.jml.preprocessing,Normalize,33,212,0,16,6,38,2,15,2,7
java-machine-learning,com.jml.preprocessing,DataSplitter,13,183,2,10,3,31,3,6,1,2
java-machine-learning,com.jml.preprocessing,ClassEncoder,0,217,0,20,0,40,0,15,0,5
java-machine-learning,com.jml.preprocessing,OneHotBase,0,68,0,6,0,14,0,5,0,2
java-machine-learning,com.jml.losses,CrossEntropy,107,0,12,0,16,0,10,0,4,0
java-machine-learning,com.jml.losses,Loss,59,0,0,0,5,0,5,0,5,0
java-machine-learning,com.jml.losses,LossFunctions,12,211,1,19,3,32,2,14,1,5
java-machine-learning,com.jml.losses,BinaryCrossEntropy,87,17,8,0,12,2,6,2,2,2
java-machine-learning,com.jml.losses,MeanSquaredError,4,20,0,0,1,3,1,3,1,3
java-machine-learning,com.jml.util,ArrayUtils,239,575,19,59,43,98,23,47,12,19
java-machine-learning,com.jml.util,FileManager,23,110,1,5,8,24,3,6,2,4
java-machine-learning,com.jml.util,ArrayErrors,7,24,0,4,2,6,1,4,1,2
java-machine-learning,com.jml.classifiers,KDTree,0,123,1,15,0,31,1,11,0,4
java-machine-learning,com.jml.classifiers,KNearestNeighbors,28,324,2,16,5,61,5,16,3,9
java-machine-learning,com.jml.classifiers,ClassifierTags,0,33,0,0,0,2,0,1,0,1
java-machine-learning,com.jml.classifiers,LogisticRegression,26,612,7,33,5,94,8,27,1,14
java-machine-learning,com.jml.classifiers,KDTree.PointNode,9,22,1,1,1,6,1,3,0,3
java-machine-learning,com.jml.classifiers.naive_bayes,GaussianNaiveBayes,51,428,7,25,9,72,11,18,4,9
java-machine-learning,com.jml.neural_network.layers.initilizers,HeNormal,9,47,0,4,3,9,1,4,1,2
java-machine-learning,com.jml.neural_network.layers.initilizers,RandomNormal,29,65,0,4,10,15,2,5,2,3
java-machine-learning,com.jml.neural_network.layers.initilizers,GlorotUniform,9,54,0,4,3,9,1,4,1,2
java-machine-learning,com.jml.neural_network.layers.initilizers,HeUniform,9,52,0,4,3,9,1,4,1,2
java-machine-learning,com.jml.neural_network.layers.initilizers,RandomUniform,21,80,0,4,5,17,1,5,1,3
java-machine-learning,com.jml.neural_network.layers.initilizers,Constant,0,20,0,0,0,7,0,3,0,3
java-machine-learning,com.jml.neural_network.layers.initilizers,Orthogonal,0,16,0,2,0,4,0,3,0,2
java-machine-learning,com.jml.neural_network.layers.initilizers,Ones,0,7,0,0,0,2,0,2,0,2
java-machine-learning,com.jml.neural_network.layers.initilizers,GlorotNormal,9,49,0,4,3,9,1,4,1,2
java-machine-learning,com.jml.neural_network.layers.initilizers,Zeros,0,9,0,0,0,2,0,2,0,2
