<?xml version="1.0" encoding="UTF-8" standalone="yes"?><!DOCTYPE report PUBLIC "-//JACOCO//DTD Report 1.1//EN" "report.dtd"><report name="java-machine-learning"><sessioninfo id="Jacobs-MacBook-Pro.local-eeb2791" start="1632845484977" dump="1632845491603"/><sessioninfo id="Jacobs-MacBook-Pro.local-d1d78cb5" start="1632845609342" dump="1632845616097"/><sessioninfo id="Jacobs-MacBook-Pro.local-e32e3ed5" start="1632845823014" dump="1632845829611"/><sessioninfo id="Jacobs-MacBook-Pro.local-b085bda1" start="1632845863722" dump="1632845870145"/><sessioninfo id="Jacobs-MacBook-Pro.local-86f3779c" start="1632845910473" dump="1632845917140"/><sessioninfo id="Jacobs-MacBook-Pro.local-9b40657d" start="1632845946810" dump="1632845953295"/><sessioninfo id="Jacobs-MacBook-Pro.local-c6692e6" start="1632846118558" dump="1632846124956"/><sessioninfo id="Jacobs-MacBook-Pro.local-6e68a9e7" start="1632846158858" dump="1632846165794"/><sessioninfo id="Jacobs-MacBook-Pro.local-80402ce6" start="1632846182413" dump="1632846188917"/><sessioninfo id="Jacobs-MacBook-Pro.local-7f36d275" start="1632846221525" dump="1632846228042"/><sessioninfo id="Jacobs-MacBook-Pro.local-e52c73a1" start="1632846291040" dump="1632846299154"/><sessioninfo id="Jacobs-MacBook-Pro.local-b37cb0c2" start="1632846504973" dump="1632846511526"/><sessioninfo id="Jacobs-MacBook-Pro.local-17cae59a" start="1632846529991" dump="1632846536622"/><sessioninfo id="Jacobs-MacBook-Pro.local-778071a" start="1632846882079" dump="1632846888680"/><sessioninfo id="Jacobs-MacBook-Pro.local-67d1f3c4" start="1632846926625" dump="1632846933170"/><sessioninfo id="Jacobs-MacBook-Pro.local-a782f394" start="1632847090718" dump="1632847097325"/><sessioninfo id="Jacobs-MacBook-Pro.local-fbfc0dd4" start="1632847314612" dump="1632847321113"/><sessioninfo id="Jacobs-MacBook-Pro.local-f088d602" start="1632847319467" dump="1632847324545"/><sessioninfo id="Jacobs-MacBook-Pro.local-e4a2f5ae" start="1632847349415" dump="1632847356204"/><sessioninfo id="Jacobs-MacBook-Pro.local-6a165012" start="1632847443114" dump="1632847449882"/><sessioninfo id="Jacobs-MacBook-Pro.local-c641ab0c" start="1632847529201" dump="1632847535852"/><sessioninfo id="Jacobs-MacBook-Pro.local-14a889e9" start="1632847650153" dump="1632847656857"/><sessioninfo id="Jacobs-MacBook-Pro.local-54f3391b" start="1632847806679" dump="1632847814805"/><sessioninfo id="Jacobs-MacBook-Pro.local-852fb04a" start="1632847862515" dump="1632847869816"/><sessioninfo id="Jacobs-MacBook-Pro.local-496fa473" start="1632847892042" dump="1632847898918"/><sessioninfo id="Jacobs-MacBook-Pro.local-5a263b7a" start="1632847921109" dump="1632847927796"/><sessioninfo id="Jacobs-MacBook-Pro.local-cacf00a7" start="1632848108267" dump="1632848115401"/><sessioninfo id="Jacobs-MacBook-Pro.local-1885ea87" start="1632848157571" dump="1632848163906"/><sessioninfo id="Jacobs-MacBook-Pro.local-7f21f8a2" start="1632848246699" dump="1632848253046"/><sessioninfo id="Jacobs-MacBook-Pro.local-823bd378" start="1632848665220" dump="1632848671685"/><sessioninfo id="Jacobs-MacBook-Pro.local-e1e243a7" start="1632848989463" dump="1632848996190"/><sessioninfo id="Jacobs-MacBook-Pro.local-38b1f8e" start="1632848991805" dump="1632848996960"/><sessioninfo id="Jacobs-MacBook-Pro.local-4204563f" start="1632849012235" dump="1632849020110"/><sessioninfo id="Jacobs-MacBook-Pro.local-11acb26b" start="1632849019308" dump="1632849024399"/><sessioninfo id="Jacobs-MacBook-Pro.local-b58239a9" start="1632849058738" dump="1632849065297"/><sessioninfo id="Jacobs-MacBook-Pro.local-b6db6625" start="1632849081106" dump="1632849088488"/><sessioninfo id="Jacobs-MacBook-Pro.local-3a7ac77d" start="1632849117781" dump="1632849124519"/><sessioninfo id="Jacobs-MacBook-Pro.local-ed41e7a2" start="1632849134505" dump="1632849141177"/><sessioninfo id="Jacobs-MacBook-Pro.local-910199d4" start="1632849269035" dump="1632849275482"/><sessioninfo id="Jacobs-MacBook-Pro.local-a9003d6" start="1632849424760" dump="1632849431203"/><sessioninfo id="Jacobs-MacBook-Pro.local-3e15188b" start="1632849529993" dump="1632849536331"/><sessioninfo id="Jacobs-MacBook-Pro.local-d43c3392" start="1632849614040" dump="1632849621095"/><sessioninfo id="Jacobs-MacBook-Pro.local-2b6b634d" start="1632849714062" dump="1632849721849"/><sessioninfo id="Jacobs-MacBook-Pro.local-4b90852d" start="1632849780045" dump="1632849787067"/><sessioninfo id="Jacobs-MacBook-Pro.local-62191ad1" start="1632849827757" dump="1632849834798"/><sessioninfo id="Jacobs-MacBook-Pro.local-578912a5" start="1632849847085" dump="1632849853702"/><sessioninfo id="Jacobs-MacBook-Pro.local-31d482f8" start="1632849878803" dump="1632849885801"/><sessioninfo id="Jacobs-MacBook-Pro.local-b2e0cdca" start="1632849910007" dump="1632849916737"/><sessioninfo id="Jacobs-MacBook-Pro.local-50a93a74" start="1632849926456" dump="1632849933139"/><sessioninfo id="Jacobs-MacBook-Pro.local-4b6a4b52" start="1632850013382" dump="1632850019906"/><sessioninfo id="Jacobs-MacBook-Pro.local-34479113" start="1632850312297" dump="1632850318674"/><sessioninfo id="Jacobs-MacBook-Pro.local-2c9ef20c" start="1632850363786" dump="1632850370497"/><sessioninfo id="Jacobs-MacBook-Pro.local-8b98df62" start="1632850413278" dump="1632850420443"/><sessioninfo id="Jacobs-MacBook-Pro.local-ea80be9f" start="1632850414967" dump="1632850423551"/><sessioninfo id="DESKTOP-3F0SSFQ-1e05dbdf" start="1632855969761" dump="1632855970511"/><sessioninfo id="DESKTOP-3F0SSFQ-c5b15b8e" start="1632856383887" dump="1632856384687"/><sessioninfo id="DESKTOP-3F0SSFQ-1f0e2d38" start="1632856398303" dump="1632856399343"/><sessioninfo id="DESKTOP-3F0SSFQ-c52f8e8a" start="1632856456555" dump="1632856457390"/><sessioninfo id="DESKTOP-3F0SSFQ-286c7c2b" start="1632858820518" dump="1632858821262"/><sessioninfo id="DESKTOP-3F0SSFQ-885222ea" start="1632859446406" dump="1632859447156"/><sessioninfo id="DESKTOP-3F0SSFQ-b6bc4324" start="1632859502810" dump="1632859503567"/><sessioninfo id="DESKTOP-3F0SSFQ-db382519" start="1632871505932" dump="1632871507133"/><sessioninfo id="DESKTOP-3F0SSFQ-acb8908b" start="1632872232658" dump="1632872233649"/><sessioninfo id="DESKTOP-3F0SSFQ-849452d5" start="1632872402021" dump="1632872403170"/><sessioninfo id="DESKTOP-3F0SSFQ-1c550914" start="1632872506142" dump="1632872507219"/><sessioninfo id="DESKTOP-3F0SSFQ-4c6bdbec" start="1632872882026" dump="1632872883059"/><sessioninfo id="DESKTOP-3F0SSFQ-6c91adc9" start="1632872912291" dump="1632872913357"/><sessioninfo id="DESKTOP-3F0SSFQ-dd89c80e" start="1632872959545" dump="1632872960565"/><sessioninfo id="DESKTOP-3F0SSFQ-826c44aa" start="1632872980190" dump="1632872981262"/><sessioninfo id="DESKTOP-3F0SSFQ-568ed224" start="1632873005067" dump="1632873006173"/><sessioninfo id="DESKTOP-3F0SSFQ-1d358134" start="1632873044010" dump="1632873045012"/><sessioninfo id="DESKTOP-3F0SSFQ-4dced3cf" start="1632873064311" dump="1632873065653"/><sessioninfo id="DESKTOP-3F0SSFQ-e9237991" start="1632873094797" dump="1632873095872"/><sessioninfo id="DESKTOP-3F0SSFQ-4b29cdc4" start="1632873107431" dump="1632873108511"/><sessioninfo id="DESKTOP-3F0SSFQ-6075b39a" start="1632873177641" dump="1632873178688"/><sessioninfo id="DESKTOP-3F0SSFQ-7e7aac23" start="1632873187408" dump="1632873188478"/><sessioninfo id="DESKTOP-3F0SSFQ-3d364c7d" start="1632873307670" dump="1632873308672"/><sessioninfo id="DESKTOP-3F0SSFQ-c9719283" start="1632873451795" dump="1632873452760"/><sessioninfo id="DESKTOP-3F0SSFQ-ee5f2e1d" start="1632873500175" dump="1632873501260"/><sessioninfo id="DESKTOP-3F0SSFQ-90b7924c" start="1632873623394" dump="1632873624448"/><sessioninfo id="DESKTOP-3F0SSFQ-a8eef81" start="1632873642946" dump="1632873644464"/><sessioninfo id="DESKTOP-3F0SSFQ-4fec60a8" start="1632874096077" dump="1632874097105"/><sessioninfo id="DESKTOP-3F0SSFQ-b9d4136a" start="1632874922876" dump="1632874924096"/><sessioninfo id="DESKTOP-3F0SSFQ-826219a5" start="1632875009882" dump="1632875011109"/><sessioninfo id="DESKTOP-3F0SSFQ-669771ba" start="1632875082298" dump="1632875083585"/><sessioninfo id="DESKTOP-3F0SSFQ-24f5834d" start="1632875294099" dump="1632875295166"/><sessioninfo id="DESKTOP-3F0SSFQ-b084e371" start="1632875320652" dump="1632875321919"/><sessioninfo id="DESKTOP-3F0SSFQ-381cdb03" start="1632875489749" dump="1632875490757"/><sessioninfo id="DESKTOP-3F0SSFQ-9da28bef" start="1632875511751" dump="1632875512920"/><sessioninfo id="DESKTOP-3F0SSFQ-77a50c5b" start="1632875700667" dump="1632875701896"/><sessioninfo id="DESKTOP-3F0SSFQ-1f885b12" start="1632875759366" dump="1632875760464"/><sessioninfo id="Jacobs-MacBook-Pro.local-ac39eebd" start="1632933871275" dump="1632933877720"/><sessioninfo id="Jacobs-MacBook-Pro.local-f6c6a99a" start="1632933970796" dump="1632933977246"/><sessioninfo id="Jacobs-MacBook-Pro.local-f00ce1a3" start="1632934044082" dump="1632934050433"/><sessioninfo id="Jacobs-MacBook-Pro.local-df943b9" start="1632934078944" dump="1632934085240"/><sessioninfo id="Jacobs-MacBook-Pro.local-310c2f16" start="1632934219395" dump="1632934225699"/><sessioninfo id="Jacobs-MacBook-Pro.local-9a044035" start="1632934310771" dump="1632934317081"/><sessioninfo id="Jacobs-MacBook-Pro.local-c01a924f" start="1632934721259" dump="1632934727601"/><sessioninfo id="Jacobs-MacBook-Pro.local-5f8152cb" start="1632935045434" dump="1632935052650"/><sessioninfo id="Jacobs-MacBook-Pro.local-b39788b" start="1632935697471" dump="1632935704131"/><sessioninfo id="Jacobs-MacBook-Pro.local-1e20655e" start="1632935722398" dump="1632935728790"/><sessioninfo id="Jacobs-MacBook-Pro.local-d298b5eb" start="1632935962455" dump="1632935968851"/><sessioninfo id="Jacobs-MacBook-Pro.local-7b31a446" start="1632935963342" dump="1632935970770"/><sessioninfo id="Jacobs-MacBook-Pro.local-f92d6d7c" start="1632943661084" dump="1632943668032"/><sessioninfo id="Jacobs-MacBook-Pro.local-de000ca" start="1632943756206" dump="1632943762813"/><sessioninfo id="Jacobs-MacBook-Pro.local-326f0772" start="1632943816506" dump="1632943823193"/><sessioninfo id="Jacobs-MacBook-Pro.local-f31b1967" start="1632943942915" dump="1632943950038"/><sessioninfo id="Jacobs-MacBook-Pro.local-8c2c93de" start="1632945035061" dump="1632945041718"/><sessioninfo id="Jacobs-MacBook-Pro.local-30618cbb" start="1632945185889" dump="1632945192507"/><sessioninfo id="Jacobs-MacBook-Pro.local-c4a6ecdb" start="1632945241056" dump="1632945247507"/><sessioninfo id="Jacobs-MacBook-Pro.local-faf75b8c" start="1632945626366" dump="1632945633018"/><sessioninfo id="Jacobs-MacBook-Pro.local-6a0b72bb" start="1632945750280" dump="1632945756827"/><sessioninfo id="Jacobs-MacBook-Pro.local-57734265" start="1632945777265" dump="1632945783800"/><sessioninfo id="Jacobs-MBP-edd108df" start="1632949603500" dump="1632949605271"/><sessioninfo id="DESKTOP-3F0SSFQ-d9acbbd8" start="1632963626255" dump="1632963627611"/><sessioninfo id="DESKTOP-3F0SSFQ-b1dd7b28" start="1632963646978" dump="1632963648665"/><sessioninfo id="DESKTOP-3F0SSFQ-43ed3d5d" start="1632963744497" dump="1632963745634"/><sessioninfo id="DESKTOP-3F0SSFQ-b5a016eb" start="1632963772870" dump="1632963773989"/><sessioninfo id="DESKTOP-3F0SSFQ-f82a7460" start="1632963916174" dump="1632963917464"/><sessioninfo id="DESKTOP-3F0SSFQ-471b6c5b" start="1632964065964" dump="1632964067176"/><sessioninfo id="DESKTOP-3F0SSFQ-7285e70e" start="1632964267039" dump="1632964268253"/><sessioninfo id="DESKTOP-3F0SSFQ-2d2b3fc5" start="1632966877342" dump="1632966878373"/><sessioninfo id="DESKTOP-3F0SSFQ-d189cb5" start="1632966888836" dump="1632966890019"/><sessioninfo id="DESKTOP-3F0SSFQ-53e79a5b" start="1632966965713" dump="1632966966635"/><sessioninfo id="DESKTOP-3F0SSFQ-e36f78e6" start="1632967601204" dump="1632967602162"/><sessioninfo id="DESKTOP-3F0SSFQ-2834cc4c" start="1632967610675" dump="1632967611641"/><sessioninfo id="DESKTOP-3F0SSFQ-53eb9b62" start="1632967725691" dump="1632967726752"/><sessioninfo id="DESKTOP-3F0SSFQ-827e5c04" start="1632967777337" dump="1632967778283"/><sessioninfo id="DESKTOP-3F0SSFQ-13615053" start="1632967874677" dump="1632967875621"/><sessioninfo id="DESKTOP-3F0SSFQ-e7c8d31c" start="1632967902104" dump="1632967902970"/><sessioninfo id="DESKTOP-3F0SSFQ-5535a9b3" start="1632968051288" dump="1632968052192"/><sessioninfo id="DESKTOP-3F0SSFQ-a3f1d05e" start="1632968127842" dump="1632968128713"/><sessioninfo id="DESKTOP-3F0SSFQ-59099c4f" start="1632968275828" dump="1632968276907"/><sessioninfo id="DESKTOP-3F0SSFQ-2a2f9ac5" start="1632969584923" dump="1632969585928"/><sessioninfo id="DESKTOP-3F0SSFQ-2342a196" start="1632970068422" dump="1632970069437"/><sessioninfo id="DESKTOP-3F0SSFQ-5babe23b" start="1632970488929" dump="1632970490002"/><sessioninfo id="DESKTOP-3F0SSFQ-8221038f" start="1632970831044" dump="1632970832103"/><sessioninfo id="DESKTOP-3F0SSFQ-ec2c1eb" start="1632970954842" dump="1632970955869"/><sessioninfo id="DESKTOP-3F0SSFQ-b5d1e754" start="1632971013250" dump="1632971014244"/><sessioninfo id="DESKTOP-3F0SSFQ-a483e820" start="1632971071251" dump="1632971072223"/><sessioninfo id="DESKTOP-3F0SSFQ-df7a3696" start="1632971164310" dump="1632971165245"/><sessioninfo id="DESKTOP-3F0SSFQ-e7532139" start="1632971605590" dump="1632971606776"/><sessioninfo id="DESKTOP-3F0SSFQ-8f852787" start="1632971742833" dump="1632971744155"/><sessioninfo id="DESKTOP-3F0SSFQ-7d736488" start="1632971823533" dump="1632971825115"/><sessioninfo id="DESKTOP-3F0SSFQ-862d2d54" start="1632971827807" dump="1632971829293"/><sessioninfo id="DESKTOP-3F0SSFQ-68de78d4" start="1632972218971" dump="1632972220169"/><sessioninfo id="DESKTOP-3F0SSFQ-439b46d5" start="1632972369806" dump="1632972370921"/><sessioninfo id="DESKTOP-3F0SSFQ-c0a33bd0" start="1632972385238" dump="1632972386422"/><sessioninfo id="DESKTOP-3F0SSFQ-679bcffd" start="1632972400731" dump="1632972401890"/><sessioninfo id="Jacobs-MacBook-Pro.local-8659c0d5" start="1633021953809" dump="1633021960687"/><sessioninfo id="Jacobs-MacBook-Pro.local-d8292e9f" start="1633021987232" dump="1633021993739"/><sessioninfo id="Jacobs-MacBook-Pro.local-9f38a23e" start="1633022031242" dump="1633022038404"/><sessioninfo id="Jacobs-MacBook-Pro.local-cd9d6338" start="1633023287006" dump="1633023293659"/><sessioninfo id="Jacobs-MBP-3e0722f6" start="1633027275396" dump="1633027277674"/><sessioninfo id="DESKTOP-3F0SSFQ-2b3e2fb6" start="1633040498594" dump="1633040499930"/><sessioninfo id="DESKTOP-3F0SSFQ-fa31b374" start="1633040693715" dump="1633040694823"/><sessioninfo id="DESKTOP-3F0SSFQ-2d915d28" start="1633040962424" dump="1633040963635"/><sessioninfo id="DESKTOP-3F0SSFQ-943bebbf" start="1633042795910" dump="1633042797195"/><sessioninfo id="DESKTOP-3F0SSFQ-383849c" start="1633043046984" dump="1633043048193"/><sessioninfo id="DESKTOP-3F0SSFQ-b2bcd127" start="1633043418136" dump="1633043419253"/><sessioninfo id="DESKTOP-3F0SSFQ-4bf022c" start="1633043923313" dump="1633043924119"/><sessioninfo id="DESKTOP-3F0SSFQ-69920524" start="1633043925221" dump="1633043926254"/><sessioninfo id="DESKTOP-3F0SSFQ-a23602dd" start="1633043944291" dump="1633043945390"/><sessioninfo id="DESKTOP-3F0SSFQ-a4d64dad" start="1633044614142" dump="1633044615268"/><sessioninfo id="DESKTOP-3F0SSFQ-8823b554" start="1633044624433" dump="1633044625731"/><sessioninfo id="DESKTOP-3F0SSFQ-82170d88" start="1633044689755" dump="1633044690973"/><sessioninfo id="DESKTOP-3F0SSFQ-25e51aa2" start="1633044708283" dump="1633044709346"/><sessioninfo id="DESKTOP-3F0SSFQ-4592c11a" start="1633044983292" dump="1633044984291"/><sessioninfo id="DESKTOP-3F0SSFQ-9b1025fd" start="1633045070248" dump="1633045071385"/><sessioninfo id="DESKTOP-3F0SSFQ-a2dca3a6" start="1633045496403" dump="1633045497665"/><sessioninfo id="DESKTOP-3F0SSFQ-861e865b" start="1633046030159" dump="1633046031271"/><sessioninfo id="DESKTOP-3F0SSFQ-846e3906" start="1633046066279" dump="1633046067398"/><sessioninfo id="DESKTOP-3F0SSFQ-bc7d8a94" start="1633046102235" dump="1633046103506"/><sessioninfo id="DESKTOP-3F0SSFQ-dc6fc082" start="1633113621336" dump="1633113622625"/><sessioninfo id="DESKTOP-3F0SSFQ-e99f7007" start="1633553529376" dump="1633553530399"/><sessioninfo id="DESKTOP-3F0SSFQ-efbe2ae0" start="1633553576756" dump="1633553577707"/><sessioninfo id="DESKTOP-3F0SSFQ-7b0955f2" start="1633553857230" dump="1633553858287"/><sessioninfo id="DESKTOP-3F0SSFQ-d34b83ba" start="1633553942616" dump="1633553943572"/><sessioninfo id="DESKTOP-3F0SSFQ-95da06a3" start="1633554153014" dump="1633554154074"/><sessioninfo id="DESKTOP-3F0SSFQ-3731401e" start="1633554221879" dump="1633554222909"/><sessioninfo id="DESKTOP-3F0SSFQ-a260afff" start="1633554380753" dump="1633554381643"/><sessioninfo id="DESKTOP-3F0SSFQ-cd976c8e" start="1633554407158" dump="1633554408048"/><sessioninfo id="DESKTOP-3F0SSFQ-b034bb32" start="1633554419717" dump="1633554420711"/><sessioninfo id="DESKTOP-3F0SSFQ-1ae799d8" start="1633554539214" dump="1633554540310"/><sessioninfo id="DESKTOP-3F0SSFQ-6d3ae8a7" start="1633560454258" dump="1633560455282"/><sessioninfo id="DESKTOP-3F0SSFQ-3313df93" start="1633560620868" dump="1633560621995"/><sessioninfo id="DESKTOP-3F0SSFQ-9afc078a" start="1633560915553" dump="1633560916673"/><sessioninfo id="DESKTOP-3F0SSFQ-ad7c35b2" start="1633561017353" dump="1633561018459"/><sessioninfo id="DESKTOP-3F0SSFQ-6cd4f7c9" start="1633561156997" dump="1633561158227"/><sessioninfo id="DESKTOP-3F0SSFQ-3465ea38" start="1633561916543" dump="1633561917600"/><sessioninfo id="DESKTOP-3F0SSFQ-839b9476" start="1633562081909" dump="1633562082905"/><sessioninfo id="DESKTOP-3F0SSFQ-fac326ea" start="1633562159862" dump="1633562161051"/><sessioninfo id="Jacobs-MacBook-Pro.local-ef85ce2b" start="1633625415412" dump="1633625423143"/><sessioninfo id="Jacobs-MacBook-Pro.local-acfec804" start="1633625417439" dump="1633625427213"/><sessioninfo id="Jacobs-MacBook-Pro.local-d382347e" start="1633625850574" dump="1633625857387"/><sessioninfo id="Jacobs-MacBook-Pro.local-60b8ff57" start="1633626692308" dump="1633626699335"/><sessioninfo id="Jacobs-MacBook-Pro.local-b6ebdb96" start="1633626775549" dump="1633626782121"/><sessioninfo id="Jacobs-MacBook-Pro.local-c76428ce" start="1633627197679" dump="1633627205162"/><sessioninfo id="Jacobs-MacBook-Pro.local-5a63f9ba" start="1633629255969" dump="1633629262365"/><sessioninfo id="Jacobs-MacBook-Pro.local-8514daa9" start="1633629285143" dump="1633629291359"/><sessioninfo id="Jacobs-MacBook-Pro.local-2409e45f" start="1633629319198" dump="1633629325519"/><sessioninfo id="Jacobs-MacBook-Pro.local-7a88e35f" start="1633629398746" dump="1633629404881"/><sessioninfo id="Jacobs-MacBook-Pro.local-ba5a8ad9" start="1633629437460" dump="1633629443694"/><sessioninfo id="Jacobs-MacBook-Pro.local-bc30bb67" start="1633629479303" dump="1633629486031"/><sessioninfo id="Jacobs-MacBook-Pro.local-be12e637" start="1633629523122" dump="1633629529729"/><sessioninfo id="Jacobs-MacBook-Pro.local-5886c1a" start="1633629562739" dump="1633629569297"/><sessioninfo id="Jacobs-MacBook-Pro.local-da7ed16d" start="1633637617886" dump="1633637625126"/><sessioninfo id="Jacobs-MacBook-Pro.local-193f1c06" start="1633638005575" dump="1633638012940"/><sessioninfo id="Jacobs-MacBook-Pro.local-36339348" start="1633638146790" dump="1633638153660"/><sessioninfo id="Jacobs-MacBook-Pro.local-47d05c6f" start="1633638352091" dump="1633638358864"/><sessioninfo id="Jacobs-MacBook-Pro.local-678ccf4" start="1633638475392" dump="1633638482130"/><sessioninfo id="Jacobs-MacBook-Pro.local-e2e87448" start="1633638552117" dump="1633638558616"/><sessioninfo id="Jacobs-MacBook-Pro.local-b1afc0cd" start="1633638676542" dump="1633638683206"/><sessioninfo id="Jacobs-MacBook-Pro.local-ed78c489" start="1633638748424" dump="1633638754791"/><sessioninfo id="Jacobs-MacBook-Pro.local-3718d483" start="1633638800978" dump="1633638807618"/><sessioninfo id="Jacobs-MacBook-Pro.local-2a1ca55c" start="1633638986010" dump="1633638993499"/><sessioninfo id="Jacobs-MacBook-Pro.local-1a73178f" start="1633639910362" dump="1633639917292"/><sessioninfo id="Jacobs-MacBook-Pro.local-967d634e" start="1633640203351" dump="1633640209710"/><sessioninfo id="Jacobs-MacBook-Pro.local-ea2ed6c1" start="1633640326506" dump="1633640333861"/><sessioninfo id="Jacobs-MacBook-Pro.local-2f044ef7" start="1633640344740" dump="1633640351540"/><sessioninfo id="Jacobs-MacBook-Pro.local-12f6a087" start="1633640346676" dump="1633640351816"/><sessioninfo id="Jacobs-MacBook-Pro.local-1a1679e2" start="1633640580023" dump="1633640587109"/><sessioninfo id="Jacobs-MacBook-Pro.local-dcf3254f" start="1633641072739" dump="1633641079394"/><sessioninfo id="Jacobs-MacBook-Pro.local-b45243ec" start="1633641587266" dump="1633641593626"/><sessioninfo id="Jacobs-MacBook-Pro.local-920b6e31" start="1633641801029" dump="1633641807516"/><sessioninfo id="Jacobs-MacBook-Pro.local-47a9fd91" start="1633641967238" dump="1633641973767"/><sessioninfo id="Jacobs-MacBook-Pro.local-a94845f8" start="1633642173464" dump="1633642180141"/><sessioninfo id="Jacobs-MacBook-Pro.local-e05a634" start="1633642230369" dump="1633642237286"/><sessioninfo id="Jacobs-MacBook-Pro.local-702c88e4" start="1633642488724" dump="1633642495285"/><sessioninfo id="DESKTOP-3F0SSFQ-ba1d31f5" start="1633813240816" dump="1633813242113"/><sessioninfo id="DESKTOP-3F0SSFQ-ef8db80e" start="1633813303752" dump="1633813305032"/><sessioninfo id="DESKTOP-3F0SSFQ-783af50" start="1633813360196" dump="1633813361330"/><sessioninfo id="DESKTOP-3F0SSFQ-a38e735c" start="1633813392178" dump="1633813393294"/><sessioninfo id="DESKTOP-3F0SSFQ-f704a5a6" start="1633813991988" dump="1633813993234"/><sessioninfo id="DESKTOP-3F0SSFQ-69b28821" start="1633815060905" dump="1633815061945"/><sessioninfo id="DESKTOP-3F0SSFQ-b3f120d6" start="1633815193756" dump="1633815194983"/><sessioninfo id="DESKTOP-3F0SSFQ-72ab6c6a" start="1633815432738" dump="1633815433685"/><sessioninfo id="DESKTOP-3F0SSFQ-9064070c" start="1633815537964" dump="1633815538977"/><sessioninfo id="DESKTOP-3F0SSFQ-85cde47" start="1633815614870" dump="1633815615834"/><sessioninfo id="DESKTOP-3F0SSFQ-b6adfa2b" start="1633815627787" dump="1633815628752"/><sessioninfo id="DESKTOP-3F0SSFQ-47dc1e95" start="1633815841348" dump="1633815842286"/><sessioninfo id="DESKTOP-3F0SSFQ-27678979" start="1633817666059" dump="1633817667234"/><sessioninfo id="DESKTOP-3F0SSFQ-f122c100" start="1633817724240" dump="1633817725377"/><sessioninfo id="DESKTOP-3F0SSFQ-2e8663f7" start="1633817747283" dump="1633817748478"/><sessioninfo id="DESKTOP-3F0SSFQ-f1a954ff" start="1633817777505" dump="1633817778666"/><sessioninfo id="DESKTOP-3F0SSFQ-b2af499f" start="1633817801131" dump="1633817802315"/><sessioninfo id="DESKTOP-3F0SSFQ-2522858b" start="1633817864097" dump="1633817865323"/><sessioninfo id="DESKTOP-3F0SSFQ-bf031360" start="1633817941288" dump="1633817942545"/><sessioninfo id="DESKTOP-3F0SSFQ-a95f8730" start="1633817987155" dump="1633817989109"/><sessioninfo id="DESKTOP-3F0SSFQ-ae7de20c" start="1633817993988" dump="1633817995816"/><sessioninfo id="DESKTOP-3F0SSFQ-e45fe380" start="1633818043592" dump="1633818044757"/><sessioninfo id="DESKTOP-3F0SSFQ-a25ac300" start="1633818070107" dump="1633818071395"/><sessioninfo id="DESKTOP-3F0SSFQ-12dd1f41" start="1633818089246" dump="1633818090396"/><sessioninfo id="DESKTOP-3F0SSFQ-2f4c3a8d" start="1633818107229" dump="1633818108413"/><sessioninfo id="DESKTOP-3F0SSFQ-93b805f9" start="1633818127654" dump="1633818128801"/><sessioninfo id="DESKTOP-3F0SSFQ-e3b12da4" start="1633818146615" dump="1633818147791"/><sessioninfo id="DESKTOP-3F0SSFQ-25b2c7fc" start="1633818163426" dump="1633818164739"/><sessioninfo id="DESKTOP-3F0SSFQ-e0754ecd" start="1633818177026" dump="1633818178281"/><sessioninfo id="DESKTOP-3F0SSFQ-a2c64727" start="1633818192110" dump="1633818193376"/><sessioninfo id="DESKTOP-3F0SSFQ-87b1718e" start="1633818776156" dump="1633818777096"/><sessioninfo id="DESKTOP-3F0SSFQ-15ff75cb" start="1633836906222" dump="1633836907395"/><sessioninfo id="DESKTOP-3F0SSFQ-7df7760f" start="1633836949990" dump="1633836951046"/><sessioninfo id="DESKTOP-3F0SSFQ-24aa2601" start="1633837081341" dump="1633837082497"/><sessioninfo id="DESKTOP-3F0SSFQ-69b270d8" start="1633837182045" dump="1633837183064"/><sessioninfo id="DESKTOP-3F0SSFQ-6b84bc98" start="1633837230118" dump="1633837231229"/><sessioninfo id="DESKTOP-3F0SSFQ-c18e8f40" start="1633837276142" dump="1633837277166"/><sessioninfo id="DESKTOP-3F0SSFQ-2dcedce0" start="1633837362929" dump="1633837363958"/><sessioninfo id="DESKTOP-3F0SSFQ-c89c1fa2" start="1633837430383" dump="1633837431464"/><sessioninfo id="DESKTOP-3F0SSFQ-75f13ab8" start="1633838408402" dump="1633838409581"/><sessioninfo id="DESKTOP-3F0SSFQ-4d405493" start="1633838428571" dump="1633838429685"/><sessioninfo id="DESKTOP-3F0SSFQ-b12ab37" start="1633838475338" dump="1633838476455"/><sessioninfo id="DESKTOP-3F0SSFQ-66965a8" start="1633838496041" dump="1633838497529"/><sessioninfo id="DESKTOP-3F0SSFQ-44b019da" start="1633838597161" dump="1633838598458"/><sessioninfo id="DESKTOP-3F0SSFQ-81bc5f5b" start="1633838614629" dump="1633838615786"/><sessioninfo id="DESKTOP-3F0SSFQ-e9504c24" start="1633838635520" dump="1633838636644"/><sessioninfo id="DESKTOP-3F0SSFQ-8acea9d2" start="1633890736393" dump="1633890737313"/><sessioninfo id="DESKTOP-3F0SSFQ-98f4001c" start="1633890756575" dump="1633890757418"/><sessioninfo id="DESKTOP-3F0SSFQ-af2e9723" start="1633891056012" dump="1633891057001"/><sessioninfo id="DESKTOP-3F0SSFQ-2883e09a" start="1633891079830" dump="1633891080705"/><sessioninfo id="DESKTOP-3F0SSFQ-b111d549" start="1633891172369" dump="1633891173651"/><sessioninfo id="DESKTOP-3F0SSFQ-3a88334" start="1633891193836" dump="1633891194676"/><sessioninfo id="DESKTOP-3F0SSFQ-26f33ae2" start="1633891206835" dump="1633891207721"/><sessioninfo id="DESKTOP-3F0SSFQ-90c89cdd" start="1634082497568" dump="1634082498668"/><sessioninfo id="DESKTOP-3F0SSFQ-eeb44725" start="1634082558777" dump="1634082559825"/><sessioninfo id="DESKTOP-3F0SSFQ-d42d53e5" start="1634082614779" dump="1634082616021"/><sessioninfo id="DESKTOP-3F0SSFQ-e24c77a" start="1634082957013" dump="1634082958175"/><sessioninfo id="DESKTOP-3F0SSFQ-92c97a38" start="1634082997512" dump="1634082998663"/><sessioninfo id="DESKTOP-3F0SSFQ-1fd53745" start="1634083296118" dump="1634083297181"/><sessioninfo id="DESKTOP-3F0SSFQ-4e7afaec" start="1634083340491" dump="1634083341618"/><sessioninfo id="DESKTOP-3F0SSFQ-696ee152" start="1634083375652" dump="1634083376708"/><sessioninfo id="DESKTOP-3F0SSFQ-73f9d008" start="1634083408159" dump="1634083409253"/><sessioninfo id="DESKTOP-3F0SSFQ-13fa6074" start="1634083488393" dump="1634083489445"/><sessioninfo id="DESKTOP-3F0SSFQ-597de9ef" start="1634083532382" dump="1634083533599"/><sessioninfo id="DESKTOP-3F0SSFQ-98ab2857" start="1634084061382" dump="1634084062427"/><sessioninfo id="DESKTOP-3F0SSFQ-63d28962" start="1634084730608" dump="1634084731711"/><sessioninfo id="DESKTOP-3F0SSFQ-b188bf93" start="1634084759827" dump="1634084760945"/><sessioninfo id="DESKTOP-3F0SSFQ-84fec7fa" start="1634084928870" dump="1634084930228"/><sessioninfo id="DESKTOP-3F0SSFQ-4c1a12f0" start="1634084959738" dump="1634084960819"/><sessioninfo id="DESKTOP-3F0SSFQ-d314e26c" start="1634085322544" dump="1634085323649"/><sessioninfo id="DESKTOP-3F0SSFQ-36241915" start="1634085334297" dump="1634085335370"/><sessioninfo id="DESKTOP-3F0SSFQ-6134cce3" start="1634085359695" dump="1634085360918"/><sessioninfo id="DESKTOP-3F0SSFQ-1e14a037" start="1634085444035" dump="1634085445087"/><sessioninfo id="DESKTOP-3F0SSFQ-855369a3" start="1634085570896" dump="1634085571974"/><sessioninfo id="DESKTOP-3F0SSFQ-4c7400" start="1634085660984" dump="1634085662003"/><sessioninfo id="DESKTOP-3F0SSFQ-3a7a76fa" start="1634085938303" dump="1634085939346"/><sessioninfo id="DESKTOP-3F0SSFQ-63a86f68" start="1634086057764" dump="1634086059007"/><sessioninfo id="DESKTOP-3F0SSFQ-cb32f6d0" start="1634086102769" dump="1634086103870"/><sessioninfo id="DESKTOP-3F0SSFQ-fb4352c8" start="1634086188482" dump="1634086189597"/><sessioninfo id="DESKTOP-3F0SSFQ-6792ffb8" start="1634086222297" dump="1634086223484"/><sessioninfo id="DESKTOP-3F0SSFQ-aa7bd656" start="1634086288638" dump="1634086289824"/><sessioninfo id="DESKTOP-3F0SSFQ-54aabd84" start="1634086415623" dump="1634086416757"/><sessioninfo id="DESKTOP-3F0SSFQ-fc5e902c" start="1634086471189" dump="1634086472337"/><sessioninfo id="DESKTOP-3F0SSFQ-cc9d0422" start="1634086551039" dump="1634086552223"/><sessioninfo id="DESKTOP-3F0SSFQ-ac8a3509" start="1634086907147" dump="1634086908066"/><sessioninfo id="DESKTOP-3F0SSFQ-33745a93" start="1634087093130" dump="1634087094039"/><sessioninfo id="DESKTOP-3F0SSFQ-443e1581" start="1634087135916" dump="1634087136859"/><sessioninfo id="DESKTOP-3F0SSFQ-8cd35b3" start="1634087158580" dump="1634087159641"/><sessioninfo id="DESKTOP-3F0SSFQ-d5a42a88" start="1634087296417" dump="1634087297408"/><sessioninfo id="DESKTOP-3F0SSFQ-43ea632f" start="1634087306345" dump="1634087307368"/><sessioninfo id="DESKTOP-3F0SSFQ-2d7eba98" start="1634258909424" dump="1634258910384"/><sessioninfo id="DESKTOP-3F0SSFQ-c7f1cc50" start="1634258922545" dump="1634258923527"/><sessioninfo id="DESKTOP-3F0SSFQ-81401d7" start="1634258952181" dump="1634258953167"/><sessioninfo id="DESKTOP-3F0SSFQ-6248db4a" start="1634322427610" dump="1634322428754"/><sessioninfo id="DESKTOP-3F0SSFQ-fcd7a4f" start="1634322496247" dump="1634322497379"/><sessioninfo id="DESKTOP-3F0SSFQ-8e296aae" start="1634322611450" dump="1634322612700"/><sessioninfo id="DESKTOP-3F0SSFQ-f4209dbf" start="1634322637251" dump="1634322638323"/><sessioninfo id="DESKTOP-3F0SSFQ-abab75f0" start="1634323526122" dump="1634323527301"/><sessioninfo id="DESKTOP-3F0SSFQ-297efb89" start="1634323556112" dump="1634323557309"/><sessioninfo id="DESKTOP-3F0SSFQ-1a2e29d0" start="1634323610022" dump="1634323611225"/><sessioninfo id="DESKTOP-3F0SSFQ-4fd063e2" start="1634323622352" dump="1634323623618"/><sessioninfo id="DESKTOP-3F0SSFQ-a77c7c02" start="1634323697678" dump="1634323698844"/><sessioninfo id="DESKTOP-3F0SSFQ-a59de4a9" start="1634323821724" dump="1634323822840"/><sessioninfo id="DESKTOP-3F0SSFQ-dd859181" start="1634323884780" dump="1634323885963"/><sessioninfo id="DESKTOP-3F0SSFQ-627bcd4c" start="1634323907286" dump="1634323908558"/><sessioninfo id="DESKTOP-3F0SSFQ-70ae08a8" start="1634323977586" dump="1634323978805"/><sessioninfo id="DESKTOP-3F0SSFQ-cbb67d8e" start="1634342874230" dump="1634342875230"/><sessioninfo id="DESKTOP-3F0SSFQ-3bfccd7" start="1634346143744" dump="1634346145163"/><sessioninfo id="DESKTOP-3F0SSFQ-7af01304" start="1634346185733" dump="1634346187055"/><sessioninfo id="DESKTOP-3F0SSFQ-5f14d140" start="1634346260999" dump="1634346262297"/><sessioninfo id="DESKTOP-3F0SSFQ-2868a393" start="1634346307509" dump="1634346308878"/><sessioninfo id="DESKTOP-3F0SSFQ-1db9ea2" start="1634346429844" dump="1634346430905"/><sessioninfo id="DESKTOP-3F0SSFQ-8aaab2f6" start="1634346603794" dump="1634346605025"/><sessioninfo id="DESKTOP-3F0SSFQ-61a91c9e" start="1634346729876" dump="1634346731238"/><sessioninfo id="DESKTOP-3F0SSFQ-2d54d41b" start="1634347420378" dump="1634347421674"/><sessioninfo id="DESKTOP-3F0SSFQ-84fe01f2" start="1634347535629" dump="1634347536913"/><sessioninfo id="DESKTOP-3F0SSFQ-a37365c2" start="1634347574414" dump="1634347575739"/><sessioninfo id="DESKTOP-3F0SSFQ-aac5cb1b" start="1634350096185" dump="1634350097130"/><sessioninfo id="DESKTOP-3F0SSFQ-fc1856f4" start="1634350134347" dump="1634350135430"/><sessioninfo id="DESKTOP-3F0SSFQ-8084b8dd" start="1634350156445" dump="1634350157902"/><sessioninfo id="DESKTOP-3F0SSFQ-d8886b3a" start="1634350160076" dump="1634350161324"/><sessioninfo id="DESKTOP-3F0SSFQ-89b168d5" start="1634350199001" dump="1634350200093"/><sessioninfo id="DESKTOP-3F0SSFQ-830ff47c" start="1634350367711" dump="1634350368672"/><sessioninfo id="DESKTOP-3F0SSFQ-17339d32" start="1634350411477" dump="1634350412507"/><sessioninfo id="DESKTOP-3F0SSFQ-e9895895" start="1634350595451" dump="1634350596526"/><sessioninfo id="DESKTOP-3F0SSFQ-540f8239" start="1634350617845" dump="1634350618931"/><sessioninfo id="DESKTOP-3F0SSFQ-56cd7d07" start="1634352327513" dump="1634352328455"/><sessioninfo id="DESKTOP-3F0SSFQ-de0142bf" start="1634352366908" dump="1634352368109"/><sessioninfo id="DESKTOP-3F0SSFQ-c28cd90a" start="1634352407578" dump="1634352408541"/><sessioninfo id="DESKTOP-3F0SSFQ-709de38b" start="1634352556427" dump="1634352557413"/><sessioninfo id="DESKTOP-3F0SSFQ-e8725c95" start="1634352584465" dump="1634352585480"/><sessioninfo id="DESKTOP-3F0SSFQ-d2831e8e" start="1634352673578" dump="1634352674605"/><sessioninfo id="DESKTOP-3F0SSFQ-18220305" start="1634408107237" dump="1634408108504"/><sessioninfo id="DESKTOP-3F0SSFQ-7cb7aa60" start="1634408147658" dump="1634408149176"/><sessioninfo id="DESKTOP-3F0SSFQ-c9692f1f" start="1634408179452" dump="1634408180589"/><sessioninfo id="DESKTOP-3F0SSFQ-40eb10fc" start="1634412084087" dump="1634412085081"/><sessioninfo id="DESKTOP-3F0SSFQ-4185ed83" start="1634412102583" dump="1634412103671"/><sessioninfo id="DESKTOP-3F0SSFQ-7d061dc6" start="1634412151271" dump="1634412152187"/><sessioninfo id="DESKTOP-3F0SSFQ-690f04f6" start="1634412173284" dump="1634412174475"/><sessioninfo id="DESKTOP-3F0SSFQ-ee24e8ae" start="1634413787869" dump="1634413788865"/><sessioninfo id="DESKTOP-3F0SSFQ-c020a745" start="1634413904830" dump="1634413905821"/><sessioninfo id="DESKTOP-3F0SSFQ-4b138910" start="1634415827809" dump="1634415828806"/><sessioninfo id="DESKTOP-3F0SSFQ-a9fb8326" start="1634415907434" dump="1634415908603"/><sessioninfo id="DESKTOP-3F0SSFQ-809bdd7b" start="1634417936813" dump="1634417938103"/><sessioninfo id="DESKTOP-3F0SSFQ-225380fe" start="1634418149319" dump="1634418150363"/><sessioninfo id="DESKTOP-3F0SSFQ-95411e14" start="1634418237038" dump="1634418238139"/><sessioninfo id="DESKTOP-3F0SSFQ-75af7714" start="1634418263586" dump="1634418264592"/><sessioninfo id="DESKTOP-3F0SSFQ-6d6d59a0" start="1634418328362" dump="1634418329457"/><sessioninfo id="DESKTOP-3F0SSFQ-bdb75212" start="1634418358720" dump="1634418359720"/><sessioninfo id="DESKTOP-3F0SSFQ-309f32d5" start="1634418708799" dump="1634418709838"/><sessioninfo id="DESKTOP-3F0SSFQ-b2de5d00" start="1634418734162" dump="1634418735209"/><sessioninfo id="DESKTOP-3F0SSFQ-c2ad00d2" start="1634418768325" dump="1634418769450"/><sessioninfo id="DESKTOP-3F0SSFQ-bd085602" start="1634418882291" dump="1634418883297"/><sessioninfo id="DESKTOP-3F0SSFQ-55e48a55" start="1634419109372" dump="1634419110415"/><sessioninfo id="DESKTOP-3F0SSFQ-e248d147" start="1634419317718" dump="1634419318743"/><sessioninfo id="DESKTOP-3F0SSFQ-629148e9" start="1634419362942" dump="1634419364047"/><sessioninfo id="DESKTOP-3F0SSFQ-466c617a" start="1634419402015" dump="1634419403019"/><sessioninfo id="DESKTOP-3F0SSFQ-38f2f7d0" start="1634419486937" dump="1634419488071"/><sessioninfo id="DESKTOP-3F0SSFQ-c9f25d99" start="1634419556915" dump="1634419557945"/><sessioninfo id="DESKTOP-3F0SSFQ-4d52d92e" start="1634419592347" dump="1634419593374"/><sessioninfo id="DESKTOP-3F0SSFQ-c5972faf" start="1634420239445" dump="1634420240654"/><sessioninfo id="DESKTOP-3F0SSFQ-76f32231" start="1634420719710" dump="1634420720999"/><sessioninfo id="DESKTOP-3F0SSFQ-6985a11f" start="1634420933317" dump="1634420934364"/><sessioninfo id="DESKTOP-3F0SSFQ-95a97c9c" start="1634421029691" dump="1634421030875"/><sessioninfo id="DESKTOP-3F0SSFQ-83bcc62" start="1634421097254" dump="1634421098243"/><sessioninfo id="DESKTOP-3F0SSFQ-a0f72025" start="1634421266827" dump="1634421267944"/><sessioninfo id="DESKTOP-3F0SSFQ-e53b92b6" start="1634421481077" dump="1634421482174"/><sessioninfo id="DESKTOP-3F0SSFQ-b9f0ee1a" start="1634421657645" dump="1634421658689"/><sessioninfo id="DESKTOP-3F0SSFQ-4709acac" start="1634421954177" dump="1634421955191"/><sessioninfo id="DESKTOP-3F0SSFQ-9f522e77" start="1634422021562" dump="1634422022571"/><sessioninfo id="DESKTOP-3F0SSFQ-382f4de6" start="1634422168097" dump="1634422169066"/><sessioninfo id="DESKTOP-3F0SSFQ-45c01a06" start="1634422194878" dump="1634422195918"/><sessioninfo id="DESKTOP-3F0SSFQ-ef633e70" start="1634422225144" dump="1634422226202"/><sessioninfo id="DESKTOP-3F0SSFQ-22e8a922" start="1634422428665" dump="1634422429657"/><sessioninfo id="DESKTOP-3F0SSFQ-e84184c7" start="1634422489933" dump="1634422491104"/><sessioninfo id="DESKTOP-3F0SSFQ-fb4a85e4" start="1634422540697" dump="1634422541757"/><sessioninfo id="DESKTOP-3F0SSFQ-b7b2a0d0" start="1634439325548" dump="1634439326554"/><sessioninfo id="DESKTOP-3F0SSFQ-ffaeaf38" start="1634439522030" dump="1634439523019"/><sessioninfo id="DESKTOP-3F0SSFQ-47d5b636" start="1634439609337" dump="1634439610499"/><sessioninfo id="DESKTOP-3F0SSFQ-ba0f5414" start="1634440225251" dump="1634440226296"/><sessioninfo id="DESKTOP-3F0SSFQ-d4afb37c" start="1634441237335" dump="1634441238153"/><sessioninfo id="DESKTOP-3F0SSFQ-24e4c7c4" start="1634441256538" dump="1634441257338"/><sessioninfo id="DESKTOP-3F0SSFQ-3eb40506" start="1634441391005" dump="1634441391977"/><sessioninfo id="DESKTOP-3F0SSFQ-f5c2f5e2" start="1634441401821" dump="1634441403200"/><sessioninfo id="DESKTOP-3F0SSFQ-3df91f18" start="1634441727878" dump="1634441728795"/><sessioninfo id="DESKTOP-3F0SSFQ-413b6bdc" start="1634441732949" dump="1634441733884"/><sessioninfo id="DESKTOP-3F0SSFQ-ee9aefd0" start="1634441738900" dump="1634441739774"/><sessioninfo id="DESKTOP-3F0SSFQ-7f3e97a3" start="1634441806990" dump="1634441807883"/><sessioninfo id="DESKTOP-3F0SSFQ-5b5c961f" start="1634441851089" dump="1634441852136"/><sessioninfo id="DESKTOP-3F0SSFQ-2e8de435" start="1634442666306" dump="1634442667133"/><sessioninfo id="DESKTOP-3F0SSFQ-8b93d43b" start="1634442692816" dump="1634442693562"/><sessioninfo id="DESKTOP-3F0SSFQ-14a7beec" start="1634442733000" dump="1634442733789"/><sessioninfo id="DESKTOP-3F0SSFQ-51e668ae" start="1634442808315" dump="1634442809263"/><sessioninfo id="DESKTOP-3F0SSFQ-83e0dcff" start="1634442823386" dump="1634442824584"/><sessioninfo id="DESKTOP-3F0SSFQ-38688b6b" start="1634442980434" dump="1634442981250"/><sessioninfo id="DESKTOP-3F0SSFQ-a6856b5e" start="1634442987783" dump="1634442988629"/><sessioninfo id="DESKTOP-3F0SSFQ-249befc8" start="1634443037382" dump="1634443038496"/><sessioninfo id="DESKTOP-3F0SSFQ-b64f4b32" start="1634443079784" dump="1634443080866"/><sessioninfo id="DESKTOP-3F0SSFQ-9506b831" start="1634443282178" dump="1634443283261"/><sessioninfo id="DESKTOP-3F0SSFQ-48ac2b15" start="1634443299753" dump="1634443300748"/><sessioninfo id="DESKTOP-3F0SSFQ-37040246" start="1634443326242" dump="1634443327303"/><sessioninfo id="DESKTOP-3F0SSFQ-db007945" start="1634501657105" dump="1634501658266"/><sessioninfo id="DESKTOP-3F0SSFQ-3a068a5" start="1634501699692" dump="1634501701020"/><sessioninfo id="DESKTOP-3F0SSFQ-ca897f35" start="1634501745761" dump="1634501746855"/><sessioninfo id="DESKTOP-3F0SSFQ-11dddb7c" start="1634501805436" dump="1634501806825"/><sessioninfo id="DESKTOP-3F0SSFQ-cc38157e" start="1634502454890" dump="1634502455974"/><sessioninfo id="DESKTOP-3F0SSFQ-4b647680" start="1634503167451" dump="1634503168549"/><sessioninfo id="DESKTOP-3F0SSFQ-16a0a36c" start="1634503466513" dump="1634503467477"/><sessioninfo id="DESKTOP-3F0SSFQ-502b8f7f" start="1634503468564" dump="1634503469664"/><sessioninfo id="DESKTOP-3F0SSFQ-7a549e2" start="1634503475484" dump="1634503476772"/><sessioninfo id="DESKTOP-3F0SSFQ-31f59a23" start="1634503482621" dump="1634503483638"/><sessioninfo id="DESKTOP-3F0SSFQ-2ab8330a" start="1634503635901" dump="1634503636904"/><sessioninfo id="DESKTOP-3F0SSFQ-6281619d" start="1634503728295" dump="1634503729422"/><sessioninfo id="DESKTOP-3F0SSFQ-eb200894" start="1634503805780" dump="1634503807017"/><sessioninfo id="DESKTOP-3F0SSFQ-a67c970a" start="1634504442516" dump="1634504443683"/><sessioninfo id="DESKTOP-3F0SSFQ-f4174588" start="1634504457846" dump="1634504459019"/><sessioninfo id="DESKTOP-3F0SSFQ-7dac8a14" start="1634505428519" dump="1634505429648"/><sessioninfo id="DESKTOP-3F0SSFQ-5c8ed762" start="1634505472357" dump="1634505473603"/><sessioninfo id="DESKTOP-3F0SSFQ-82933b4e" start="1634505686295" dump="1634505687464"/><sessioninfo id="DESKTOP-3F0SSFQ-a9e4410e" start="1634505786521" dump="1634505787726"/><sessioninfo id="DESKTOP-3F0SSFQ-82f24f4d" start="1634505814945" dump="1634505816158"/><sessioninfo id="DESKTOP-3F0SSFQ-796af7c8" start="1634506198953" dump="1634506200049"/><sessioninfo id="DESKTOP-3F0SSFQ-24b8d799" start="1634591851062" dump="1634591852161"/><sessioninfo id="DESKTOP-3F0SSFQ-d361c6a2" start="1634592264529" dump="1634592265622"/><sessioninfo id="DESKTOP-3F0SSFQ-89d9fbb6" start="1634592299034" dump="1634592300235"/><sessioninfo id="DESKTOP-3F0SSFQ-bc983c2e" start="1634592435173" dump="1634592436269"/><sessioninfo id="DESKTOP-3F0SSFQ-85096a1a" start="1634592519129" dump="1634592520674"/><sessioninfo id="DESKTOP-3F0SSFQ-baaf1cde" start="1634592640630" dump="1634592641748"/><sessioninfo id="DESKTOP-3F0SSFQ-1d4aaffc" start="1634592932483" dump="1634592933742"/><sessioninfo id="DESKTOP-3F0SSFQ-f73e3d11" start="1634596238744" dump="1634596239844"/><sessioninfo id="DESKTOP-3F0SSFQ-d00184e4" start="1634596270324" dump="1634596271410"/><sessioninfo id="DESKTOP-3F0SSFQ-e8425333" start="1634596339183" dump="1634596340242"/><sessioninfo id="DESKTOP-3F0SSFQ-f4c4ada" start="1634596383606" dump="1634596384650"/><sessioninfo id="DESKTOP-3F0SSFQ-31a98c96" start="1634596414632" dump="1634596415725"/><sessioninfo id="DESKTOP-3F0SSFQ-6f4dde72" start="1634596455961" dump="1634596457251"/><sessioninfo id="DESKTOP-3F0SSFQ-17a5a91a" start="1634596995684" dump="1634596997019"/><sessioninfo id="DESKTOP-3F0SSFQ-92c76f95" start="1634597005125" dump="1634597006245"/><sessioninfo id="DESKTOP-3F0SSFQ-574d59c3" start="1634597097191" dump="1634597098448"/><sessioninfo id="DESKTOP-3F0SSFQ-248934a9" start="1634597351628" dump="1634597352735"/><sessioninfo id="DESKTOP-3F0SSFQ-fc1627a0" start="1634597389340" dump="1634597390434"/><sessioninfo id="DESKTOP-3F0SSFQ-10159913" start="1634597420095" dump="1634597421190"/><sessioninfo id="DESKTOP-3F0SSFQ-23eb5943" start="1634597454360" dump="1634597455467"/><sessioninfo id="DESKTOP-3F0SSFQ-9a67f3d2" start="1634597644319" dump="1634597645647"/><sessioninfo id="DESKTOP-3F0SSFQ-2c8d006f" start="1634597666999" dump="1634597668064"/><sessioninfo id="DESKTOP-3F0SSFQ-ae23253a" start="1634597706131" dump="1634597707182"/><sessioninfo id="DESKTOP-3F0SSFQ-b98c09b2" start="1634597739783" dump="1634597740983"/><sessioninfo id="DESKTOP-3F0SSFQ-d70c4378" start="1634597761940" dump="1634597763049"/><sessioninfo id="DESKTOP-3F0SSFQ-312ce741" start="1634597791460" dump="1634597792528"/><sessioninfo id="DESKTOP-3F0SSFQ-20bb343a" start="1634598278513" dump="1634598279664"/><sessioninfo id="DESKTOP-3F0SSFQ-6d238bf1" start="1634598671986" dump="1634598673049"/><sessioninfo id="DESKTOP-3F0SSFQ-568047f9" start="1634598691941" dump="1634598693028"/><sessioninfo id="DESKTOP-3F0SSFQ-721d7e4c" start="1634598709385" dump="1634598710482"/><sessioninfo id="DESKTOP-3F0SSFQ-fae174" start="1634600312196" dump="1634600313309"/><sessioninfo id="DESKTOP-3F0SSFQ-3e629698" start="1634600882538" dump="1634600883348"/><sessioninfo id="DESKTOP-3F0SSFQ-4534058d" start="1634600893501" dump="1634600894337"/><sessioninfo id="DESKTOP-3F0SSFQ-bc57d07d" start="1634600992555" dump="1634600993406"/><sessioninfo id="DESKTOP-3F0SSFQ-b5ca4f79" start="1634601000472" dump="1634601001440"/><sessioninfo id="DESKTOP-3F0SSFQ-7d23f0d7" start="1634601061526" dump="1634601062728"/><sessioninfo id="DESKTOP-3F0SSFQ-ff59af17" start="1634601085331" dump="1634601086816"/><sessioninfo id="DESKTOP-3F0SSFQ-add3b361" start="1634601322401" dump="1634601323242"/><sessioninfo id="DESKTOP-3F0SSFQ-ea489647" start="1634601330947" dump="1634601332006"/><sessioninfo id="DESKTOP-3F0SSFQ-78f2180d" start="1634601362335" dump="1634601363376"/><sessioninfo id="DESKTOP-3F0SSFQ-7986c7e5" start="1634601419710" dump="1634601420670"/><sessioninfo id="DESKTOP-3F0SSFQ-9d7e6cbb" start="1634601502039" dump="1634601502962"/><sessioninfo id="DESKTOP-3F0SSFQ-ce9de9c9" start="1634601539316" dump="1634601540944"/><sessioninfo id="DESKTOP-3F0SSFQ-c8e5a041" start="1634601542460" dump="1634601543787"/><sessioninfo id="DESKTOP-3F0SSFQ-a7d227af" start="1634601676107" dump="1634601677009"/><sessioninfo id="DESKTOP-3F0SSFQ-b609618d" start="1634601691129" dump="1634601692283"/><sessioninfo id="DESKTOP-3F0SSFQ-b2a3cf3" start="1634601926010" dump="1634601927156"/><sessioninfo id="DESKTOP-3F0SSFQ-dfe19cfd" start="1634602026355" dump="1634602027578"/><sessioninfo id="DESKTOP-3F0SSFQ-6730c1ad" start="1634602231368" dump="1634602232652"/><sessioninfo id="DESKTOP-3F0SSFQ-2e1ea730" start="1634602386433" dump="1634602387660"/><sessioninfo id="DESKTOP-3F0SSFQ-c5e413de" start="1634602550113" dump="1634602551048"/><sessioninfo id="DESKTOP-3F0SSFQ-a79ed40e" start="1634602604080" dump="1634602605008"/><sessioninfo id="DESKTOP-3F0SSFQ-46b75487" start="1634602646740" dump="1634602648023"/><sessioninfo id="DESKTOP-3F0SSFQ-a655aa43" start="1634602821351" dump="1634602822739"/><sessioninfo id="DESKTOP-3F0SSFQ-6e79ff3c" start="1634602839433" dump="1634602840777"/><sessioninfo id="DESKTOP-3F0SSFQ-a9ed7807" start="1634603369705" dump="1634603370989"/><sessioninfo id="DESKTOP-3F0SSFQ-8b21a4a7" start="1634603513994" dump="1634603515388"/><sessioninfo id="DESKTOP-3F0SSFQ-9a6c11e6" start="1634603685321" dump="1634603686805"/><sessioninfo id="DESKTOP-3F0SSFQ-1c90ace7" start="1634940467348" dump="1634940468876"/><sessioninfo id="DESKTOP-3F0SSFQ-37f46362" start="1634940497798" dump="1634940499197"/><sessioninfo id="DESKTOP-3F0SSFQ-33f464f2" start="1634940557760" dump="1634940559144"/><sessioninfo id="DESKTOP-3F0SSFQ-47cf1952" start="1634940668128" dump="1634940669823"/><sessioninfo id="DESKTOP-3F0SSFQ-be83d136" start="1634940756847" dump="1634940758200"/><sessioninfo id="DESKTOP-3F0SSFQ-25e11e8b" start="1634940867752" dump="1634940869225"/><sessioninfo id="DESKTOP-3F0SSFQ-98db4703" start="1634940927842" dump="1634940929217"/><sessioninfo id="DESKTOP-3F0SSFQ-1c8bb1ef" start="1634941099813" dump="1634941101373"/><sessioninfo id="DESKTOP-3F0SSFQ-68ec1f8d" start="1635285441360" dump="1635285443037"/><sessioninfo id="DESKTOP-3F0SSFQ-580d0e5d" start="1635285778633" dump="1635285779999"/><sessioninfo id="DESKTOP-3F0SSFQ-e8e378bf" start="1635285884417" dump="1635285886226"/><sessioninfo id="DESKTOP-3F0SSFQ-e19728cd" start="1635287115326" dump="1635287117011"/><sessioninfo id="DESKTOP-3F0SSFQ-1dd399f0" start="1635287205702" dump="1635287207641"/><sessioninfo id="DESKTOP-3F0SSFQ-cdb09684" start="1635287247353" dump="1635287249018"/><sessioninfo id="DESKTOP-3F0SSFQ-c0d94cf7" start="1635287498308" dump="1635287499613"/><sessioninfo id="DESKTOP-3F0SSFQ-258e6141" start="1635287646254" dump="1635287647464"/><sessioninfo id="DESKTOP-3F0SSFQ-310c4640" start="1635288146360" dump="1635288148012"/><sessioninfo id="DESKTOP-3F0SSFQ-87ddb334" start="1635288190608" dump="1635288192302"/><sessioninfo id="DESKTOP-3F0SSFQ-928d9c7a" start="1635288330813" dump="1635288332606"/><sessioninfo id="DESKTOP-3F0SSFQ-7ea18736" start="1635288368143" dump="1635288369741"/><sessioninfo id="DESKTOP-3F0SSFQ-fad0aad4" start="1635288518872" dump="1635288520825"/><sessioninfo id="DESKTOP-3F0SSFQ-c11f2b30" start="1635288565572" dump="1635288567383"/><sessioninfo id="DESKTOP-3F0SSFQ-bf58a3c4" start="1635288641669" dump="1635288643422"/><sessioninfo id="DESKTOP-3F0SSFQ-ea2059b9" start="1635288938352" dump="1635288940190"/><sessioninfo id="DESKTOP-3F0SSFQ-a5622d94" start="1635294839803" dump="1635294841117"/><sessioninfo id="DESKTOP-3F0SSFQ-74b17e8d" start="1635295121290" dump="1635295122569"/><sessioninfo id="DESKTOP-3F0SSFQ-5b5bfe19" start="1635295210768" dump="1635295212130"/><sessioninfo id="DESKTOP-3F0SSFQ-28d42d9f" start="1635295315831" dump="1635295317056"/><sessioninfo id="DESKTOP-3F0SSFQ-dc235839" start="1635295497557" dump="1635295499698"/><sessioninfo id="DESKTOP-3F0SSFQ-48e3a947" start="1635295500056" dump="1635295501885"/><sessioninfo id="DESKTOP-3F0SSFQ-b3e09382" start="1635295597811" dump="1635295599284"/><sessioninfo id="DESKTOP-3F0SSFQ-5c0586cc" start="1635295683815" dump="1635295685102"/><sessioninfo id="DESKTOP-3F0SSFQ-8d149b5c" start="1635295771917" dump="1635295773168"/><sessioninfo id="DESKTOP-3F0SSFQ-484465bc" start="1635295922529" dump="1635295923890"/><sessioninfo id="DESKTOP-3F0SSFQ-4c7825db" start="1635296031837" dump="1635296033011"/><sessioninfo id="DESKTOP-3F0SSFQ-95b3a1ad" start="1635634287823" dump="1635634289003"/><sessioninfo id="DESKTOP-3F0SSFQ-29e20541" start="1635634308159" dump="1635634309341"/><sessioninfo id="DESKTOP-3F0SSFQ-d1c5af56" start="1635634632001" dump="1635634633344"/><sessioninfo id="DESKTOP-3F0SSFQ-dee0204b" start="1635634644664" dump="1635634646042"/><sessioninfo id="DESKTOP-3F0SSFQ-298498e9" start="1635639494085" dump="1635639495370"/><sessioninfo id="DESKTOP-3F0SSFQ-80f38688" start="1635639550980" dump="1635639552217"/><sessioninfo id="DESKTOP-3F0SSFQ-9bc3de51" start="1635639638332" dump="1635639639645"/><sessioninfo id="DESKTOP-3F0SSFQ-22a5ff8d" start="1635639892431" dump="1635639893924"/><sessioninfo id="DESKTOP-3F0SSFQ-5fc6c4bf" start="1635639974907" dump="1635639976179"/><sessioninfo id="DESKTOP-3F0SSFQ-62b473" start="1635640015302" dump="1635640016560"/><sessioninfo id="DESKTOP-3F0SSFQ-4cc8e6e7" start="1635640040713" dump="1635640041950"/><sessioninfo id="DESKTOP-3F0SSFQ-98882519" start="1635640115842" dump="1635640117070"/><sessioninfo id="DESKTOP-3F0SSFQ-eeebc86a" start="1635640154158" dump="1635640155365"/><sessioninfo id="DESKTOP-3F0SSFQ-aa053076" start="1635640175909" dump="1635640177115"/><sessioninfo id="DESKTOP-3F0SSFQ-fa6d59cc" start="1635640206378" dump="1635640207565"/><sessioninfo id="DESKTOP-3F0SSFQ-d47a80ec" start="1635640232298" dump="1635640233590"/><sessioninfo id="DESKTOP-3F0SSFQ-64735eab" start="1635640255336" dump="1635640256616"/><sessioninfo id="DESKTOP-3F0SSFQ-e0f2b20" start="1635640276690" dump="1635640277880"/><sessioninfo id="DESKTOP-3F0SSFQ-da176a86" start="1635640305482" dump="1635640306709"/><sessioninfo id="DESKTOP-3F0SSFQ-5916cbaf" start="1635640487148" dump="1635640488387"/><sessioninfo id="DESKTOP-3F0SSFQ-2d1d162f" start="1635640521847" dump="1635640523082"/><sessioninfo id="DESKTOP-3F0SSFQ-fc1b918f" start="1635640547617" dump="1635640548790"/><sessioninfo id="DESKTOP-3F0SSFQ-f45c13c3" start="1635640573738" dump="1635640574966"/><sessioninfo id="DESKTOP-3F0SSFQ-a6151c47" start="1635640678860" dump="1635640680265"/><sessioninfo id="DESKTOP-3F0SSFQ-daf847c5" start="1635640716237" dump="1635640717485"/><sessioninfo id="DESKTOP-3F0SSFQ-3262a5a8" start="1635640739000" dump="1635640740257"/><sessioninfo id="DESKTOP-3F0SSFQ-6132fa1b" start="1635640753260" dump="1635640754483"/><sessioninfo id="DESKTOP-3F0SSFQ-3e723bcb" start="1635640773328" dump="1635640774530"/><sessioninfo id="DESKTOP-3F0SSFQ-e299005d" start="1635640854446" dump="1635640855780"/><sessioninfo id="DESKTOP-3F0SSFQ-26613f7e" start="1635640875559" dump="1635640877033"/><sessioninfo id="DESKTOP-3F0SSFQ-c05eab08" start="1635642104093" dump="1635642105077"/><sessioninfo id="DESKTOP-3F0SSFQ-dd8e2f95" start="1635642822816" dump="1635642823826"/><sessioninfo id="DESKTOP-3F0SSFQ-3cd64178" start="1635642877073" dump="1635642878043"/><sessioninfo id="DESKTOP-3F0SSFQ-53eeca59" start="1635642911937" dump="1635642912936"/><sessioninfo id="DESKTOP-3F0SSFQ-9d46e0ec" start="1635642989147" dump="1635642990188"/><sessioninfo id="DESKTOP-3F0SSFQ-1b409bd4" start="1635643047982" dump="1635643049560"/><sessioninfo id="DESKTOP-3F0SSFQ-e42a819" start="1635643202332" dump="1635643203310"/><sessioninfo id="DESKTOP-3F0SSFQ-1e91f639" start="1635644472776" dump="1635644473752"/><sessioninfo id="DESKTOP-3F0SSFQ-cd20cf40" start="1635644513321" dump="1635644514302"/><sessioninfo id="DESKTOP-3F0SSFQ-7b1ab40e" start="1635644588607" dump="1635644590321"/><sessioninfo id="DESKTOP-3F0SSFQ-c98d8620" start="1635644590981" dump="1635644592746"/><sessioninfo id="DESKTOP-3F0SSFQ-6b84a38f" start="1635644853660" dump="1635644854672"/><sessioninfo id="DESKTOP-3F0SSFQ-767c20f6" start="1635645030060" dump="1635645031078"/><sessioninfo id="DESKTOP-3F0SSFQ-f762c038" start="1635645430388" dump="1635645431564"/><sessioninfo id="DESKTOP-3F0SSFQ-99fe4c53" start="1635645470943" dump="1635645472003"/><sessioninfo id="DESKTOP-3F0SSFQ-d2199f8f" start="1635645512536" dump="1635645513579"/><sessioninfo id="DESKTOP-3F0SSFQ-659f9185" start="1635645571017" dump="1635645571948"/><sessioninfo id="DESKTOP-3F0SSFQ-655412c1" start="1635646608995" dump="1635646609972"/><sessioninfo id="DESKTOP-3F0SSFQ-c21af05f" start="1635646662988" dump="1635646663938"/><sessioninfo id="DESKTOP-3F0SSFQ-a3dd278" start="1635718176522" dump="1635718177657"/><sessioninfo id="DESKTOP-3F0SSFQ-ca6b8e00" start="1635718191559" dump="1635718192528"/><sessioninfo id="DESKTOP-3F0SSFQ-f6fd6851" start="1635779098477" dump="1635779099362"/><sessioninfo id="DESKTOP-3F0SSFQ-2ce8f7bf" start="1635779116188" dump="1635779117094"/><sessioninfo id="DESKTOP-3F0SSFQ-6435e39d" start="1635779211336" dump="1635779212287"/><sessioninfo id="DESKTOP-3F0SSFQ-a46606e0" start="1635779219968" dump="1635779221018"/><sessioninfo id="Jacobs-MacBook-Pro.local-967b1be6" start="1635792811684" dump="1635792818838"/><sessioninfo id="Jacobs-MacBook-Pro.local-db30b5fe" start="1635792906272" dump="1635792912978"/><sessioninfo id="Jacobs-MacBook-Pro.local-89bb8743" start="1635792958817" dump="1635792965698"/><sessioninfo id="Jacobs-MacBook-Pro.local-afa551e1" start="1635793075895" dump="1635793082532"/><sessioninfo id="Jacobs-MacBook-Pro.local-aee98201" start="1635871344024" dump="1635871351148"/><sessioninfo id="Jacobs-MacBook-Pro.local-fb0f6887" start="1635871401417" dump="1635871409680"/><sessioninfo id="Jacobs-MacBook-Pro.local-870c01c7" start="1635871453882" dump="1635871461540"/><sessioninfo id="Jacobs-MacBook-Pro.local-72cf5009" start="1635874747785" dump="1635874754801"/><sessioninfo id="Jacobs-MacBook-Pro.local-566052b9" start="1635874829237" dump="1635874836928"/><sessioninfo id="Jacobs-MacBook-Pro.local-c0d329a" start="1635874890107" dump="1635874897150"/><sessioninfo id="Jacobs-MacBook-Pro.local-5ff49272" start="1635874958756" dump="1635874965609"/><sessioninfo id="Jacobs-MacBook-Pro.local-85a3aab2" start="1635875103464" dump="1635875111186"/><sessioninfo id="Jacobs-MacBook-Pro.local-3c108e14" start="1635875184573" dump="1635875191520"/><sessioninfo id="Jacobs-MacBook-Pro.local-814e4d7e" start="1636042642203" dump="1636042649100"/><sessioninfo id="Jacobs-MacBook-Pro.local-f384fa" start="1636043151766" dump="1636043158465"/><sessioninfo id="Jacobs-MacBook-Pro.local-1aac0ae4" start="1636043191273" dump="1636043198044"/><sessioninfo id="Jacobs-MacBook-Pro.local-eee964f5" start="1636043879748" dump="1636043886734"/><sessioninfo id="Jacobs-MacBook-Pro.local-e864572a" start="1636045025410" dump="1636045034207"/><sessioninfo id="Jacobs-MacBook-Pro.local-8ba4ab9a" start="1636045366228" dump="1636045374129"/><sessioninfo id="Jacobs-MacBook-Pro.local-ef09a716" start="1636045453704" dump="1636045461544"/><sessioninfo id="Jacobs-MacBook-Pro.local-3b475a7" start="1636045613133" dump="1636045620572"/><sessioninfo id="Jacobs-MacBook-Pro.local-3c31af68" start="1636045638759" dump="1636045646065"/><sessioninfo id="Jacobs-MacBook-Pro.local-2a7c6498" start="1636045781820" dump="1636045788913"/><sessioninfo id="Jacobs-MacBook-Pro.local-d8cf513f" start="1636045836278" dump="1636045843679"/><sessioninfo id="Jacobs-MacBook-Pro.local-afef6428" start="1636045925438" dump="1636045933135"/><sessioninfo id="Jacobs-MacBook-Pro.local-c8feca12" start="1636045967224" dump="1636045974106"/><sessioninfo id="Jacobs-MacBook-Pro.local-9e653698" start="1636047877843" dump="1636047888634"/><sessioninfo id="Jacobs-MacBook-Pro.local-77e7f3a2" start="1636047878551" dump="1636047890048"/><sessioninfo id="DESKTOP-3F0SSFQ-434d75c5" start="1636051793573" dump="1636051795535"/><sessioninfo id="DESKTOP-3F0SSFQ-df558529" start="1636052099110" dump="1636052100068"/><sessioninfo id="DESKTOP-3F0SSFQ-10af9e7c" start="1636053071318" dump="1636053072441"/><sessioninfo id="DESKTOP-3F0SSFQ-5dce94a7" start="1636061139414" dump="1636061140439"/><sessioninfo id="DESKTOP-3F0SSFQ-627fb6d1" start="1636061165396" dump="1636061166433"/><sessioninfo id="DESKTOP-3F0SSFQ-2d59bc7c" start="1636061334534" dump="1636061335444"/><sessioninfo id="DESKTOP-3F0SSFQ-f27a4f25" start="1636509276619" dump="1636509277658"/><sessioninfo id="DESKTOP-3F0SSFQ-52f285db" start="1636509610484" dump="1636509611821"/><sessioninfo id="DESKTOP-3F0SSFQ-e96628a1" start="1636509961620" dump="1636509962619"/><sessioninfo id="DESKTOP-3F0SSFQ-4f916a49" start="1636510113308" dump="1636510114313"/><sessioninfo id="DESKTOP-3F0SSFQ-5bf2bedd" start="1636510619671" dump="1636510621006"/><sessioninfo id="DESKTOP-3F0SSFQ-d1e083b2" start="1636510642238" dump="1636510643598"/><sessioninfo id="DESKTOP-3F0SSFQ-9b466537" start="1636510857553" dump="1636510858795"/><sessioninfo id="DESKTOP-3F0SSFQ-aa16ec1d" start="1636668054527" dump="1636668056180"/><sessioninfo id="DESKTOP-3F0SSFQ-1d46c958" start="1636670291724" dump="1636670320523"/><sessioninfo id="DESKTOP-3F0SSFQ-214fb3ce" start="1636670336952" dump="1636670364361"/><sessioninfo id="DESKTOP-3F0SSFQ-68892361" start="1636670550875" dump="1636670579435"/><sessioninfo id="DESKTOP-3F0SSFQ-99a91082" start="1636670684535" dump="1636670749928"/><sessioninfo id="DESKTOP-3F0SSFQ-a53b76b2" start="1636670782419" dump="1636670848502"/><sessioninfo id="DESKTOP-3F0SSFQ-477ba6d4" start="1636670944148" dump="1636670949805"/><sessioninfo id="DESKTOP-3F0SSFQ-29913545" start="1636670976230" dump="1636670981918"/><sessioninfo id="DESKTOP-3F0SSFQ-b06da4a6" start="1636671219658" dump="1636671225635"/><sessioninfo id="DESKTOP-3F0SSFQ-31de5d17" start="1637187632712" dump="1637187638269"/><sessioninfo id="DESKTOP-3F0SSFQ-440abb20" start="1637187693777" dump="1637187699111"/><sessioninfo id="DESKTOP-3F0SSFQ-7c3c109" start="1637187819409" dump="1637187824670"/><sessioninfo id="DESKTOP-3F0SSFQ-927e12ec" start="1637187969918" dump="1637187975273"/><sessioninfo id="DESKTOP-3F0SSFQ-71d9c2b9" start="1637195364679" dump="1637195370033"/><sessioninfo id="DESKTOP-3F0SSFQ-70ec37b8" start="1637195493474" dump="1637195498805"/><sessioninfo id="DESKTOP-3F0SSFQ-8aa451c1" start="1637195755310" dump="1637195760552"/><sessioninfo id="DESKTOP-3F0SSFQ-b1cfdea5" start="1637195917595" dump="1637195923107"/><sessioninfo id="DESKTOP-3F0SSFQ-5dd4ab3e" start="1637196997769" dump="1637197003433"/><sessioninfo id="DESKTOP-3F0SSFQ-b578aa9f" start="1637197115665" dump="1637197121143"/><sessioninfo id="DESKTOP-3F0SSFQ-a5baa2c2" start="1637200163979" dump="1637200169332"/><sessioninfo id="Jacobs-MacBook-Pro.local-92a64303" start="1637255476547" dump="1637255491018"/><sessioninfo id="Jacobs-MacBook-Pro.local-fb68a428" start="1637255679703" dump="1637255695159"/><sessioninfo id="Jacobs-MacBook-Pro.local-cc22e69f" start="1637255796985" dump="1637255804857"/><sessioninfo id="Jacobs-MacBook-Pro.local-4c3c3349" start="1637255835267" dump="1637255842105"/><sessioninfo id="Jacobs-MacBook-Pro.local-f0099b31" start="1637255915785" dump="1637255923105"/><sessioninfo id="Jacobs-MacBook-Pro.local-239eb404" start="1637255973434" dump="1637255980909"/><sessioninfo id="Jacobs-MacBook-Pro.local-10bb5abf" start="1637256111160" dump="1637256119477"/><sessioninfo id="Jacobs-MacBook-Pro.local-544e10c2" start="1637256170580" dump="1637256177572"/><sessioninfo id="Jacobs-MacBook-Pro.local-c68fcad7" start="1637256252416" dump="1637256260398"/><sessioninfo id="Jacobs-MacBook-Pro.local-caae17ab" start="1637256734581" dump="1637256742016"/><sessioninfo id="Jacobs-MacBook-Pro.local-ce89e13c" start="1637256793386" dump="1637256800760"/><sessioninfo id="Jacobs-MacBook-Pro.local-7ce4fbc" start="1637256878779" dump="1637256886572"/><sessioninfo id="Jacobs-MacBook-Pro.local-f54bcf94" start="1637257126773" dump="1637257134098"/><sessioninfo id="Jacobs-MacBook-Pro.local-c864d0df" start="1637257204035" dump="1637257212347"/><sessioninfo id="Jacobs-MacBook-Pro.local-91301d45" start="1637260896207" dump="1637260904709"/><sessioninfo id="Jacobs-MacBook-Pro.local-421de108" start="1637261084868" dump="1637261092870"/><sessioninfo id="Jacobs-MacBook-Pro.local-f731486b" start="1637261161631" dump="1637261168935"/><package name="com/jml/optimizers"><class name="com/jml/optimizers/StochasticGradientDescent" sourcefilename="StochasticGradientDescent.java"><method name="&lt;init&gt;" desc="(Lcom/jml/core/Model;)V" line="27"><counter type="INSTRUCTION" missed="6" covered="0"/><counter type="LINE" missed="3" covered="0"/><counter type="COMPLEXITY" missed="1" covered="0"/><counter type="METHOD" missed="1" covered="0"/></method><method name="&lt;init&gt;" desc="(Lcom/jml/core/Model;D)V" line="38"><counter type="INSTRUCTION" missed="0" covered="9"/><counter type="LINE" missed="0" covered="4"/><counter type="COMPLEXITY" missed="0" covered="1"/><counter type="METHOD" missed="0" covered="1"/></method><method name="&lt;init&gt;" desc="(Lcom/jml/core/Model;DI)V" line="51"><counter type="INSTRUCTION" missed="12" covered="0"/><counter type="LINE" missed="5" covered="0"/><counter type="COMPLEXITY" missed="1" covered="0"/><counter type="METHOD" missed="1" covered="0"/></method><method name="&lt;init&gt;" desc="(Lcom/jml/core/Model;DID)V" line="67"><counter type="INSTRUCTION" missed="0" covered="15"/><counter type="LINE" missed="0" covered="6"/><counter type="COMPLEXITY" missed="0" covered="1"/><counter type="METHOD" missed="0" covered="1"/></method><method name="getLossHist" desc="()Ljava/util/List;" line="82"><counter type="INSTRUCTION" missed="0" covered="3"/><counter type="LINE" missed="0" covered="1"/><counter type="COMPLEXITY" missed="0" covered="1"/><counter type="METHOD" missed="0" covered="1"/></method><method name="optimize" desc="(Lcom/jml/losses/Function;Llinalg/Matrix;Llinalg/Matrix;)Llinalg/Matrix;" line="96"><counter type="INSTRUCTION" missed="4" covered="89"/><counter type="BRANCH" missed="2" covered="4"/><counter type="LINE" missed="1" covered="11"/><counter type="COMPLEXITY" missed="2" covered="2"/><counter type="METHOD" missed="0" covered="1"/></method><counter type="INSTRUCTION" missed="22" covered="116"/><counter type="BRANCH" missed="2" covered="4"/><counter type="LINE" missed="9" covered="22"/><counter type="COMPLEXITY" missed="4" covered="5"/><counter type="METHOD" missed="2" covered="4"/><counter type="CLASS" missed="0" covered="1"/></class><class name="com/jml/optimizers/StepLearningRate" sourcefilename="StepLearningRate.java"><method name="&lt;init&gt;" desc="()V" line="21"><counter type="INSTRUCTION" missed="9" covered="0"/><counter type="LINE" missed="4" covered="0"/><counter type="COMPLEXITY" missed="1" covered="0"/><counter type="METHOD" missed="1" covered="0"/></method><method name="&lt;init&gt;" desc="(D)V" line="32"><counter type="INSTRUCTION" missed="0" covered="6"/><counter type="LINE" missed="0" covered="3"/><counter type="COMPLEXITY" missed="0" covered="1"/><counter type="METHOD" missed="0" covered="1"/></method><method name="&lt;init&gt;" desc="(DI)V" line="44"><counter type="INSTRUCTION" missed="0" covered="9"/><counter type="LINE" missed="0" covered="4"/><counter type="COMPLEXITY" missed="0" covered="1"/><counter type="METHOD" missed="0" covered="1"/></method><method name="apply" desc="(Lcom/jml/optimizers/Optimizer;)V" line="57"><counter type="INSTRUCTION" missed="0" covered="17"/><counter type="BRANCH" missed="1" covered="3"/><counter type="LINE" missed="0" covered="3"/><counter type="COMPLEXITY" missed="1" covered="2"/><counter type="METHOD" missed="0" covered="1"/></method><counter type="INSTRUCTION" missed="9" covered="32"/><counter type="BRANCH" missed="1" covered="3"/><counter type="LINE" missed="4" covered="10"/><counter type="COMPLEXITY" missed="2" covered="4"/><counter type="METHOD" missed="1" covered="3"/><counter type="CLASS" missed="0" covered="1"/></class><class name="com/jml/optimizers/Scheduler" sourcefilename="Scheduler.java"><method name="&lt;init&gt;" desc="()V" line="9"><counter type="INSTRUCTION" missed="0" covered="3"/><counter type="LINE" missed="0" covered="1"/><counter type="COMPLEXITY" missed="0" covered="1"/><counter type="METHOD" missed="0" covered="1"/></method><counter type="INSTRUCTION" missed="0" covered="3"/><counter type="LINE" missed="0" covered="1"/><counter type="COMPLEXITY" missed="0" covered="1"/><counter type="METHOD" missed="0" covered="1"/><counter type="CLASS" missed="0" covered="1"/></class><class name="com/jml/optimizers/Momentum" sourcefilename="Momentum.java"><method name="&lt;init&gt;" desc="()V" line="6"><counter type="INSTRUCTION" missed="3" covered="0"/><counter type="LINE" missed="1" covered="0"/><counter type="COMPLEXITY" missed="1" covered="0"/><counter type="METHOD" missed="1" covered="0"/></method><method name="optimize" desc="(Llinalg/Matrix;Llinalg/Matrix;Llinalg/Matrix;Lcom/jml/losses/Function;I)Llinalg/Matrix;" line="11"><counter type="INSTRUCTION" missed="2" covered="0"/><counter type="LINE" missed="1" covered="0"/><counter type="COMPLEXITY" missed="1" covered="0"/><counter type="METHOD" missed="1" covered="0"/></method><method name="optimize" desc="(Llinalg/Matrix;Llinalg/Matrix;Llinalg/Matrix;Lcom/jml/losses/Function;II)Llinalg/Matrix;" line="16"><counter type="INSTRUCTION" missed="2" covered="0"/><counter type="LINE" missed="1" covered="0"/><counter type="COMPLEXITY" missed="1" covered="0"/><counter type="METHOD" missed="1" covered="0"/></method><counter type="INSTRUCTION" missed="7" covered="0"/><counter type="LINE" missed="3" covered="0"/><counter type="COMPLEXITY" missed="3" covered="0"/><counter type="METHOD" missed="3" covered="0"/><counter type="CLASS" missed="1" covered="0"/></class><class name="com/jml/optimizers/Optimizer" sourcefilename="Optimizer.java"><method name="&lt;init&gt;" desc="()V" line="18"><counter type="INSTRUCTION" missed="0" covered="17"/><counter type="LINE" missed="0" covered="5"/><counter type="COMPLEXITY" missed="0" covered="1"/><counter type="METHOD" missed="0" covered="1"/></method><method name="setScheduler" desc="(Lcom/jml/optimizers/Scheduler;)V" line="52"><counter type="INSTRUCTION" missed="0" covered="4"/><counter type="LINE" missed="0" covered="2"/><counter type="COMPLEXITY" missed="0" covered="1"/><counter type="METHOD" missed="0" covered="1"/></method><counter type="INSTRUCTION" missed="0" covered="21"/><counter type="LINE" missed="0" covered="7"/><counter type="COMPLEXITY" missed="0" covered="2"/><counter type="METHOD" missed="0" covered="2"/><counter type="CLASS" missed="0" covered="1"/></class><sourcefile name="StepLearningRate.java"><line nr="21" mi="2" ci="0" mb="0" cb="0"/><line nr="22" mi="3" ci="0" mb="0" cb="0"/><line nr="23" mi="3" ci="0" mb="0" cb="0"/><line nr="24" mi="1" ci="0" mb="0" cb="0"/><line nr="32" mi="0" ci="2" mb="0" cb="0"/><line nr="33" mi="0" ci="3" mb="0" cb="0"/><line nr="34" mi="0" ci="1" mb="0" cb="0"/><line nr="44" mi="0" ci="2" mb="0" cb="0"/><line nr="45" mi="0" ci="3" mb="0" cb="0"/><line nr="46" mi="0" ci="3" mb="0" cb="0"/><line nr="47" mi="0" ci="1" mb="0" cb="0"/><line nr="57" mi="0" ci="9" mb="1" cb="3"/><line nr="58" mi="0" ci="7" mb="0" cb="0"/><line nr="60" mi="0" ci="1" mb="0" cb="0"/><counter type="INSTRUCTION" missed="9" covered="32"/><counter type="BRANCH" missed="1" covered="3"/><counter type="LINE" missed="4" covered="10"/><counter type="COMPLEXITY" missed="2" covered="4"/><counter type="METHOD" missed="1" covered="3"/><counter type="CLASS" missed="0" covered="1"/></sourcefile><sourcefile name="StochasticGradientDescent.java"><line nr="27" mi="2" ci="0" mb="0" cb="0"/><line nr="28" mi="3" ci="0" mb="0" cb="0"/><line nr="29" mi="1" ci="0" mb="0" cb="0"/><line nr="38" mi="0" ci="2" mb="0" cb="0"/><line nr="39" mi="0" ci="3" mb="0" cb="0"/><line nr="40" mi="0" ci="3" mb="0" cb="0"/><line nr="41" mi="0" ci="1" mb="0" cb="0"/><line nr="51" mi="2" ci="0" mb="0" cb="0"/><line nr="52" mi="3" ci="0" mb="0" cb="0"/><line nr="53" mi="3" ci="0" mb="0" cb="0"/><line nr="54" mi="3" ci="0" mb="0" cb="0"/><line nr="55" mi="1" ci="0" mb="0" cb="0"/><line nr="67" mi="0" ci="2" mb="0" cb="0"/><line nr="68" mi="0" ci="3" mb="0" cb="0"/><line nr="69" mi="0" ci="3" mb="0" cb="0"/><line nr="70" mi="0" ci="3" mb="0" cb="0"/><line nr="71" mi="0" ci="3" mb="0" cb="0"/><line nr="72" mi="0" ci="1" mb="0" cb="0"/><line nr="82" mi="0" ci="3" mb="0" cb="0"/><line nr="96" mi="0" ci="6" mb="0" cb="0"/><line nr="97" mi="0" ci="6" mb="0" cb="0"/><line nr="99" mi="0" ci="12" mb="0" cb="0"/><line nr="100" mi="0" ci="3" mb="0" cb="0"/><line nr="102" mi="0" ci="19" mb="1" cb="3"/><line nr="104" mi="0" ci="13" mb="0" cb="0"/><line nr="105" mi="0" ci="6" mb="0" cb="0"/><line nr="106" mi="0" ci="12" mb="0" cb="0"/><line nr="108" mi="0" ci="3" mb="1" cb="1"/><line nr="109" mi="4" ci="0" mb="0" cb="0"/><line nr="112" mi="0" ci="7" mb="0" cb="0"/><line nr="115" mi="0" ci="2" mb="0" cb="0"/><counter type="INSTRUCTION" missed="22" covered="116"/><counter type="BRANCH" missed="2" covered="4"/><counter type="LINE" missed="9" covered="22"/><counter type="COMPLEXITY" missed="4" covered="5"/><counter type="METHOD" missed="2" covered="4"/><counter type="CLASS" missed="0" covered="1"/></sourcefile><sourcefile name="Optimizer.java"><line nr="18" mi="0" ci="2" mb="0" cb="0"/><line nr="20" mi="0" ci="3" mb="0" cb="0"/><line nr="21" mi="0" ci="3" mb="0" cb="0"/><line nr="23" mi="0" ci="3" mb="0" cb="0"/><line nr="26" mi="0" ci="6" mb="0" cb="0"/><line nr="52" mi="0" ci="3" mb="0" cb="0"/><line nr="53" mi="0" ci="1" mb="0" cb="0"/><counter type="INSTRUCTION" missed="0" covered="21"/><counter type="LINE" missed="0" covered="7"/><counter type="COMPLEXITY" missed="0" covered="2"/><counter type="METHOD" missed="0" covered="2"/><counter type="CLASS" missed="0" covered="1"/></sourcefile><sourcefile name="Scheduler.java"><line nr="9" mi="0" ci="3" mb="0" cb="0"/><counter type="INSTRUCTION" missed="0" covered="3"/><counter type="LINE" missed="0" covered="1"/><counter type="COMPLEXITY" missed="0" covered="1"/><counter type="METHOD" missed="0" covered="1"/><counter type="CLASS" missed="0" covered="1"/></sourcefile><sourcefile name="Momentum.java"><line nr="6" mi="3" ci="0" mb="0" cb="0"/><line nr="11" mi="2" ci="0" mb="0" cb="0"/><line nr="16" mi="2" ci="0" mb="0" cb="0"/><counter type="INSTRUCTION" missed="7" covered="0"/><counter type="LINE" missed="3" covered="0"/><counter type="COMPLEXITY" missed="3" covered="0"/><counter type="METHOD" missed="3" covered="0"/><counter type="CLASS" missed="1" covered="0"/></sourcefile><counter type="INSTRUCTION" missed="38" covered="172"/><counter type="BRANCH" missed="3" covered="7"/><counter type="LINE" missed="16" covered="40"/><counter type="COMPLEXITY" missed="9" covered="12"/><counter type="METHOD" missed="6" covered="10"/><counter type="CLASS" missed="1" covered="4"/></package><package name="com/jml/linear_models"><class name="com/jml/linear_models/MultipleLinearRegression" sourcefilename="MultipleLinearRegression.java"><method name="&lt;init&gt;" desc="()V" line="21"><counter type="INSTRUCTION" missed="0" covered="18"/><counter type="LINE" missed="0" covered="4"/><counter type="COMPLEXITY" missed="0" covered="1"/><counter type="METHOD" missed="0" covered="1"/></method><method name="fit" desc="([[D[D)Lcom/jml/linear_models/MultipleLinearRegression;" line="45"><counter type="INSTRUCTION" missed="5" covered="54"/><counter type="BRANCH" missed="1" covered="1"/><counter type="LINE" missed="1" covered="13"/><counter type="COMPLEXITY" missed="1" covered="1"/><counter type="METHOD" missed="0" covered="1"/></method><method name="predict" desc="([[D)[D" line="80"><counter type="INSTRUCTION" missed="0" covered="27"/><counter type="BRANCH" missed="0" covered="2"/><counter type="LINE" missed="0" covered="4"/><counter type="COMPLEXITY" missed="0" covered="2"/><counter type="METHOD" missed="0" covered="1"/></method><method name="predict" desc="(Llinalg/Matrix;Llinalg/Matrix;)Llinalg/Matrix;" line="94"><counter type="INSTRUCTION" missed="0" covered="4"/><counter type="LINE" missed="0" covered="1"/><counter type="COMPLEXITY" missed="0" covered="1"/><counter type="METHOD" missed="0" covered="1"/></method><method name="getParams" desc="()Llinalg/Matrix;" line="103"><counter type="INSTRUCTION" missed="0" covered="3"/><counter type="LINE" missed="0" covered="1"/><counter type="COMPLEXITY" missed="0" covered="1"/><counter type="METHOD" missed="0" covered="1"/></method><method name="saveModel" desc="(Ljava/lang/String;)V" line="116"><counter type="INSTRUCTION" missed="0" covered="46"/><counter type="BRANCH" missed="0" covered="4"/><counter type="LINE" missed="0" covered="9"/><counter type="COMPLEXITY" missed="0" covered="3"/><counter type="METHOD" missed="0" covered="1"/></method><method name="buildDetails" desc="()V" line="135"><counter type="INSTRUCTION" missed="1" covered="72"/><counter type="BRANCH" missed="3" covered="7"/><counter type="LINE" missed="0" covered="11"/><counter type="COMPLEXITY" missed="3" covered="3"/><counter type="METHOD" missed="0" covered="1"/></method><method name="getDetails" desc="()Ljava/lang/String;" line="166"><counter type="INSTRUCTION" missed="0" covered="3"/><counter type="LINE" missed="0" covered="1"/><counter type="COMPLEXITY" missed="0" covered="1"/><counter type="METHOD" missed="0" covered="1"/></method><method name="toString" desc="()Ljava/lang/String;" line="177"><counter type="INSTRUCTION" missed="0" covered="4"/><counter type="LINE" missed="0" covered="1"/><counter type="COMPLEXITY" missed="0" covered="1"/><counter type="METHOD" missed="0" covered="1"/></method><method name="main" desc="([Ljava/lang/String;)V" line="182"><counter type="INSTRUCTION" missed="190" covered="0"/><counter type="LINE" missed="7" covered="0"/><counter type="COMPLEXITY" missed="1" covered="0"/><counter type="METHOD" missed="1" covered="0"/></method><counter type="INSTRUCTION" missed="196" covered="231"/><counter type="BRANCH" missed="4" covered="14"/><counter type="LINE" missed="8" covered="45"/><counter type="COMPLEXITY" missed="5" covered="14"/><counter type="METHOD" missed="1" covered="9"/><counter type="CLASS" missed="0" covered="1"/></class><class name="com/jml/linear_models/Block" sourcefilename="Block.java"><method name="&lt;init&gt;" desc="(Ljava/lang/String;Ljava/lang/String;)V" line="4"><counter type="INSTRUCTION" missed="0" covered="22"/><counter type="LINE" missed="0" covered="8"/><counter type="COMPLEXITY" missed="0" covered="1"/><counter type="METHOD" missed="0" covered="1"/></method><method name="buildBlock" desc="()V" line="18"><counter type="INSTRUCTION" missed="0" covered="39"/><counter type="LINE" missed="0" covered="8"/><counter type="COMPLEXITY" missed="0" covered="1"/><counter type="METHOD" missed="0" covered="1"/></method><method name="getBlock" desc="()Ljava/lang/String;" line="30"><counter type="INSTRUCTION" missed="0" covered="4"/><counter type="LINE" missed="0" covered="1"/><counter type="COMPLEXITY" missed="0" covered="1"/><counter type="METHOD" missed="0" covered="1"/></method><method name="buildFileContent" desc="([Lcom/jml/linear_models/Block;)Ljava/lang/String;" line="35"><counter type="INSTRUCTION" missed="0" covered="28"/><counter type="BRANCH" missed="0" covered="2"/><counter type="LINE" missed="0" covered="4"/><counter type="COMPLEXITY" missed="0" covered="2"/><counter type="METHOD" missed="0" covered="1"/></method><counter type="INSTRUCTION" missed="0" covered="93"/><counter type="BRANCH" missed="0" covered="2"/><counter type="LINE" missed="0" covered="21"/><counter type="COMPLEXITY" missed="0" covered="5"/><counter type="METHOD" missed="0" covered="4"/><counter type="CLASS" missed="0" covered="1"/></class><class name="com/jml/linear_models/Perceptron" sourcefilename="Perceptron.java"><method name="&lt;init&gt;" desc="()V" line="12"><counter type="INSTRUCTION" missed="3" covered="0"/><counter type="LINE" missed="1" covered="0"/><counter type="COMPLEXITY" missed="1" covered="0"/><counter type="METHOD" missed="1" covered="0"/></method><method name="fit" desc="([[D[[D)Lcom/jml/linear_models/Perceptron;" line="21"><counter type="INSTRUCTION" missed="2" covered="0"/><counter type="LINE" missed="1" covered="0"/><counter type="COMPLEXITY" missed="1" covered="0"/><counter type="METHOD" missed="1" covered="0"/></method><method name="predict" desc="([[D)[[D" line="31"><counter type="INSTRUCTION" missed="2" covered="0"/><counter type="LINE" missed="1" covered="0"/><counter type="COMPLEXITY" missed="1" covered="0"/><counter type="METHOD" missed="1" covered="0"/></method><method name="predict" desc="(Llinalg/Matrix;Llinalg/Matrix;)Llinalg/Matrix;" line="41"><counter type="INSTRUCTION" missed="2" covered="0"/><counter type="LINE" missed="1" covered="0"/><counter type="COMPLEXITY" missed="1" covered="0"/><counter type="METHOD" missed="1" covered="0"/></method><method name="getParams" desc="()Llinalg/Matrix;" line="49"><counter type="INSTRUCTION" missed="2" covered="0"/><counter type="LINE" missed="1" covered="0"/><counter type="COMPLEXITY" missed="1" covered="0"/><counter type="METHOD" missed="1" covered="0"/></method><method name="saveModel" desc="(Ljava/lang/String;)V" line="59"><counter type="INSTRUCTION" missed="1" covered="0"/><counter type="LINE" missed="1" covered="0"/><counter type="COMPLEXITY" missed="1" covered="0"/><counter type="METHOD" missed="1" covered="0"/></method><method name="getDetails" desc="()Ljava/lang/String;" line="67"><counter type="INSTRUCTION" missed="3" covered="0"/><counter type="LINE" missed="1" covered="0"/><counter type="COMPLEXITY" missed="1" covered="0"/><counter type="METHOD" missed="1" covered="0"/></method><method name="toString" desc="()Ljava/lang/String;" line="76"><counter type="INSTRUCTION" missed="2" covered="0"/><counter type="LINE" missed="1" covered="0"/><counter type="COMPLEXITY" missed="1" covered="0"/><counter type="METHOD" missed="1" covered="0"/></method><counter type="INSTRUCTION" missed="17" covered="0"/><counter type="LINE" missed="8" covered="0"/><counter type="COMPLEXITY" missed="8" covered="0"/><counter type="METHOD" missed="8" covered="0"/><counter type="CLASS" missed="1" covered="0"/></class><class name="com/jml/linear_models/LinearRegressionSGD" sourcefilename="LinearRegressionSGD.java"><method name="&lt;init&gt;" desc="()V" line="23"><counter type="INSTRUCTION" missed="0" covered="16"/><counter type="LINE" missed="0" covered="6"/><counter type="COMPLEXITY" missed="0" covered="1"/><counter type="METHOD" missed="0" covered="1"/></method><method name="&lt;init&gt;" desc="(DIDLcom/jml/optimizers/Scheduler;)V" line="23"><counter type="INSTRUCTION" missed="0" covered="30"/><counter type="LINE" missed="0" covered="11"/><counter type="COMPLEXITY" missed="0" covered="1"/><counter type="METHOD" missed="0" covered="1"/></method><method name="&lt;init&gt;" desc="(DID)V" line="23"><counter type="INSTRUCTION" missed="0" covered="27"/><counter type="LINE" missed="0" covered="10"/><counter type="COMPLEXITY" missed="0" covered="1"/><counter type="METHOD" missed="0" covered="1"/></method><method name="&lt;init&gt;" desc="(DI)V" line="23"><counter type="INSTRUCTION" missed="0" covered="24"/><counter type="LINE" missed="0" covered="9"/><counter type="COMPLEXITY" missed="0" covered="1"/><counter type="METHOD" missed="0" covered="1"/></method><method name="&lt;init&gt;" desc="(D)V" line="23"><counter type="INSTRUCTION" missed="0" covered="21"/><counter type="LINE" missed="0" covered="8"/><counter type="COMPLEXITY" missed="0" covered="1"/><counter type="METHOD" missed="0" covered="1"/></method><method name="&lt;init&gt;" desc="(I)V" line="23"><counter type="INSTRUCTION" missed="21" covered="0"/><counter type="LINE" missed="8" covered="0"/><counter type="COMPLEXITY" missed
[...]
arestNeighbors" sourcefilename="KNearestNeighbors.java"><method name="&lt;init&gt;" desc="()V" line="20"><counter type="INSTRUCTION" missed="0" covered="26"/><counter type="LINE" missed="0" covered="8"/><counter type="COMPLEXITY" missed="0" covered="1"/><counter type="METHOD" missed="0" covered="1"/></method><method name="&lt;init&gt;" desc="(I)V" line="20"><counter type="INSTRUCTION" missed="0" covered="26"/><counter type="LINE" missed="0" covered="8"/><counter type="COMPLEXITY" missed="0" covered="1"/><counter type="METHOD" missed="0" covered="1"/></method><method name="&lt;init&gt;" desc="(II)V" line="20"><counter type="INSTRUCTION" missed="0" covered="26"/><counter type="LINE" missed="0" covered="8"/><counter type="COMPLEXITY" missed="0" covered="1"/><counter type="METHOD" missed="0" covered="1"/></method><method name="fit" desc="([[D[I)Lcom/jml/core/Model;" line="83"><counter type="INSTRUCTION" missed="0" covered="30"/><counter type="BRANCH" missed="0" covered="2"/><counter type="LINE" missed="0" covered="7"/><counter type="COMPLEXITY" missed="0" covered="2"/><counter type="METHOD" missed="0" covered="1"/></method><method name="predict" desc="([[D)[I" line="106"><counter type="INSTRUCTION" missed="0" covered="98"/><counter type="BRANCH" missed="0" covered="6"/><counter type="LINE" missed="0" covered="14"/><counter type="COMPLEXITY" missed="0" covered="4"/><counter type="METHOD" missed="0" covered="1"/></method><method name="predict" desc="(Llinalg/Matrix;Llinalg/Matrix;)Llinalg/Matrix;" line="149"><counter type="INSTRUCTION" missed="8" covered="0"/><counter type="LINE" missed="1" covered="0"/><counter type="COMPLEXITY" missed="1" covered="0"/><counter type="METHOD" missed="1" covered="0"/></method><method name="getParams" desc="()Llinalg/Matrix;" line="162"><counter type="INSTRUCTION" missed="3" covered="0"/><counter type="LINE" missed="1" covered="0"/><counter type="COMPLEXITY" missed="1" covered="0"/><counter type="METHOD" missed="1" covered="0"/></method><method name="saveModel" desc="(Ljava/lang/String;)V" line="175"><counter type="INSTRUCTION" missed="0" covered="81"/><counter type="BRANCH" missed="0" covered="4"/><counter type="LINE" missed="0" covered="12"/><counter type="COMPLEXITY" missed="0" covered="3"/><counter type="METHOD" missed="0" covered="1"/></method><method name="buildDetails" desc="()V" line="197"><counter type="INSTRUCTION" missed="0" covered="19"/><counter type="BRANCH" missed="0" covered="2"/><counter type="LINE" missed="0" covered="3"/><counter type="COMPLEXITY" missed="0" covered="2"/><counter type="METHOD" missed="0" covered="1"/></method><method name="getDetails" desc="()Ljava/lang/String;" line="216"><counter type="INSTRUCTION" missed="0" covered="4"/><counter type="LINE" missed="0" covered="1"/><counter type="COMPLEXITY" missed="0" covered="1"/><counter type="METHOD" missed="0" covered="1"/></method><method name="toString" desc="()Ljava/lang/String;" line="227"><counter type="INSTRUCTION" missed="3" covered="0"/><counter type="LINE" missed="1" covered="0"/><counter type="COMPLEXITY" missed="1" covered="0"/><counter type="METHOD" missed="1" covered="0"/></method><counter type="INSTRUCTION" missed="14" covered="310"/><counter type="BRANCH" missed="0" covered="14"/><counter type="LINE" missed="3" covered="55"/><counter type="COMPLEXITY" missed="3" covered="15"/><counter type="METHOD" missed="3" covered="8"/><counter type="CLASS" missed="0" covered="1"/></class><class name="com/jml/clasifiers/LogisticRegression" sourcefilename="LogisticRegression.java"><method name="&lt;init&gt;" desc="()V" line="24"><counter type="INSTRUCTION" missed="0" covered="39"/><counter type="LINE" missed="0" covered="9"/><counter type="COMPLEXITY" missed="0" covered="1"/><counter type="METHOD" missed="0" covered="1"/></method><method name="&lt;init&gt;" desc="(DIDLcom/jml/optimizers/Scheduler;)V" line="24"><counter type="INSTRUCTION" missed="53" covered="0"/><counter type="LINE" missed="14" covered="0"/><counter type="COMPLEXITY" missed="1" covered="0"/><counter type="METHOD" missed="1" covered="0"/></method><method name="&lt;init&gt;" desc="(DID)V" line="24"><counter type="INSTRUCTION" missed="45" covered="0"/><counter type="LINE" missed="12" covered="0"/><counter type="COMPLEXITY" missed="1" covered="0"/><counter type="METHOD" missed="1" covered="0"/></method><method name="&lt;init&gt;" desc="(DI)V" line="24"><counter type="INSTRUCTION" missed="43" covered="0"/><counter type="LINE" missed="11" covered="0"/><counter type="COMPLEXITY" missed="1" covered="0"/><counter type="METHOD" missed="1" covered="0"/></method><method name="&lt;init&gt;" desc="(D)V" line="24"><counter type="INSTRUCTION" missed="41" covered="0"/><counter type="LINE" missed="10" covered="0"/><counter type="COMPLEXITY" missed="1" covered="0"/><counter type="METHOD" missed="1" covered="0"/></method><method name="fit" desc="([[D[D)Lcom/jml/core/Model;" line="135"><counter type="INSTRUCTION" missed="38" covered="0"/><counter type="LINE" missed="7" covered="0"/><counter type="COMPLEXITY" missed="1" covered="0"/><counter type="METHOD" missed="1" covered="0"/></method><method name="predict" desc="([[D)[D" line="158"><counter type="INSTRUCTION" missed="58" covered="0"/><counter type="BRANCH" missed="4" covered="0"/><counter type="LINE" missed="7" covered="0"/><counter type="COMPLEXITY" missed="3" covered="0"/><counter type="METHOD" missed="1" covered="0"/></method><method name="predict" desc="(Llinalg/Matrix;Llinalg/Matrix;)Llinalg/Matrix;" line="186"><counter type="INSTRUCTION" missed="35" covered="0"/><counter type="BRANCH" missed="2" covered="0"/><counter type="LINE" missed="4" covered="0"/><counter type="COMPLEXITY" missed="2" covered="0"/><counter type="METHOD" missed="1" covered="0"/></method><method name="getParams" desc="()Llinalg/Matrix;" line="204"><counter type="INSTRUCTION" missed="11" covered="0"/><counter type="BRANCH" missed="2" covered="0"/><counter type="LINE" missed="3" covered="0"/><counter type="COMPLEXITY" missed="2" covered="0"/><counter type="METHOD" missed="1" covered="0"/></method><method name="getLossHist" desc="()[D" line="218"><counter type="INSTRUCTION" missed="16" covered="0"/><counter type="BRANCH" missed="2" covered="0"/><counter type="LINE" missed="3" covered="0"/><counter type="COMPLEXITY" missed="2" covered="0"/><counter type="METHOD" missed="1" covered="0"/></method><method name="saveModel" desc="(Ljava/lang/String;)V" line="235"><counter type="INSTRUCTION" missed="46" covered="0"/><counter type="BRANCH" missed="4" covered="0"/><counter type="LINE" missed="9" covered="0"/><counter type="COMPLEXITY" missed="3" covered="0"/><counter type="METHOD" missed="1" covered="0"/></method><method name="buildDetails" desc="()V" line="253"><counter type="INSTRUCTION" missed="1" covered="77"/><counter type="BRANCH" missed="3" covered="7"/><counter type="LINE" missed="0" covered="12"/><counter type="COMPLEXITY" missed="3" covered="3"/><counter type="METHOD" missed="0" covered="1"/></method><method name="getDetails" desc="()Ljava/lang/String;" line="286"><counter type="INSTRUCTION" missed="0" covered="4"/><counter type="LINE" missed="0" covered="1"/><counter type="COMPLEXITY" missed="0" covered="1"/><counter type="METHOD" missed="0" covered="1"/></method><method name="toString" desc="()Ljava/lang/String;" line="297"><counter type="INSTRUCTION" missed="3" covered="0"/><counter type="LINE" missed="1" covered="0"/><counter type="COMPLEXITY" missed="1" covered="0"/><counter type="METHOD" missed="1" covered="0"/></method><method name="main" desc="([Ljava/lang/String;)V" line="302"><counter type="INSTRUCTION" missed="170" covered="0"/><counter type="LINE" missed="12" covered="0"/><counter type="COMPLEXITY" missed="1" covered="0"/><counter type="METHOD" missed="1" covered="0"/></method><counter type="INSTRUCTION" missed="560" covered="120"/><counter type="BRANCH" missed="17" covered="7"/><counter type="LINE" missed="69" covered="22"/><counter type="COMPLEXITY" missed="22" covered="5"/><counter type="METHOD" missed="12" covered="3"/><counter type="CLASS" missed="0" covered="1"/></class><class name="com/jml/clasifiers/KDTree$PointNode" sourcefilename="KDTree.java"><method name="&lt;init&gt;" desc="(Lcom/jml/clasifiers/KDTree;[D)V" line="122"><counter type="INSTRUCTION" missed="23" covered="0"/><counter type="BRANCH" missed="2" covered="0"/><counter type="LINE" missed="5" covered="0"/><counter type="COMPLEXITY" missed="2" covered="0"/><counter type="METHOD" missed="1" covered="0"/></method><method name="get" desc="()[D" line="137"><counter type="INSTRUCTION" missed="3" covered="0"/><counter type="LINE" missed="1" covered="0"/><counter type="COMPLEXITY" missed="1" covered="0"/><counter type="METHOD" missed="1" covered="0"/></method><method name="getValue" desc="(I)D" line="148"><counter type="INSTRUCTION" missed="5" covered="0"/><counter type="LINE" missed="1" covered="0"/><counter type="COMPLEXITY" missed="1" covered="0"/><counter type="METHOD" missed="1" covered="0"/></method><counter type="INSTRUCTION" missed="31" covered="0"/><counter type="BRANCH" missed="2" covered="0"/><counter type="LINE" missed="7" covered="0"/><counter type="COMPLEXITY" missed="4" covered="0"/><counter type="METHOD" missed="3" covered="0"/><counter type="CLASS" missed="1" covered="0"/></class><sourcefile name="ClassifierTags.java"><line nr="3" mi="0" ci="3" mb="0" cb="0"/><line nr="4" mi="0" ci="30" mb="0" cb="0"/><counter type="INSTRUCTION" missed="0" covered="33"/><counter type="LINE" missed="0" covered="2"/><counter type="COMPLEXITY" missed="0" covered="1"/><counter type="METHOD" missed="0" covered="1"/><counter type="CLASS" missed="0" covered="1"/></sourcefile><sourcefile name="KDTree.java"><line nr="22" mi="2" ci="0" mb="0" cb="0"/><line nr="23" mi="3" ci="0" mb="0" cb="0"/><line nr="24" mi="1" ci="0" mb="0" cb="0"/><line nr="33" mi="5" ci="0" mb="2" cb="0"/><line nr="34" mi="9" ci="0" mb="0" cb="0"/><line nr="38" mi="3" ci="0" mb="2" cb="0"/><line nr="39" mi="8" ci="0" mb="0" cb="0"/><line nr="41" mi="3" ci="0" mb="0" cb="0"/><line nr="42" mi="2" ci="0" mb="0" cb="0"/><line nr="45" mi="2" ci="0" mb="2" cb="0"/><line nr="46" mi="5" ci="0" mb="0" cb="0"/><line nr="48" mi="8" ci="0" mb="2" cb="0"/><line nr="49" mi="3" ci="0" mb="2" cb="0"/><line nr="50" mi="7" ci="0" mb="0" cb="0"/><line nr="51" mi="1" ci="0" mb="0" cb="0"/><line nr="53" mi="4" ci="0" mb="0" cb="0"/><line nr="56" mi="3" ci="0" mb="2" cb="0"/><line nr="57" mi="7" ci="0" mb="0" cb="0"/><line nr="58" mi="1" ci="0" mb="0" cb="0"/><line nr="60" mi="3" ci="0" mb="0" cb="0"/><line nr="64" mi="2" ci="0" mb="0" cb="0"/><line nr="67" mi="1" ci="0" mb="0" cb="0"/><line nr="78" mi="2" ci="0" mb="0" cb="0"/><line nr="87" mi="4" ci="0" mb="0" cb="0"/><line nr="88" mi="6" ci="0" mb="0" cb="0"/><line nr="100" mi="2" ci="0" mb="2" cb="0"/><line nr="101" mi="6" ci="0" mb="0" cb="0"/><line nr="102" mi="5" ci="0" mb="0" cb="0"/><line nr="103" mi="6" ci="0" mb="0" cb="0"/><line nr="106" mi="2" ci="0" mb="0" cb="0"/><line nr="122" mi="5" ci="0" mb="0" cb="0"/><line nr="123" mi="5" ci="0" mb="2" cb="0"/><line nr="124" mi="9" ci="0" mb="0" cb="0"/><line nr="128" mi="3" ci="0" mb="0" cb="0"/><line nr="129" mi="1" ci="0" mb="0" cb="0"/><line nr="137" mi="3" ci="0" mb="0" cb="0"/><line nr="148" mi="5" ci="0" mb="0" cb="0"/><line nr="154" mi="81" ci="0" mb="0" cb="0"/><line nr="161" mi="5" ci="0" mb="0" cb="0"/><line nr="163" mi="16" ci="0" mb="2" cb="0"/><line nr="164" mi="3" ci="0" mb="0" cb="0"/><line nr="167" mi="3" ci="0" mb="0" cb="0"/><line nr="169" mi="10" ci="0" mb="2" cb="0"/><line nr="170" mi="16" ci="0" mb="2" cb="0"/><line nr="171" mi="4" ci="0" mb="0" cb="0"/><line nr="174" mi="2" ci="0" mb="0" cb="0"/><line nr="175" mi="1" ci="0" mb="0" cb="0"/><line nr="176" mi="1" ci="0" mb="0" cb="0"/><counter type="INSTRUCTION" missed="289" covered="0"/><counter type="BRANCH" missed="22" covered="0"/><counter type="LINE" missed="48" covered="0"/><counter type="COMPLEXITY" missed="20" covered="0"/><counter type="METHOD" missed="9" covered="0"/><counter type="CLASS" missed="2" covered="0"/></sourcefile><sourcefile name="KNearestNeighbors.java"><line nr="20" mi="0" ci="12" mb="0" cb="0"/><line nr="24" mi="0" ci="9" mb="0" cb="0"/><line nr="27" mi="0" ci="24" mb="0" cb="0"/><line nr="40" mi="0" ci="2" mb="0" cb="0"/><line nr="41" mi="0" ci="3" mb="0" cb="0"/><line nr="42" mi="0" ci="3" mb="0" cb="0"/><line nr="43" mi="0" ci="2" mb="0" cb="0"/><line nr="44" mi="0" ci="1" mb="0" cb="0"/><line nr="51" mi="0" ci="2" mb="0" cb="0"/><line nr="52" mi="0" ci="3" mb="0" cb="0"/><line nr="53" mi="0" ci="3" mb="0" cb="0"/><line nr="54" mi="0" ci="2" mb="0" cb="0"/><line nr="55" mi="0" ci="1" mb="0" cb="0"/><line nr="64" mi="0" ci="2" mb="0" cb="0"/><line nr="65" mi="0" ci="3" mb="0" cb="0"/><line nr="66" mi="0" ci="3" mb="0" cb="0"/><line nr="67" mi="0" ci="2" mb="0" cb="0"/><line nr="68" mi="0" ci="1" mb="0" cb="0"/><line nr="83" mi="0" ci="5" mb="0" cb="2"/><line nr="84" mi="0" ci="5" mb="0" cb="0"/><line nr="87" mi="0" ci="6" mb="0" cb="0"/><line nr="88" mi="0" ci="7" mb="0" cb="0"/><line nr="89" mi="0" ci="3" mb="0" cb="0"/><line nr="90" mi="0" ci="2" mb="0" cb="0"/><line nr="92" mi="0" ci="2" mb="0" cb="0"/><line nr="106" mi="0" ci="7" mb="0" cb="0"/><line nr="107" mi="0" ci="4" mb="0" cb="0"/><line nr="111" mi="0" ci="5" mb="0" cb="0"/><line nr="115" mi="0" ci="8" mb="0" cb="2"/><line nr="116" mi="0" ci="8" mb="0" cb="0"/><line nr="117" mi="0" ci="5" mb="0" cb="0"/><line nr="119" mi="0" ci="9" mb="0" cb="2"/><line nr="120" mi="0" ci="13" mb="0" cb="0"/><line nr="123" mi="0" ci="7" mb="0" cb="0"/><line nr="124" mi="0" ci="4" mb="0" cb="0"/><line nr="126" mi="0" ci="8" mb="0" cb="2"/><line nr="127" mi="0" ci="12" mb="0" cb="0"/><line nr="130" mi="0" ci="6" mb="0" cb="0"/><line nr="133" mi="0" ci="2" mb="0" cb="0"/><line nr="149" mi="8" ci="0" mb="0" cb="0"/><line nr="162" mi="3" ci="0" mb="0" cb="0"/><line nr="175" mi="0" ci="3" mb="0" cb="2"/><line nr="176" mi="0" ci="5" mb="0" cb="0"/><line nr="178" mi="0" ci="4" mb="0" cb="2"/><line nr="179" mi="0" ci="5" mb="0" cb="0"/><line nr="182" mi="0" ci="3" mb="0" cb="0"/><line nr="185" mi="0" ci="10" mb="0" cb="0"/><line nr="186" mi="0" ci="11" mb="0" cb="0"/><line nr="187" mi="0" ci="11" mb="0" cb="0"/><line nr="188" mi="0" ci="12" mb="0" cb="0"/><line nr="189" mi="0" ci="12" mb="0" cb="0"/><line nr="191" mi="0" ci="4" mb="0" cb="0"/><line nr="192" mi="0" ci="1" mb="0" cb="0"/><line nr="197" mi="0" ci="5" mb="0" cb="0"/><line nr="201" mi="0" ci="13" mb="0" cb="2"/><line nr="205" mi="0" ci="1" mb="0" cb="0"/><line nr="216" mi="0" ci="4" mb="0" cb="0"/><line nr="227" mi="3" ci="0" mb="0" cb="0"/><counter type="INSTRUCTION" missed="14" covered="310"/><counter type="BRANCH" missed="0" covered="14"/><counter type="LINE" missed="3" covered="55"/><counter type="COMPLEXITY" missed="3" covered="15"/><counter type="METHOD" missed="3" covered="8"/><counter type="CLASS" missed="0" covered="1"/></sourcefile><sourcefile name="LogisticRegression.java"><line nr="24" mi="12" ci="3" mb="0" cb="0"/><line nr="26" mi="16" ci="4" mb="0" cb="0"/><line nr="31" mi="12" ci="3" mb="0" cb="0"/><line nr="32" mi="12" ci="3" mb="0" cb="0"/><line nr="33" mi="12" ci="3" mb="0" cb="0"/><line nr="38" mi="32" ci="8" mb="0" cb="0"/><line nr="51" mi="0" ci="2" mb="0" cb="0"/><line nr="52" mi="0" ci="12" mb="0" cb="0"/><line nr="53" mi="0" ci="1" mb="0" cb="0"/><line nr="67" mi="2" ci="0" mb="0" cb="0"/><line nr="68" mi="3" ci="0" mb="0" cb="0"/><line nr="69" mi="3" ci="0" mb="0" cb="0"/><line nr="70" mi="3" ci="0" mb="0" cb="0"/><line nr="71" mi="3" ci="0" mb="0" cb="0"/><line nr="72" mi="9" ci="0" mb="0" cb="0"/><line nr="73" mi="5" ci="0" mb="0" cb="0"/><line nr="74" mi="1" ci="0" mb="0" cb="0"/><line nr="87" mi="2" ci="0" mb="0" cb="0"/><line nr="88" mi="3" ci="0" mb="0" cb="0"/><line nr="89" mi="3" ci="0" mb="0" cb="0"/><line nr="90" mi="3" ci="0" mb="0" cb="0"/><line nr="91" mi="9" ci="0" mb="0" cb="0"/><line nr="92" mi="1" ci="0" mb="0" cb="0"/><line nr="103" mi="2" ci="0" mb="0" cb="0"/><line nr="104" mi="3" ci="0" mb="0" cb="0"/><line nr="105" mi="3" ci="0" mb="0" cb="0"/><line nr="106" mi="10" ci="0" mb="0" cb="0"/><line nr="107" mi="1" ci="0" mb="0" cb="0"/><line nr="117" mi="2" ci="0" mb="0" cb="0"/><line nr="118" mi="3" ci="0" mb="0" cb="0"/><line nr="119" mi="11" ci="0" mb="0" cb="0"/><line nr="120" mi="1" ci="0" mb="0" cb="0"/><line nr="135" mi="10" ci="0" mb="0" cb="0"/><line nr="136" mi="5" ci="0" mb="0" cb="0"/><line nr="138" mi="8" ci="0" mb="0" cb="0"/><line nr="139" mi="8" ci="0" mb="0" cb="0"/><line nr="141" mi="3" ci="0" mb="0" cb="0"/><line nr="142" mi="2" ci="0" mb="0" cb="0"/><line nr="144" mi="2" ci="0" mb="0" cb="0"/><line nr="158" mi="3" ci="0" mb="2" cb="0"/><line nr="159" mi="5" ci="0" mb="0" cb="0"/><line nr="162" mi="6" ci="0" mb="0" cb="0"/><line nr="163" mi="10" ci="0" mb="0" cb="0"/><line nr="165" mi="8" ci="0" mb="2" cb="0"/><line nr="166" mi="20" ci="0" mb="0" cb="0"/><line nr="170" mi="6" ci="0" mb="0" cb="0"/><line nr="186" mi="6" ci="0" mb="0" cb="0"/><line nr="188" mi="8" ci="0" mb="2" cb="0"/><line nr="189" mi="19" ci="0" mb="0" cb="0"/><line nr="193" mi="2" ci="0" mb="0" cb="0"/><line nr="204" mi="3" ci="0" mb="2" cb="0"/><line nr="205" mi="5" ci="0" mb="0" cb="0"/><line nr="208" mi="3" ci="0" mb="0" cb="0"/><line nr="218" mi="3" ci="0" mb="2" cb="0"/><line nr="219" mi="5" ci="0" mb="0" cb="0"/><line nr="222" mi="8" ci="0" mb="0" cb="0"/><line nr="235" mi="3" ci="0" mb="2" cb="0"/><line nr="236" mi="5" ci="0" mb="0" cb="0"/><line nr="238" mi="4" ci="0" mb="2" cb="0"/><line nr="239" mi="5" ci="0" mb="0" cb="0"/><line nr="242" mi="3" ci="0" mb="0" cb="0"/><line nr="245" mi="10" ci="0" mb="0" cb="0"/><line nr="246" mi="11" ci="0" mb="0" cb="0"/><line nr="248" mi="4" ci="0" mb="0" cb="0"/><line nr="249" mi="1" ci="0" mb="0" cb="0"/><line nr="253" mi="0" ci="5" mb="0" cb="0"/><line nr="257" mi="1" ci="8" mb="1" cb="1"/><line nr="260" mi="0" ci="6" mb="2" cb="2"/><line nr="261" mi="0" ci="5" mb="0" cb="0"/><line nr="262" mi="0" ci="7" mb="0" cb="0"/><line nr="263" mi="0" ci="9" mb="0" cb="0"/><line nr="265" mi="0" ci="9" mb="0" cb="2"/><line nr="266" mi="0" ci="10" mb="0" cb="0"/><line nr="268" mi="0" ci="7" mb="0" cb="2"/><line nr="269" mi="0" ci="5" mb="0" cb="0"/><line nr="273" mi="0" ci="5" mb="0" cb="0"/><line nr="275" mi="0" ci="1" mb="0" cb="0"/><line nr="286" mi="0" ci="4" mb="0" cb="0"/><line nr="297" mi="3" ci="0" mb="0" cb="0"/><line nr="302" mi="66" ci="0" mb="0" cb="0"/><line nr="303" mi="31" ci="0" mb="0" cb="0"/><line nr="305" mi="30" ci="0" mb="0" cb="0"/><line nr="307" mi="6" ci="0" mb="0" cb="0"/><line nr="308" mi="5" ci="0" mb="0" cb="0"/><line nr="310" mi="5" ci="0" mb="0" cb="0"/><line nr="311" mi="7" ci="0" mb="0" cb="0"/><line nr="312" mi="3" ci="0" mb="0" cb="0"/><line nr="314" mi="3" ci="0" mb="0" cb="0"/><line nr="315" mi="5" ci="0" mb="0" cb="0"/><line nr="316" mi="8" ci="0" mb="0" cb="0"/><line nr="317" mi="1" ci="0" mb="0" cb="0"/><counter type="INSTRUCTION" missed="560" covered="120"/><counter type="BRANCH" missed="17" covered="7"/><counter type="LINE" missed="69" covered="22"/><counter type="COMPLEXITY" missed="22" covered="5"/><counter type="METHOD" missed="12" covered="3"/><counter type="CLASS" missed="0" covered="1"/></sourcefile><counter type="INSTRUCTION" missed="863" covered="463"/><counter type="BRANCH" missed="39" covered="21"/><counter type="LINE" missed="120" covered="79"/><counter type="COMPLEXITY" missed="45" covered="21"/><counter type="METHOD" missed="24" covered="12"/><counter type="CLASS" missed="2" covered="3"/></package><counter type="INSTRUCTION" missed="3580" covered="5108"/><counter type="BRANCH" missed="216" covered="330"/><counter type="LINE" missed="565" covered="1017"/><counter type="COMPLEXITY" missed="270" covered="302"/><counter type="METHOD" missed="133" covered="166"/><counter type="CLASS" missed="13" covered="39"/></report>