<?xml version="1.0" encoding="UTF-8"?>
<testsuite xmlns:xsi="http://www.w3.org/2001/XMLSchema-instance" xsi:noNamespaceSchemaLocation="https://maven.apache.org/surefire/maven-surefire-plugin/xsd/surefire-test-report-3.0.xsd" version="3.0" name="PolynomialRegressionTest" time="0.098" tests="2" errors="0" skipped="0" failures="0">
  <properties>
[...]
</properties>
  <testcase name="degreeOneTestCase" classname="PolynomialRegressionTest" time="0.069">
    <system-out><![CDATA[V:
[ [ 1  1.49  ]
  [ 1  3.03  ]
  [ 1  0.57  ]
  [ 1  5.74  ]
  [ 1  3.51  ]
  [ 1  3.73  ]
  [ 1  2.98  ]
  [ 1  -0.18 ]
  [ 1  6.23  ]
  [ 1  3.38  ]
   ...
  [ 1  -0.41 ] ]

VT:
[ [  1     1     1     1     1     1     1      1     1     1    ...    1   ]
  [ 1.49  3.03  0.57  5.74  3.51  3.73  2.98  -0.18  6.23  3.38  ...  -0.41 ] ]

A:
[ [         15          40.720000000000006 ]
  [ 40.720000000000006  160.80299999999997 ] ]

]]></system-out>
  </testcase>
  <testcase name="degreeTwoTestCase" classname="PolynomialRegressionTest" time="0.008">
    <system-out><![CDATA[V:
[ [ 1  1.49         2.2201        ]
  [ 1  3.03         9.1809        ]
  [ 1  0.57   0.32489999999999997 ]
  [ 1  5.74         32.9476       ]
  [ 1  3.51   12.320099999999998  ]
  [ 1  3.73         13.9129       ]
  [ 1  2.98         8.8804        ]
  [ 1  -0.18        0.0324        ]
  [ 1  6.23   38.812900000000006  ]
  [ 1  3.38   11.424399999999999  ]
   ...
  [ 1  -0.41  0.16809999999999997 ] ]

VT:
[ [   1       1              1              1             1              1       1       1             1                   1           ...           1          ]
  [  1.49    3.03          0.57           5.74           3.51          3.73     2.98   -0.18          6.23                3.38         ...         -0.41        ]
  [ 2.2201  9.1809  0.32489999999999997  32.9476  12.320099999999998  13.9129  8.8804  0.0324  38.812900000000006  11.424399999999999  ...  0.16809999999999997 ] ]

A:
[ [         15          40.720000000000006  160.80299999999997 ]
  [ 40.720000000000006  160.80299999999997  717.3438939999999  ]
  [ 160.80299999999997  717.3438939999999   3552.6517813800006 ] ]

]]></system-out>
  </testcase>
</testsuite>